/home/users/nus/jun_lu/.conda/envs/GEARS/lib/python3.11/site-packages/scanpy/_utils/__init__.py:27: FutureWarning: `__version__` is deprecated, use `importlib.metadata.version('anndata')` instead.
  from anndata import __version__ as anndata_version
/home/users/nus/jun_lu/.conda/envs/GEARS/lib/python3.11/site-packages/anndata/__init__.py:70: FutureWarning: Importing read_csv from `anndata` is deprecated. Import anndata.io.read_csv instead.
  return module_get_attr_redirect(attr_name, deprecated_mapping=_DEPRECATED)
/home/users/nus/jun_lu/.conda/envs/GEARS/lib/python3.11/site-packages/anndata/__init__.py:70: FutureWarning: Importing read_excel from `anndata` is deprecated. Import anndata.io.read_excel instead.
  return module_get_attr_redirect(attr_name, deprecated_mapping=_DEPRECATED)
/home/users/nus/jun_lu/.conda/envs/GEARS/lib/python3.11/site-packages/anndata/__init__.py:70: FutureWarning: Importing read_hdf from `anndata` is deprecated. Import anndata.io.read_hdf instead.
  return module_get_attr_redirect(attr_name, deprecated_mapping=_DEPRECATED)
/home/users/nus/jun_lu/.conda/envs/GEARS/lib/python3.11/site-packages/anndata/__init__.py:70: FutureWarning: Importing read_loom from `anndata` is deprecated. Import anndata.io.read_loom instead.
  return module_get_attr_redirect(attr_name, deprecated_mapping=_DEPRECATED)
/home/users/nus/jun_lu/.conda/envs/GEARS/lib/python3.11/site-packages/anndata/__init__.py:70: FutureWarning: Importing read_mtx from `anndata` is deprecated. Import anndata.io.read_mtx instead.
  return module_get_attr_redirect(attr_name, deprecated_mapping=_DEPRECATED)
/home/users/nus/jun_lu/.conda/envs/GEARS/lib/python3.11/site-packages/anndata/__init__.py:70: FutureWarning: Importing read_text from `anndata` is deprecated. Import anndata.io.read_text instead.
  return module_get_attr_redirect(attr_name, deprecated_mapping=_DEPRECATED)
/home/users/nus/jun_lu/.conda/envs/GEARS/lib/python3.11/site-packages/anndata/__init__.py:70: FutureWarning: Importing read_umi_tools from `anndata` is deprecated. Import anndata.io.read_umi_tools instead.
  return module_get_attr_redirect(attr_name, deprecated_mapping=_DEPRECATED)
Found local copy...
Found local copy...
Found local copy...
These perturbations are not in the GO graph and their perturbation can thus not be predicted
['RHOXF2BB+ctrl' 'LYL1+IER5L' 'ctrl+IER5L' 'KIAA1804+ctrl' 'IER5L+ctrl'
 'RHOXF2BB+ZBTB25' 'RHOXF2BB+SET']
Local copy of pyg dataset is detected. Loading...
Done!
Local copy of split is detected. Loading...
Simulation split test composition:
combo_seen0:9
combo_seen1:43
combo_seen2:19
unseen_single:36
Done!
Creating dataloaders....
Done!
[I 2026-03-08 10:51:33,702] A new study created in memory with name: hyperparameters
Found local copy...
Start Training...
Epoch 1 Step 1 Train Loss: 0.5505
Epoch 1 Step 51 Train Loss: 0.5111
Epoch 1 Step 101 Train Loss: 0.4967
Epoch 1 Step 151 Train Loss: 0.5607
Epoch 1 Step 201 Train Loss: 0.3813
Epoch 1 Step 251 Train Loss: 0.5766
Epoch 1 Step 301 Train Loss: 0.5172
Epoch 1 Step 351 Train Loss: 0.5044
Epoch 1 Step 401 Train Loss: 0.5470
Epoch 1 Step 451 Train Loss: 0.5180
Epoch 1 Step 501 Train Loss: 0.4688
Epoch 1 Step 551 Train Loss: 0.5139
Epoch 1 Step 601 Train Loss: 0.5165
Epoch 1 Step 651 Train Loss: 0.4671
Epoch 1 Step 701 Train Loss: 0.4650
Epoch 1 Step 751 Train Loss: 0.5013
Epoch 1 Step 801 Train Loss: 0.3342
Epoch 1 Step 851 Train Loss: 0.5272
Epoch 1 Step 901 Train Loss: 0.4358
Epoch 1 Step 951 Train Loss: 0.5757
Epoch 1 Step 1001 Train Loss: 0.5958
Epoch 1 Step 1051 Train Loss: 0.4590
Epoch 1 Step 1101 Train Loss: 0.4178
Epoch 1 Step 1151 Train Loss: 0.4074
Epoch 1 Step 1201 Train Loss: 0.5510
Epoch 1 Step 1251 Train Loss: 0.4197
Epoch 1 Step 1301 Train Loss: 0.4900
Epoch 1 Step 1351 Train Loss: 0.4151
Epoch 1 Step 1401 Train Loss: 0.4961
Epoch 1 Step 1451 Train Loss: 0.4417
Epoch 1 Step 1501 Train Loss: 0.5152
Epoch 1 Step 1551 Train Loss: 0.5024
Epoch 1: Train Overall MSE: 0.0049 Validation Overall MSE: 0.0052. 
Train Top 20 DE MSE: 0.3547 Validation Top 20 DE MSE: 0.4464. 
Epoch 2 Step 1 Train Loss: 0.4525
Epoch 2 Step 51 Train Loss: 0.4784
Epoch 2 Step 101 Train Loss: 0.3438
Epoch 2 Step 151 Train Loss: 0.4774
Epoch 2 Step 201 Train Loss: 0.5201
Epoch 2 Step 251 Train Loss: 0.5470
Epoch 2 Step 301 Train Loss: 0.4504
Epoch 2 Step 351 Train Loss: 0.4757
Epoch 2 Step 401 Train Loss: 0.4135
Epoch 2 Step 451 Train Loss: 0.5606
Epoch 2 Step 501 Train Loss: 0.4014
Epoch 2 Step 551 Train Loss: 0.6017
Epoch 2 Step 601 Train Loss: 0.5196
Epoch 2 Step 651 Train Loss: 0.4954
Epoch 2 Step 701 Train Loss: 0.4974
Epoch 2 Step 751 Train Loss: 0.5107
Epoch 2 Step 801 Train Loss: 0.4355
Epoch 2 Step 851 Train Loss: 0.4561
Epoch 2 Step 901 Train Loss: 0.4871
Epoch 2 Step 951 Train Loss: 0.5361
Epoch 2 Step 1001 Train Loss: 0.4385
Epoch 2 Step 1051 Train Loss: 0.4791
Epoch 2 Step 1101 Train Loss: 0.4476
Epoch 2 Step 1151 Train Loss: 0.5625
Epoch 2 Step 1201 Train Loss: 0.4841
Epoch 2 Step 1251 Train Loss: 0.5044
Epoch 2 Step 1301 Train Loss: 0.5258
Epoch 2 Step 1351 Train Loss: 0.4461
Epoch 2 Step 1401 Train Loss: 0.4377
Epoch 2 Step 1451 Train Loss: 0.4500
Epoch 2 Step 1501 Train Loss: 0.4079
Epoch 2 Step 1551 Train Loss: 0.4285
Epoch 2: Train Overall MSE: 0.0046 Validation Overall MSE: 0.0051. 
Train Top 20 DE MSE: 0.3294 Validation Top 20 DE MSE: 0.4282. 
Epoch 3 Step 1 Train Loss: 0.4741
Epoch 3 Step 51 Train Loss: 0.5194
Epoch 3 Step 101 Train Loss: 0.5530
Epoch 3 Step 151 Train Loss: 0.4125
Epoch 3 Step 201 Train Loss: 0.6212
Epoch 3 Step 251 Train Loss: 0.5578
Epoch 3 Step 301 Train Loss: 0.4079
Epoch 3 Step 351 Train Loss: 0.4827
Epoch 3 Step 401 Train Loss: 0.4447
Epoch 3 Step 451 Train Loss: 0.4468
Epoch 3 Step 501 Train Loss: 0.5045
Epoch 3 Step 551 Train Loss: 0.4490
Epoch 3 Step 601 Train Loss: 0.4258
Epoch 3 Step 651 Train Loss: 0.5586
Epoch 3 Step 701 Train Loss: 0.3825
Epoch 3 Step 751 Train Loss: 0.4468
Epoch 3 Step 801 Train Loss: 0.4897
Epoch 3 Step 851 Train Loss: 0.6084
Epoch 3 Step 901 Train Loss: 0.5234
Epoch 3 Step 951 Train Loss: 0.4202
Epoch 3 Step 1001 Train Loss: 0.3763
Epoch 3 Step 1051 Train Loss: 0.4731
Epoch 3 Step 1101 Train Loss: 0.4456
Epoch 3 Step 1151 Train Loss: 0.4596
Epoch 3 Step 1201 Train Loss: 0.4627
Epoch 3 Step 1251 Train Loss: 0.4643
Epoch 3 Step 1301 Train Loss: 0.4517
Epoch 3 Step 1351 Train Loss: 0.4113
Epoch 3 Step 1401 Train Loss: 0.5307
Epoch 3 Step 1451 Train Loss: 0.5022
Epoch 3 Step 1501 Train Loss: 0.4698
Epoch 3 Step 1551 Train Loss: 0.5350
Epoch 3: Train Overall MSE: 0.0045 Validation Overall MSE: 0.0049. 
Train Top 20 DE MSE: 0.3270 Validation Top 20 DE MSE: 0.4286. 
Epoch 4 Step 1 Train Loss: 0.3759
Epoch 4 Step 51 Train Loss: 0.4683
Epoch 4 Step 101 Train Loss: 0.4114
Epoch 4 Step 151 Train Loss: 0.4206
Epoch 4 Step 201 Train Loss: 0.3904
Epoch 4 Step 251 Train Loss: 0.5223
Epoch 4 Step 301 Train Loss: 0.5572
Epoch 4 Step 351 Train Loss: 0.5723
Epoch 4 Step 401 Train Loss: 0.4031
Epoch 4 Step 451 Train Loss: 0.5144
Epoch 4 Step 501 Train Loss: 0.4426
Epoch 4 Step 551 Train Loss: 0.4449
Epoch 4 Step 601 Train Loss: 0.3970
Epoch 4 Step 651 Train Loss: 0.3798
Epoch 4 Step 701 Train Loss: 0.5940
Epoch 4 Step 751 Train Loss: 0.4524
Epoch 4 Step 801 Train Loss: 0.5314
Epoch 4 Step 851 Train Loss: 0.5143
Epoch 4 Step 901 Train Loss: 0.4161
Epoch 4 Step 951 Train Loss: 0.4791
Epoch 4 Step 1001 Train Loss: 0.4937
Epoch 4 Step 1051 Train Loss: 0.4757
Epoch 4 Step 1101 Train Loss: 0.4498
Epoch 4 Step 1151 Train Loss: 0.4280
Epoch 4 Step 1201 Train Loss: 0.4220
Epoch 4 Step 1251 Train Loss: 0.4994
Epoch 4 Step 1301 Train Loss: 0.4120
Epoch 4 Step 1351 Train Loss: 0.5045
Epoch 4 Step 1401 Train Loss: 0.5008
Epoch 4 Step 1451 Train Loss: 0.5122
Epoch 4 Step 1501 Train Loss: 0.4559
Epoch 4 Step 1551 Train Loss: 0.5542
Epoch 4: Train Overall MSE: 0.0044 Validation Overall MSE: 0.0049. 
Train Top 20 DE MSE: 0.3195 Validation Top 20 DE MSE: 0.4234. 
Epoch 5 Step 1 Train Loss: 0.5542
Epoch 5 Step 51 Train Loss: 0.4912
Epoch 5 Step 101 Train Loss: 0.4699
Epoch 5 Step 151 Train Loss: 0.4796
Epoch 5 Step 201 Train Loss: 0.6018
Epoch 5 Step 251 Train Loss: 0.3401
Epoch 5 Step 301 Train Loss: 0.5300
Epoch 5 Step 351 Train Loss: 0.4491
Epoch 5 Step 401 Train Loss: 0.5404
Epoch 5 Step 451 Train Loss: 0.5885
Epoch 5 Step 501 Train Loss: 0.4890
Epoch 5 Step 551 Train Loss: 0.5419
Epoch 5 Step 601 Train Loss: 0.4152
Epoch 5 Step 651 Train Loss: 0.3944
Epoch 5 Step 701 Train Loss: 0.5615
Epoch 5 Step 751 Train Loss: 0.4766
Epoch 5 Step 801 Train Loss: 0.4724
Epoch 5 Step 851 Train Loss: 0.5120
Epoch 5 Step 901 Train Loss: 0.5225
Epoch 5 Step 951 Train Loss: 0.4823
Epoch 5 Step 1001 Train Loss: 0.5882
Epoch 5 Step 1051 Train Loss: 0.4978
Epoch 5 Step 1101 Train Loss: 0.4786
Epoch 5 Step 1151 Train Loss: 0.4864
Epoch 5 Step 1201 Train Loss: 0.4438
Epoch 5 Step 1251 Train Loss: 0.3906
Epoch 5 Step 1301 Train Loss: 0.4595
Epoch 5 Step 1351 Train Loss: 0.4572
Epoch 5 Step 1401 Train Loss: 0.4334
Epoch 5 Step 1451 Train Loss: 0.5383
Epoch 5 Step 1501 Train Loss: 0.6144
Epoch 5 Step 1551 Train Loss: 0.4258
Epoch 5: Train Overall MSE: 0.0043 Validation Overall MSE: 0.0050. 
Train Top 20 DE MSE: 0.3140 Validation Top 20 DE MSE: 0.4204. 
Epoch 6 Step 1 Train Loss: 0.4704
Epoch 6 Step 51 Train Loss: 0.4544
Epoch 6 Step 101 Train Loss: 0.4902
Epoch 6 Step 151 Train Loss: 0.4720
Epoch 6 Step 201 Train Loss: 0.4330
Epoch 6 Step 251 Train Loss: 0.5940
Epoch 6 Step 301 Train Loss: 0.4490
Epoch 6 Step 351 Train Loss: 0.4378
Epoch 6 Step 401 Train Loss: 0.5455
Epoch 6 Step 451 Train Loss: 0.5215
Epoch 6 Step 501 Train Loss: 0.4857
Epoch 6 Step 551 Train Loss: 0.4938
Epoch 6 Step 601 Train Loss: 0.4229
Epoch 6 Step 651 Train Loss: 0.4464
Epoch 6 Step 701 Train Loss: 0.3970
Epoch 6 Step 751 Train Loss: 0.5220
Epoch 6 Step 801 Train Loss: 0.4511
Epoch 6 Step 851 Train Loss: 0.4430
Epoch 6 Step 901 Train Loss: 0.4510
Epoch 6 Step 951 Train Loss: 0.4453
Epoch 6 Step 1001 Train Loss: 0.5637
Epoch 6 Step 1051 Train Loss: 0.4870
Epoch 6 Step 1101 Train Loss: 0.4225
Epoch 6 Step 1151 Train Loss: 0.4899
Epoch 6 Step 1201 Train Loss: 0.4128
Epoch 6 Step 1251 Train Loss: 0.4921
Epoch 6 Step 1301 Train Loss: 0.6062
Epoch 6 Step 1351 Train Loss: 0.4899
Epoch 6 Step 1401 Train Loss: 0.4937
Epoch 6 Step 1451 Train Loss: 0.5627
Epoch 6 Step 1501 Train Loss: 0.4053
Epoch 6 Step 1551 Train Loss: 0.4721
Epoch 6: Train Overall MSE: 0.0043 Validation Overall MSE: 0.0050. 
Train Top 20 DE MSE: 0.3142 Validation Top 20 DE MSE: 0.4213. 
Epoch 7 Step 1 Train Loss: 0.4774
Epoch 7 Step 51 Train Loss: 0.4481
Epoch 7 Step 101 Train Loss: 0.5741
Epoch 7 Step 151 Train Loss: 0.4781
Epoch 7 Step 201 Train Loss: 0.4454
Epoch 7 Step 251 Train Loss: 0.4365
Epoch 7 Step 301 Train Loss: 0.3978
Epoch 7 Step 351 Train Loss: 0.4498
Epoch 7 Step 401 Train Loss: 0.4233
Epoch 7 Step 451 Train Loss: 0.4471
Epoch 7 Step 501 Train Loss: 0.4845
Epoch 7 Step 551 Train Loss: 0.5331
Epoch 7 Step 601 Train Loss: 0.5289
Epoch 7 Step 651 Train Loss: 0.5412
Epoch 7 Step 701 Train Loss: 0.4182
Epoch 7 Step 751 Train Loss: 0.4794
Epoch 7 Step 801 Train Loss: 0.5949
Epoch 7 Step 851 Train Loss: 0.4697
Epoch 7 Step 901 Train Loss: 0.4936
Epoch 7 Step 951 Train Loss: 0.4491
Epoch 7 Step 1001 Train Loss: 0.4515
Epoch 7 Step 1051 Train Loss: 0.4796
Epoch 7 Step 1101 Train Loss: 0.4475
Epoch 7 Step 1151 Train Loss: 0.4869
Epoch 7 Step 1201 Train Loss: 0.4951
Epoch 7 Step 1251 Train Loss: 0.5331
Epoch 7 Step 1301 Train Loss: 0.4846
Epoch 7 Step 1351 Train Loss: 0.4072
Epoch 7 Step 1401 Train Loss: 0.4436
Epoch 7 Step 1451 Train Loss: 0.4506
Epoch 7 Step 1501 Train Loss: 0.4580
Epoch 7 Step 1551 Train Loss: 0.4055
Epoch 7: Train Overall MSE: 0.0043 Validation Overall MSE: 0.0050. 
Train Top 20 DE MSE: 0.3049 Validation Top 20 DE MSE: 0.4135. 
Epoch 8 Step 1 Train Loss: 0.4455
Epoch 8 Step 51 Train Loss: 0.4300
Epoch 8 Step 101 Train Loss: 0.4584
Epoch 8 Step 151 Train Loss: 0.4240
Epoch 8 Step 201 Train Loss: 0.4460
Epoch 8 Step 251 Train Loss: 0.4328
Epoch 8 Step 301 Train Loss: 0.5224
Epoch 8 Step 351 Train Loss: 0.5400
Epoch 8 Step 401 Train Loss: 0.4196
Epoch 8 Step 451 Train Loss: 0.5467
Epoch 8 Step 501 Train Loss: 0.4723
Epoch 8 Step 551 Train Loss: 0.5016
Epoch 8 Step 601 Train Loss: 0.4142
Epoch 8 Step 651 Train Loss: 0.4337
Epoch 8 Step 701 Train Loss: 0.6221
Epoch 8 Step 751 Train Loss: 0.5337
Epoch 8 Step 801 Train Loss: 0.4555
Epoch 8 Step 851 Train Loss: 0.4413
Epoch 8 Step 901 Train Loss: 0.4283
Epoch 8 Step 951 Train Loss: 0.5700
Epoch 8 Step 1001 Train Loss: 0.3954
Epoch 8 Step 1051 Train Loss: 0.4347
Epoch 8 Step 1101 Train Loss: 0.4772
Epoch 8 Step 1151 Train Loss: 0.4382
Epoch 8 Step 1201 Train Loss: 0.4527
Epoch 8 Step 1251 Train Loss: 0.3470
Epoch 8 Step 1301 Train Loss: 0.4680
Epoch 8 Step 1351 Train Loss: 0.4689
Epoch 8 Step 1401 Train Loss: 0.4271
Epoch 8 Step 1451 Train Loss: 0.4530
Epoch 8 Step 1501 Train Loss: 0.4415
Epoch 8 Step 1551 Train Loss: 0.5019
Epoch 8: Train Overall MSE: 0.0043 Validation Overall MSE: 0.0050. 
Train Top 20 DE MSE: 0.3119 Validation Top 20 DE MSE: 0.4157. 
Epoch 9 Step 1 Train Loss: 0.5170
Epoch 9 Step 51 Train Loss: 0.5586
Epoch 9 Step 101 Train Loss: 0.4682
Epoch 9 Step 151 Train Loss: 0.4657
Epoch 9 Step 201 Train Loss: 0.3724
Epoch 9 Step 251 Train Loss: 0.4152
Epoch 9 Step 301 Train Loss: 0.4347
Epoch 9 Step 351 Train Loss: 0.4425
Epoch 9 Step 401 Train Loss: 0.4090
Epoch 9 Step 451 Train Loss: 0.4955
Epoch 9 Step 501 Train Loss: 0.5372
Epoch 9 Step 551 Train Loss: 0.4997
Epoch 9 Step 601 Train Loss: 0.4793
Epoch 9 Step 651 Train Loss: 0.4645
Epoch 9 Step 701 Train Loss: 0.5154
Epoch 9 Step 751 Train Loss: 0.4821
Epoch 9 Step 801 Train Loss: 0.3930
Epoch 9 Step 851 Train Loss: 0.5280
Epoch 9 Step 901 Train Loss: 0.4297
Epoch 9 Step 951 Train Loss: 0.4718
Epoch 9 Step 1001 Train Loss: 0.4848
Epoch 9 Step 1051 Train Loss: 0.4556
Epoch 9 Step 1101 Train Loss: 0.4690
Epoch 9 Step 1151 Train Loss: 0.4611
Epoch 9 Step 1201 Train Loss: 0.4890
Epoch 9 Step 1251 Train Loss: 0.4325
Epoch 9 Step 1301 Train Loss: 0.5082
Epoch 9 Step 1351 Train Loss: 0.4078
Epoch 9 Step 1401 Train Loss: 0.4409
Epoch 9 Step 1451 Train Loss: 0.4842
Epoch 9 Step 1501 Train Loss: 0.6093
Epoch 9 Step 1551 Train Loss: 0.5275
Epoch 9: Train Overall MSE: 0.0043 Validation Overall MSE: 0.0049. 
Train Top 20 DE MSE: 0.3107 Validation Top 20 DE MSE: 0.4159. 
Epoch 10 Step 1 Train Loss: 0.4638
Epoch 10 Step 51 Train Loss: 0.3567
Epoch 10 Step 101 Train Loss: 0.5093
Epoch 10 Step 151 Train Loss: 0.5795
Epoch 10 Step 201 Train Loss: 0.3994
Epoch 10 Step 251 Train Loss: 0.6354
Epoch 10 Step 301 Train Loss: 0.5588
Epoch 10 Step 351 Train Loss: 0.4607
Epoch 10 Step 401 Train Loss: 0.4421
Epoch 10 Step 451 Train Loss: 0.4045
Epoch 10 Step 501 Train Loss: 0.5452
Epoch 10 Step 551 Train Loss: 0.4048
Epoch 10 Step 601 Train Loss: 0.4905
Epoch 10 Step 651 Train Loss: 0.4373
Epoch 10 Step 701 Train Loss: 0.4253
Epoch 10 Step 751 Train Loss: 0.5392
Epoch 10 Step 801 Train Loss: 0.4079
Epoch 10 Step 851 Train Loss: 0.4762
Epoch 10 Step 901 Train Loss: 0.4615
Epoch 10 Step 951 Train Loss: 0.4418
Epoch 10 Step 1001 Train Loss: 0.3833
Epoch 10 Step 1051 Train Loss: 0.4200
Epoch 10 Step 1101 Train Loss: 0.4497
Epoch 10 Step 1151 Train Loss: 0.4409
Epoch 10 Step 1201 Train Loss: 0.5256
Epoch 10 Step 1251 Train Loss: 0.4203
Epoch 10 Step 1301 Train Loss: 0.6366
Epoch 10 Step 1351 Train Loss: 0.4912
Epoch 10 Step 1401 Train Loss: 0.4695
Epoch 10 Step 1451 Train Loss: 0.3964
Epoch 10 Step 1501 Train Loss: 0.5046
Epoch 10 Step 1551 Train Loss: 0.5881
Epoch 10: Train Overall MSE: 0.0043 Validation Overall MSE: 0.0050. 
Train Top 20 DE MSE: 0.3114 Validation Top 20 DE MSE: 0.4189. 
Epoch 11 Step 1 Train Loss: 0.3875
Epoch 11 Step 51 Train Loss: 0.4824
Epoch 11 Step 101 Train Loss: 0.3770
Epoch 11 Step 151 Train Loss: 0.5664
Epoch 11 Step 201 Train Loss: 0.4800
Epoch 11 Step 251 Train Loss: 0.4635
Epoch 11 Step 301 Train Loss: 0.4110
Epoch 11 Step 351 Train Loss: 0.4264
Epoch 11 Step 401 Train Loss: 0.4715
Epoch 11 Step 451 Train Loss: 0.4175
Epoch 11 Step 501 Train Loss: 0.5450
Epoch 11 Step 551 Train Loss: 0.3590
Epoch 11 Step 601 Train Loss: 0.4881
Epoch 11 Step 651 Train Loss: 0.5216
Epoch 11 Step 701 Train Loss: 0.4279
Epoch 11 Step 751 Train Loss: 0.6053
Epoch 11 Step 801 Train Loss: 0.4501
Epoch 11 Step 851 Train Loss: 0.4183
Epoch 11 Step 901 Train Loss: 0.4474
Epoch 11 Step 951 Train Loss: 0.5349
Epoch 11 Step 1001 Train Loss: 0.3995
Epoch 11 Step 1051 Train Loss: 0.5673
Epoch 11 Step 1101 Train Loss: 0.5431
Epoch 11 Step 1151 Train Loss: 0.5074
Epoch 11 Step 1201 Train Loss: 0.5170
Epoch 11 Step 1251 Train Loss: 0.4617
Epoch 11 Step 1301 Train Loss: 0.4708
Epoch 11 Step 1351 Train Loss: 0.4192
Epoch 11 Step 1401 Train Loss: 0.4074
Epoch 11 Step 1451 Train Loss: 0.4161
Epoch 11 Step 1501 Train Loss: 0.4210
Epoch 11 Step 1551 Train Loss: 0.4190
Epoch 11: Train Overall MSE: 0.0043 Validation Overall MSE: 0.0049. 
Train Top 20 DE MSE: 0.3166 Validation Top 20 DE MSE: 0.4198. 
Epoch 12 Step 1 Train Loss: 0.4738
Epoch 12 Step 51 Train Loss: 0.5488
Epoch 12 Step 101 Train Loss: 0.4329
Epoch 12 Step 151 Train Loss: 0.4086
Epoch 12 Step 201 Train Loss: 0.5005
Epoch 12 Step 251 Train Loss: 0.4866
Epoch 12 Step 301 Train Loss: 0.5225
Epoch 12 Step 351 Train Loss: 0.5598
Epoch 12 Step 401 Train Loss: 0.4182
Epoch 12 Step 451 Train Loss: 0.4425
Epoch 12 Step 501 Train Loss: 0.4777
Epoch 12 Step 551 Train Loss: 0.4589
Epoch 12 Step 601 Train Loss: 0.4383
Epoch 12 Step 651 Train Loss: 0.4098
Epoch 12 Step 701 Train Loss: 0.4530
Epoch 12 Step 751 Train Loss: 0.6426
Epoch 12 Step 801 Train Loss: 0.4222
Epoch 12 Step 851 Train Loss: 0.4335
Epoch 12 Step 901 Train Loss: 0.5129
Epoch 12 Step 951 Train Loss: 0.5073
Epoch 12 Step 1001 Train Loss: 0.4979
Epoch 12 Step 1051 Train Loss: 0.4307
Epoch 12 Step 1101 Train Loss: 0.4029
Epoch 12 Step 1151 Train Loss: 0.5078
Epoch 12 Step 1201 Train Loss: 0.4618
Epoch 12 Step 1251 Train Loss: 0.4251
Epoch 12 Step 1301 Train Loss: 0.5508
Epoch 12 Step 1351 Train Loss: 0.3961
Epoch 12 Step 1401 Train Loss: 0.4071
Epoch 12 Step 1451 Train Loss: 0.4222
Epoch 12 Step 1501 Train Loss: 0.5817
Epoch 12 Step 1551 Train Loss: 0.5011
Epoch 12: Train Overall MSE: 0.0043 Validation Overall MSE: 0.0050. 
Train Top 20 DE MSE: 0.3057 Validation Top 20 DE MSE: 0.4126. 
Epoch 13 Step 1 Train Loss: 0.5207
Epoch 13 Step 51 Train Loss: 0.5110
Epoch 13 Step 101 Train Loss: 0.3876
Epoch 13 Step 151 Train Loss: 0.3992
Epoch 13 Step 201 Train Loss: 0.5651
Epoch 13 Step 251 Train Loss: 0.3855
Epoch 13 Step 301 Train Loss: 0.4485
Epoch 13 Step 351 Train Loss: 0.4706
Epoch 13 Step 401 Train Loss: 0.3941
Epoch 13 Step 451 Train Loss: 0.4586
Epoch 13 Step 501 Train Loss: 0.5467
Epoch 13 Step 551 Train Loss: 0.4703
Epoch 13 Step 601 Train Loss: 0.4823
Epoch 13 Step 651 Train Loss: 0.4454
Epoch 13 Step 701 Train Loss: 0.5205
Epoch 13 Step 751 Train Loss: 0.4999
Epoch 13 Step 801 Train Loss: 0.6295
Epoch 13 Step 851 Train Loss: 0.3763
Epoch 13 Step 901 Train Loss: 0.4794
Epoch 13 Step 951 Train Loss: 0.5076
Epoch 13 Step 1001 Train Loss: 0.4742
Epoch 13 Step 1051 Train Loss: 0.4358
Epoch 13 Step 1101 Train Loss: 0.4704
Epoch 13 Step 1151 Train Loss: 0.5475
Epoch 13 Step 1201 Train Loss: 0.4574
Epoch 13 Step 1251 Train Loss: 0.4174
Epoch 13 Step 1301 Train Loss: 0.4186
Epoch 13 Step 1351 Train Loss: 0.5250
Epoch 13 Step 1401 Train Loss: 0.5102
Epoch 13 Step 1451 Train Loss: 0.5545
Epoch 13 Step 1501 Train Loss: 0.6126
Epoch 13 Step 1551 Train Loss: 0.4915
Epoch 13: Train Overall MSE: 0.0043 Validation Overall MSE: 0.0049. 
Train Top 20 DE MSE: 0.3136 Validation Top 20 DE MSE: 0.4187. 
Epoch 14 Step 1 Train Loss: 0.4657
Epoch 14 Step 51 Train Loss: 0.4574
Epoch 14 Step 101 Train Loss: 0.4212
Epoch 14 Step 151 Train Loss: 0.4548
Epoch 14 Step 201 Train Loss: 0.5317
Epoch 14 Step 251 Train Loss: 0.4893
Epoch 14 Step 301 Train Loss: 0.3935
Epoch 14 Step 351 Train Loss: 0.4077
Epoch 14 Step 401 Train Loss: 0.4534
Epoch 14 Step 451 Train Loss: 0.5471
Epoch 14 Step 501 Train Loss: 0.3949
Epoch 14 Step 551 Train Loss: 0.5863
Epoch 14 Step 601 Train Loss: 0.4083
Epoch 14 Step 651 Train Loss: 0.4651
Epoch 14 Step 701 Train Loss: 0.5389
Epoch 14 Step 751 Train Loss: 0.3975
Epoch 14 Step 801 Train Loss: 0.4540
Epoch 14 Step 851 Train Loss: 0.4255
Epoch 14 Step 901 Train Loss: 0.4296
Epoch 14 Step 951 Train Loss: 0.5803
Epoch 14 Step 1001 Train Loss: 0.4843
Epoch 14 Step 1051 Train Loss: 0.5403
Epoch 14 Step 1101 Train Loss: 0.4924
Epoch 14 Step 1151 Train Loss: 0.4747
Epoch 14 Step 1201 Train Loss: 0.6331
Epoch 14 Step 1251 Train Loss: 0.4512
Epoch 14 Step 1301 Train Loss: 0.5781
Epoch 14 Step 1351 Train Loss: 0.4420
Epoch 14 Step 1401 Train Loss: 0.4939
Epoch 14 Step 1451 Train Loss: 0.3821
Epoch 14 Step 1501 Train Loss: 0.4232
Epoch 14 Step 1551 Train Loss: 0.4592
Epoch 14: Train Overall MSE: 0.0043 Validation Overall MSE: 0.0050. 
Train Top 20 DE MSE: 0.3084 Validation Top 20 DE MSE: 0.4134. 
Epoch 15 Step 1 Train Loss: 0.5176
Epoch 15 Step 51 Train Loss: 0.4071
Epoch 15 Step 101 Train Loss: 0.4021
Epoch 15 Step 151 Train Loss: 0.4521
Epoch 15 Step 201 Train Loss: 0.4220
Epoch 15 Step 251 Train Loss: 0.4400
Epoch 15 Step 301 Train Loss: 0.4057
Epoch 15 Step 351 Train Loss: 0.5204
Epoch 15 Step 401 Train Loss: 0.4950
Epoch 15 Step 451 Train Loss: 0.4448
Epoch 15 Step 501 Train Loss: 0.4183
Epoch 15 Step 551 Train Loss: 0.4975
Epoch 15 Step 601 Train Loss: 0.4411
Epoch 15 Step 651 Train Loss: 0.5925
Epoch 15 Step 701 Train Loss: 0.4874
Epoch 15 Step 751 Train Loss: 0.5776
Epoch 15 Step 801 Train Loss: 0.5591
Epoch 15 Step 851 Train Loss: 0.4803
Epoch 15 Step 901 Train Loss: 0.5971
Epoch 15 Step 951 Train Loss: 0.4253
Epoch 15 Step 1001 Train Loss: 0.5214
Epoch 15 Step 1051 Train Loss: 0.4343
Epoch 15 Step 1101 Train Loss: 0.5529
Epoch 15 Step 1151 Train Loss: 0.4889
Epoch 15 Step 1201 Train Loss: 0.5174
Epoch 15 Step 1251 Train Loss: 0.4208
Epoch 15 Step 1301 Train Loss: 0.4992
Epoch 15 Step 1351 Train Loss: 0.4530
Epoch 15 Step 1401 Train Loss: 0.4406
Epoch 15 Step 1451 Train Loss: 0.4101
Epoch 15 Step 1501 Train Loss: 0.5704
Epoch 15 Step 1551 Train Loss: 0.3825
Epoch 15: Train Overall MSE: 0.0043 Validation Overall MSE: 0.0050. 
Train Top 20 DE MSE: 0.3066 Validation Top 20 DE MSE: 0.4163. 
Epoch 16 Step 1 Train Loss: 0.5266
Epoch 16 Step 51 Train Loss: 0.5019
Epoch 16 Step 101 Train Loss: 0.5297
Epoch 16 Step 151 Train Loss: 0.4200
Epoch 16 Step 201 Train Loss: 0.4939
Epoch 16 Step 251 Train Loss: 0.4881
Epoch 16 Step 301 Train Loss: 0.5558
Epoch 16 Step 351 Train Loss: 0.5044
Epoch 16 Step 401 Train Loss: 0.4973
Epoch 16 Step 451 Train Loss: 0.4780
Epoch 16 Step 501 Train Loss: 0.4801
Epoch 16 Step 551 Train Loss: 0.4076
Epoch 16 Step 601 Train Loss: 0.5026
Epoch 16 Step 651 Train Loss: 0.4125
Epoch 16 Step 701 Train Loss: 0.5356
Epoch 16 Step 751 Train Loss: 0.4366
Epoch 16 Step 801 Train Loss: 0.5132
Epoch 16 Step 851 Train Loss: 0.4455
Epoch 16 Step 901 Train Loss: 0.5339
Epoch 16 Step 951 Train Loss: 0.3725
Epoch 16 Step 1001 Train Loss: 0.4773
Epoch 16 Step 1051 Train Loss: 0.4547
Epoch 16 Step 1101 Train Loss: 0.3954
Epoch 16 Step 1151 Train Loss: 0.6007
Epoch 16 Step 1201 Train Loss: 0.4270
Epoch 16 Step 1251 Train Loss: 0.5066
Epoch 16 Step 1301 Train Loss: 0.4889
Epoch 16 Step 1351 Train Loss: 0.5521
Epoch 16 Step 1401 Train Loss: 0.5250
Epoch 16 Step 1451 Train Loss: 0.5569
Epoch 16 Step 1501 Train Loss: 0.4763
Epoch 16 Step 1551 Train Loss: 0.5063
Epoch 16: Train Overall MSE: 0.0043 Validation Overall MSE: 0.0049. 
Train Top 20 DE MSE: 0.3131 Validation Top 20 DE MSE: 0.4223. 
Epoch 17 Step 1 Train Loss: 0.4875
Epoch 17 Step 51 Train Loss: 0.3646
Epoch 17 Step 101 Train Loss: 0.3907
Epoch 17 Step 151 Train Loss: 0.4315
Epoch 17 Step 201 Train Loss: 0.4629
Epoch 17 Step 251 Train Loss: 0.4233
Epoch 17 Step 301 Train Loss: 0.5727
Epoch 17 Step 351 Train Loss: 0.3968
Epoch 17 Step 401 Train Loss: 0.5284
Epoch 17 Step 451 Train Loss: 0.5247
Epoch 17 Step 501 Train Loss: 0.5159
Epoch 17 Step 551 Train Loss: 0.3862
Epoch 17 Step 601 Train Loss: 0.4011
Epoch 17 Step 651 Train Loss: 0.4599
Epoch 17 Step 701 Train Loss: 0.5063
Epoch 17 Step 751 Train Loss: 0.5358
Epoch 17 Step 801 Train Loss: 0.5148
Epoch 17 Step 851 Train Loss: 0.5212
Epoch 17 Step 901 Train Loss: 0.3832
Epoch 17 Step 951 Train Loss: 0.3884
Epoch 17 Step 1001 Train Loss: 0.4526
Epoch 17 Step 1051 Train Loss: 0.5374
Epoch 17 Step 1101 Train Loss: 0.3974
Epoch 17 Step 1151 Train Loss: 0.6031
Epoch 17 Step 1201 Train Loss: 0.4285
Epoch 17 Step 1251 Train Loss: 0.5686
Epoch 17 Step 1301 Train Loss: 0.4488
Epoch 17 Step 1351 Train Loss: 0.6098
Epoch 17 Step 1401 Train Loss: 0.5403
Epoch 17 Step 1451 Train Loss: 0.4321
Epoch 17 Step 1501 Train Loss: 0.4224
Epoch 17 Step 1551 Train Loss: 0.4086
Epoch 17: Train Overall MSE: 0.0043 Validation Overall MSE: 0.0050. 
Train Top 20 DE MSE: 0.3088 Validation Top 20 DE MSE: 0.4167. 
Done!
Start Testing...
Best performing model: Test Top 20 DE MSE: 0.3730
Start doing subgroup analysis for simulation split...
test_combo_seen0_mse: 0.008809633
test_combo_seen0_pearson: 0.9736553124382612
test_combo_seen0_mse_de: 0.31106436
test_combo_seen0_pearson_de: 0.7074887478795264
test_combo_seen1_mse: 0.00902068
test_combo_seen1_pearson: 0.9729155767316702
test_combo_seen1_mse_de: 0.3992365
test_combo_seen1_pearson_de: 0.7846979369953133
test_combo_seen2_mse: 0.006865364
test_combo_seen2_pearson: 0.9792758535865962
test_combo_seen2_mse_de: 0.51019126
test_combo_seen2_pearson_de: 0.8291669294045864
test_unseen_single_mse: 0.004410306
test_unseen_single_pearson: 0.9866527734716823
test_unseen_single_mse_de: 0.2846088
test_unseen_single_pearson_de: 0.8514174053865039
test_combo_seen0_pearson_delta: 0.2514476110790439
test_combo_seen0_frac_opposite_direction_top20_non_dropout: 0.2
test_combo_seen0_frac_sigma_below_1_non_dropout: 0.6888888888888888
test_combo_seen0_mse_top20_de_non_dropout: 0.47645822
test_combo_seen1_pearson_delta: 0.22941185986017928
test_combo_seen1_frac_opposite_direction_top20_non_dropout: 0.26046511627906976
test_combo_seen1_frac_sigma_below_1_non_dropout: 0.5383720930232557
test_combo_seen1_mse_top20_de_non_dropout: 0.5548109
test_combo_seen2_pearson_delta: 0.21618301381406155
test_combo_seen2_frac_opposite_direction_top20_non_dropout: 0.22894736842105265
test_combo_seen2_frac_sigma_below_1_non_dropout: 0.6210526315789473
test_combo_seen2_mse_top20_de_non_dropout: 0.53654385
test_unseen_single_pearson_delta: 0.07717743870489446
test_unseen_single_frac_opposite_direction_top20_non_dropout: 0.3486111111111111
test_unseen_single_frac_sigma_below_1_non_dropout: 0.8194444444444444
test_unseen_single_mse_top20_de_non_dropout: 0.3141991
Done!
[I 2026-03-08 14:01:40,411] Trial 0 finished with value: 0.373 and parameters: {'hidden_size': 64, 'epochs': 17, 'lr': 1.529949829431264e-06, 'weight_decay': 8.53691695803876e-08}. Best is trial 0 with value: 0.373.
Found local copy...
Start Training...
Epoch 1 Step 1 Train Loss: 0.4129
Epoch 1 Step 51 Train Loss: 0.4578
Epoch 1 Step 101 Train Loss: 0.4592
Epoch 1 Step 151 Train Loss: 0.5117
Epoch 1 Step 201 Train Loss: 0.4905
Epoch 1 Step 251 Train Loss: 0.5041
Epoch 1 Step 301 Train Loss: 0.5110
Epoch 1 Step 351 Train Loss: 0.5172
Epoch 1 Step 401 Train Loss: 0.4565
Epoch 1 Step 451 Train Loss: 0.4518
Epoch 1 Step 501 Train Loss: 0.5695
Epoch 1 Step 551 Train Loss: 0.5555
Epoch 1 Step 601 Train Loss: 0.4804
Epoch 1 Step 651 Train Loss: 0.4572
Epoch 1 Step 701 Train Loss: 0.5165
Epoch 1 Step 751 Train Loss: 0.4887
Epoch 1 Step 801 Train Loss: 0.4258
Epoch 1 Step 851 Train Loss: 0.4127
Epoch 1 Step 901 Train Loss: 0.4556
Epoch 1 Step 951 Train Loss: 0.5223
Epoch 1 Step 1001 Train Loss: 0.4089
Epoch 1 Step 1051 Train Loss: 0.4840
Epoch 1 Step 1101 Train Loss: 0.4923
Epoch 1 Step 1151 Train Loss: 0.4761
Epoch 1 Step 1201 Train Loss: 0.4044
Epoch 1 Step 1251 Train Loss: 0.4516
Epoch 1 Step 1301 Train Loss: 0.4645
Epoch 1 Step 1351 Train Loss: 0.4370
Epoch 1 Step 1401 Train Loss: 0.4778
Epoch 1 Step 1451 Train Loss: 0.4395
Epoch 1 Step 1501 Train Loss: 0.4973
Epoch 1 Step 1551 Train Loss: 0.4497
Epoch 1: Train Overall MSE: 0.0040 Validation Overall MSE: 0.0044. 
Train Top 20 DE MSE: 0.3005 Validation Top 20 DE MSE: 0.4173. 
Epoch 2 Step 1 Train Loss: 0.5155
Epoch 2 Step 51 Train Loss: 0.5582
Epoch 2 Step 101 Train Loss: 0.4301
Epoch 2 Step 151 Train Loss: 0.4988
Epoch 2 Step 201 Train Loss: 0.5312
Epoch 2 Step 251 Train Loss: 0.4398
Epoch 2 Step 301 Train Loss: 0.4773
Epoch 2 Step 351 Train Loss: 0.4497
Epoch 2 Step 401 Train Loss: 0.4669
Epoch 2 Step 451 Train Loss: 0.4378
Epoch 2 Step 501 Train Loss: 0.5251
Epoch 2 Step 551 Train Loss: 0.5679
Epoch 2 Step 601 Train Loss: 0.5411
Epoch 2 Step 651 Train Loss: 0.4274
Epoch 2 Step 701 Train Loss: 0.5883
Epoch 2 Step 751 Train Loss: 0.4562
Epoch 2 Step 801 Train Loss: 0.5036
Epoch 2 Step 851 Train Loss: 0.4240
Epoch 2 Step 901 Train Loss: 0.4819
Epoch 2 Step 951 Train Loss: 0.5344
Epoch 2 Step 1001 Train Loss: 0.4591
Epoch 2 Step 1051 Train Loss: 0.4521
Epoch 2 Step 1101 Train Loss: 0.4591
Epoch 2 Step 1151 Train Loss: 0.4690
Epoch 2 Step 1201 Train Loss: 0.4228
Epoch 2 Step 1251 Train Loss: 0.4885
Epoch 2 Step 1301 Train Loss: 0.4835
Epoch 2 Step 1351 Train Loss: 0.5124
Epoch 2 Step 1401 Train Loss: 0.5140
Epoch 2 Step 1451 Train Loss: 0.4273
Epoch 2 Step 1501 Train Loss: 0.5011
Epoch 2 Step 1551 Train Loss: 0.5186
Epoch 2: Train Overall MSE: 0.0036 Validation Overall MSE: 0.0042. 
Train Top 20 DE MSE: 0.2549 Validation Top 20 DE MSE: 0.3903. 
Epoch 3 Step 1 Train Loss: 0.4463
Epoch 3 Step 51 Train Loss: 0.4399
Epoch 3 Step 101 Train Loss: 0.5653
Epoch 3 Step 151 Train Loss: 0.4734
Epoch 3 Step 201 Train Loss: 0.3663
Epoch 3 Step 251 Train Loss: 0.4597
Epoch 3 Step 301 Train Loss: 0.3919
Epoch 3 Step 351 Train Loss: 0.4371
Epoch 3 Step 401 Train Loss: 0.5740
Epoch 3 Step 451 Train Loss: 0.4665
Epoch 3 Step 501 Train Loss: 0.5043
Epoch 3 Step 551 Train Loss: 0.4592
Epoch 3 Step 601 Train Loss: 0.5492
Epoch 3 Step 651 Train Loss: 0.4332
Epoch 3 Step 701 Train Loss: 0.5225
Epoch 3 Step 751 Train Loss: 0.4255
Epoch 3 Step 801 Train Loss: 0.4032
Epoch 3 Step 851 Train Loss: 0.4885
Epoch 3 Step 901 Train Loss: 0.4956
Epoch 3 Step 951 Train Loss: 0.4511
Epoch 3 Step 1001 Train Loss: 0.4282
Epoch 3 Step 1051 Train Loss: 0.4674
Epoch 3 Step 1101 Train Loss: 0.4279
Epoch 3 Step 1151 Train Loss: 0.5067
Epoch 3 Step 1201 Train Loss: 0.3944
Epoch 3 Step 1251 Train Loss: 0.4789
Epoch 3 Step 1301 Train Loss: 0.4008
Epoch 3 Step 1351 Train Loss: 0.4701
Epoch 3 Step 1401 Train Loss: 0.3916
Epoch 3 Step 1451 Train Loss: 0.4316
Epoch 3 Step 1501 Train Loss: 0.3735
Epoch 3 Step 1551 Train Loss: 0.4445
Epoch 3: Train Overall MSE: 0.0035 Validation Overall MSE: 0.0042. 
Train Top 20 DE MSE: 0.2414 Validation Top 20 DE MSE: 0.3852. 
Epoch 4 Step 1 Train Loss: 0.4449
Epoch 4 Step 51 Train Loss: 0.5199
Epoch 4 Step 101 Train Loss: 0.4134
Epoch 4 Step 151 Train Loss: 0.4867
Epoch 4 Step 201 Train Loss: 0.4566
Epoch 4 Step 251 Train Loss: 0.4671
Epoch 4 Step 301 Train Loss: 0.3499
Epoch 4 Step 351 Train Loss: 0.3809
Epoch 4 Step 401 Train Loss: 0.4724
Epoch 4 Step 451 Train Loss: 0.3990
Epoch 4 Step 501 Train Loss: 0.5941
Epoch 4 Step 551 Train Loss: 0.4299
Epoch 4 Step 601 Train Loss: 0.3939
Epoch 4 Step 651 Train Loss: 0.4041
Epoch 4 Step 701 Train Loss: 0.4406
Epoch 4 Step 751 Train Loss: 0.4302
Epoch 4 Step 801 Train Loss: 0.4282
Epoch 4 Step 851 Train Loss: 0.4024
Epoch 4 Step 901 Train Loss: 0.4357
Epoch 4 Step 951 Train Loss: 0.5190
Epoch 4 Step 1001 Train Loss: 0.4857
Epoch 4 Step 1051 Train Loss: 0.4600
Epoch 4 Step 1101 Train Loss: 0.3843
Epoch 4 Step 1151 Train Loss: 0.3573
Epoch 4 Step 1201 Train Loss: 0.4267
Epoch 4 Step 1251 Train Loss: 0.4683
Epoch 4 Step 1301 Train Loss: 0.4446
Epoch 4 Step 1351 Train Loss: 0.4368
Epoch 4 Step 1401 Train Loss: 0.4556
Epoch 4 Step 1451 Train Loss: 0.4166
Epoch 4 Step 1501 Train Loss: 0.4707
Epoch 4 Step 1551 Train Loss: 0.4384
