/home/users/nus/jun_lu/.conda/envs/GEARS/lib/python3.11/site-packages/scanpy/_utils/__init__.py:27: FutureWarning: `__version__` is deprecated, use `importlib.metadata.version('anndata')` instead.
  from anndata import __version__ as anndata_version
/home/users/nus/jun_lu/.conda/envs/GEARS/lib/python3.11/site-packages/anndata/__init__.py:70: FutureWarning: Importing read_csv from `anndata` is deprecated. Import anndata.io.read_csv instead.
  return module_get_attr_redirect(attr_name, deprecated_mapping=_DEPRECATED)
/home/users/nus/jun_lu/.conda/envs/GEARS/lib/python3.11/site-packages/anndata/__init__.py:70: FutureWarning: Importing read_excel from `anndata` is deprecated. Import anndata.io.read_excel instead.
  return module_get_attr_redirect(attr_name, deprecated_mapping=_DEPRECATED)
/home/users/nus/jun_lu/.conda/envs/GEARS/lib/python3.11/site-packages/anndata/__init__.py:70: FutureWarning: Importing read_hdf from `anndata` is deprecated. Import anndata.io.read_hdf instead.
  return module_get_attr_redirect(attr_name, deprecated_mapping=_DEPRECATED)
/home/users/nus/jun_lu/.conda/envs/GEARS/lib/python3.11/site-packages/anndata/__init__.py:70: FutureWarning: Importing read_loom from `anndata` is deprecated. Import anndata.io.read_loom instead.
  return module_get_attr_redirect(attr_name, deprecated_mapping=_DEPRECATED)
/home/users/nus/jun_lu/.conda/envs/GEARS/lib/python3.11/site-packages/anndata/__init__.py:70: FutureWarning: Importing read_mtx from `anndata` is deprecated. Import anndata.io.read_mtx instead.
  return module_get_attr_redirect(attr_name, deprecated_mapping=_DEPRECATED)
/home/users/nus/jun_lu/.conda/envs/GEARS/lib/python3.11/site-packages/anndata/__init__.py:70: FutureWarning: Importing read_text from `anndata` is deprecated. Import anndata.io.read_text instead.
  return module_get_attr_redirect(attr_name, deprecated_mapping=_DEPRECATED)
/home/users/nus/jun_lu/.conda/envs/GEARS/lib/python3.11/site-packages/anndata/__init__.py:70: FutureWarning: Importing read_umi_tools from `anndata` is deprecated. Import anndata.io.read_umi_tools instead.
  return module_get_attr_redirect(attr_name, deprecated_mapping=_DEPRECATED)
Found local copy...
Found local copy...
Found local copy...
These perturbations are not in the GO graph and their perturbation can thus not be predicted
['RHOXF2BB+ctrl' 'LYL1+IER5L' 'ctrl+IER5L' 'KIAA1804+ctrl' 'IER5L+ctrl'
 'RHOXF2BB+ZBTB25' 'RHOXF2BB+SET']
Local copy of pyg dataset is detected. Loading...
Done!
Local copy of split is detected. Loading...
Simulation split test composition:
combo_seen0:9
combo_seen1:43
combo_seen2:19
unseen_single:36
Done!
Creating dataloaders....
Done!
[I 2026-03-08 15:42:39,202] A new study created in RDB with name: hyperparameters
Found local copy...
Start Training...
Epoch 1 Step 1 Train Loss: 0.5033
Epoch 1 Step 51 Train Loss: 0.5186
Epoch 1 Step 101 Train Loss: 0.5572
Epoch 1 Step 151 Train Loss: 0.4567
Epoch 1 Step 201 Train Loss: 0.4334
Epoch 1 Step 251 Train Loss: 0.4706
Epoch 1 Step 301 Train Loss: 0.4615
Epoch 1 Step 351 Train Loss: 0.5846
Epoch 1 Step 401 Train Loss: 0.4093
Epoch 1 Step 451 Train Loss: 0.4699
Epoch 1 Step 501 Train Loss: 0.4808
Epoch 1 Step 551 Train Loss: 0.4732
Epoch 1 Step 601 Train Loss: 0.4769
Epoch 1 Step 651 Train Loss: 0.4347
Epoch 1 Step 701 Train Loss: 0.4618
Epoch 1 Step 751 Train Loss: 0.4732
Epoch 1 Step 801 Train Loss: 0.4877
Epoch 1 Step 851 Train Loss: 0.4245
Epoch 1 Step 901 Train Loss: 0.4304
Epoch 1 Step 951 Train Loss: 0.4072
Epoch 1 Step 1001 Train Loss: 0.4856
Epoch 1 Step 1051 Train Loss: 0.5956
Epoch 1 Step 1101 Train Loss: 0.5982
Epoch 1 Step 1151 Train Loss: 0.4710
Epoch 1 Step 1201 Train Loss: 0.4481
Epoch 1 Step 1251 Train Loss: 0.4708
Epoch 1 Step 1301 Train Loss: 0.5360
Epoch 1 Step 1351 Train Loss: 0.4687
Epoch 1 Step 1401 Train Loss: 0.4582
Epoch 1 Step 1451 Train Loss: 0.5285
Epoch 1 Step 1501 Train Loss: 0.4964
Epoch 1 Step 1551 Train Loss: 0.4596
Epoch 1: Train Overall MSE: 0.0047 Validation Overall MSE: 0.0058. 
Train Top 20 DE MSE: 0.1609 Validation Top 20 DE MSE: 0.2898. 
Epoch 2 Step 1 Train Loss: 0.4566
Epoch 2 Step 51 Train Loss: 0.5603
Epoch 2 Step 101 Train Loss: 0.5415
Epoch 2 Step 151 Train Loss: 0.5255
Epoch 2 Step 201 Train Loss: 0.5249
Epoch 2 Step 251 Train Loss: 0.5062
Epoch 2 Step 301 Train Loss: 0.5085
Epoch 2 Step 351 Train Loss: 0.5705
Epoch 2 Step 401 Train Loss: 0.4543
Epoch 2 Step 451 Train Loss: 0.4369
Epoch 2 Step 501 Train Loss: 0.5134
Epoch 2 Step 551 Train Loss: 0.5776
Epoch 2 Step 601 Train Loss: 0.5070
Epoch 2 Step 651 Train Loss: 0.5210
Epoch 2 Step 701 Train Loss: 0.4406
Epoch 2 Step 751 Train Loss: 0.4970
Epoch 2 Step 801 Train Loss: 0.4850
Epoch 2 Step 851 Train Loss: 0.5449
Epoch 2 Step 901 Train Loss: 0.4660
Epoch 2 Step 951 Train Loss: 0.4461
Epoch 2 Step 1001 Train Loss: 0.5466
Epoch 2 Step 1051 Train Loss: 0.4451
Epoch 2 Step 1101 Train Loss: 0.4544
Epoch 2 Step 1151 Train Loss: 0.4625
Epoch 2 Step 1201 Train Loss: 0.4622
Epoch 2 Step 1251 Train Loss: 0.4675
Epoch 2 Step 1301 Train Loss: 0.4831
Epoch 2 Step 1351 Train Loss: 0.4767
Epoch 2 Step 1401 Train Loss: 0.4602
Epoch 2 Step 1451 Train Loss: 0.4708
Epoch 2 Step 1501 Train Loss: 0.5889
Epoch 2 Step 1551 Train Loss: 0.5455
Epoch 2: Train Overall MSE: 0.0042 Validation Overall MSE: 0.0051. 
Train Top 20 DE MSE: 0.1345 Validation Top 20 DE MSE: 0.2577. 
Epoch 3 Step 1 Train Loss: 0.5539
Epoch 3 Step 51 Train Loss: 0.5223
Epoch 3 Step 101 Train Loss: 0.5111
Epoch 3 Step 151 Train Loss: 0.4947
Epoch 3 Step 201 Train Loss: 0.4388
Epoch 3 Step 251 Train Loss: 0.4711
Epoch 3 Step 301 Train Loss: 0.4806
Epoch 3 Step 351 Train Loss: 0.4547
Epoch 3 Step 401 Train Loss: 0.5517
Epoch 3 Step 451 Train Loss: 0.4775
Epoch 3 Step 501 Train Loss: 0.4754
Epoch 3 Step 551 Train Loss: 0.4682
Epoch 3 Step 601 Train Loss: 0.4926
Epoch 3 Step 651 Train Loss: 0.4315
Epoch 3 Step 701 Train Loss: 0.5221
Epoch 3 Step 751 Train Loss: 0.5197
Epoch 3 Step 801 Train Loss: 0.4513
Epoch 3 Step 851 Train Loss: 0.4663
Epoch 3 Step 901 Train Loss: 0.5349
Epoch 3 Step 951 Train Loss: 0.5807
Epoch 3 Step 1001 Train Loss: 0.5124
Epoch 3 Step 1051 Train Loss: 0.6508
Epoch 3 Step 1101 Train Loss: 0.5031
Epoch 3 Step 1151 Train Loss: 0.5030
Epoch 3 Step 1201 Train Loss: 0.4548
Epoch 3 Step 1251 Train Loss: 0.5682
Epoch 3 Step 1301 Train Loss: 0.5269
Epoch 3 Step 1351 Train Loss: 0.4709
Epoch 3 Step 1401 Train Loss: 0.5061
Epoch 3 Step 1451 Train Loss: 0.5495
Epoch 3 Step 1501 Train Loss: 0.5432
Epoch 3 Step 1551 Train Loss: 0.4386
Epoch 3: Train Overall MSE: 0.0049 Validation Overall MSE: 0.0065. 
Train Top 20 DE MSE: 0.1109 Validation Top 20 DE MSE: 0.2566. 
Epoch 4 Step 1 Train Loss: 0.5548
Epoch 4 Step 51 Train Loss: 0.5389
Epoch 4 Step 101 Train Loss: 0.5095
Epoch 4 Step 151 Train Loss: 0.5094
Epoch 4 Step 201 Train Loss: 0.4710
Epoch 4 Step 251 Train Loss: 0.4892
Epoch 4 Step 301 Train Loss: 0.4931
Epoch 4 Step 351 Train Loss: 0.5213
Epoch 4 Step 401 Train Loss: 0.4694
Epoch 4 Step 451 Train Loss: 0.4233
Epoch 4 Step 501 Train Loss: 0.5142
Epoch 4 Step 551 Train Loss: 0.5590
Epoch 4 Step 601 Train Loss: 0.4880
Epoch 4 Step 651 Train Loss: 0.4747
Epoch 4 Step 701 Train Loss: 0.4733
Epoch 4 Step 751 Train Loss: 0.5097
Epoch 4 Step 801 Train Loss: 0.4349
Epoch 4 Step 851 Train Loss: 0.5169
Epoch 4 Step 901 Train Loss: 0.4934
Epoch 4 Step 951 Train Loss: 0.5627
Epoch 4 Step 1001 Train Loss: 0.4612
Epoch 4 Step 1051 Train Loss: 0.4926
Epoch 4 Step 1101 Train Loss: 0.5615
Epoch 4 Step 1151 Train Loss: 0.4316
Epoch 4 Step 1201 Train Loss: 0.5507
Epoch 4 Step 1251 Train Loss: 0.5250
Epoch 4 Step 1301 Train Loss: 0.4413
Epoch 4 Step 1351 Train Loss: 0.4584
Epoch 4 Step 1401 Train Loss: 0.4510
Epoch 4 Step 1451 Train Loss: 0.4339
Epoch 4 Step 1501 Train Loss: 0.5279
Epoch 4 Step 1551 Train Loss: 0.4824
Epoch 4: Train Overall MSE: 0.0044 Validation Overall MSE: 0.0057. 
Train Top 20 DE MSE: 0.1099 Validation Top 20 DE MSE: 0.2604. 
Epoch 5 Step 1 Train Loss: 0.4607
Epoch 5 Step 51 Train Loss: 0.4915
Epoch 5 Step 101 Train Loss: 0.5208
Epoch 5 Step 151 Train Loss: 0.4948
Epoch 5 Step 201 Train Loss: 0.4874
Epoch 5 Step 251 Train Loss: 0.5718
Epoch 5 Step 301 Train Loss: 0.5673
Epoch 5 Step 351 Train Loss: 0.5383
Epoch 5 Step 401 Train Loss: 0.5862
Epoch 5 Step 451 Train Loss: 0.4247
Epoch 5 Step 501 Train Loss: 0.4888
Epoch 5 Step 551 Train Loss: 0.4581
Epoch 5 Step 601 Train Loss: 0.4920
Epoch 5 Step 651 Train Loss: 0.5533
Epoch 5 Step 701 Train Loss: 0.5375
Epoch 5 Step 751 Train Loss: 0.4506
Epoch 5 Step 801 Train Loss: 0.4309
Epoch 5 Step 851 Train Loss: 0.4674
Epoch 5 Step 901 Train Loss: 0.4830
Epoch 5 Step 951 Train Loss: 0.4966
Epoch 5 Step 1001 Train Loss: 0.5338
Epoch 5 Step 1051 Train Loss: 0.4623
Epoch 5 Step 1101 Train Loss: 0.4446
Epoch 5 Step 1151 Train Loss: 0.4538
Epoch 5 Step 1201 Train Loss: 0.5073
Epoch 5 Step 1251 Train Loss: 0.4810
Epoch 5 Step 1301 Train Loss: 0.4737
Epoch 5 Step 1351 Train Loss: 0.4670
Epoch 5 Step 1401 Train Loss: 0.4607
Epoch 5 Step 1451 Train Loss: 0.5045
Epoch 5 Step 1501 Train Loss: 0.4787
Epoch 5 Step 1551 Train Loss: 0.4912
Epoch 5: Train Overall MSE: 0.0045 Validation Overall MSE: 0.0059. 
Train Top 20 DE MSE: 0.1078 Validation Top 20 DE MSE: 0.2606. 
Epoch 6 Step 1 Train Loss: 0.5115
Epoch 6 Step 51 Train Loss: 0.5067
Epoch 6 Step 101 Train Loss: 0.4921
Epoch 6 Step 151 Train Loss: 0.4483
Epoch 6 Step 201 Train Loss: 0.5162
Epoch 6 Step 251 Train Loss: 0.4819
Epoch 6 Step 301 Train Loss: 0.4377
Epoch 6 Step 351 Train Loss: 0.4985
Epoch 6 Step 401 Train Loss: 0.5136
Epoch 6 Step 451 Train Loss: 0.5405
Epoch 6 Step 501 Train Loss: 0.5216
Epoch 6 Step 551 Train Loss: 0.4646
Epoch 6 Step 601 Train Loss: 0.5022
Epoch 6 Step 651 Train Loss: 0.4981
Epoch 6 Step 701 Train Loss: 0.5709
Epoch 6 Step 751 Train Loss: 0.5072
Epoch 6 Step 801 Train Loss: 0.4727
Epoch 6 Step 851 Train Loss: 0.4659
Epoch 6 Step 901 Train Loss: 0.4570
Epoch 6 Step 951 Train Loss: 0.4825
Epoch 6 Step 1001 Train Loss: 0.4976
Epoch 6 Step 1051 Train Loss: 0.4895
Epoch 6 Step 1101 Train Loss: 0.4396
Epoch 6 Step 1151 Train Loss: 0.5111
Epoch 6 Step 1201 Train Loss: 0.4735
Epoch 6 Step 1251 Train Loss: 0.5408
Epoch 6 Step 1301 Train Loss: 0.5000
Epoch 6 Step 1351 Train Loss: 0.5465
Epoch 6 Step 1401 Train Loss: 0.6836
Epoch 6 Step 1451 Train Loss: 0.5902
Epoch 6 Step 1501 Train Loss: 0.4833
Epoch 6 Step 1551 Train Loss: 0.4630
Epoch 6: Train Overall MSE: 0.0047 Validation Overall MSE: 0.0070. 
Train Top 20 DE MSE: 0.1038 Validation Top 20 DE MSE: 0.2339. 
Epoch 7 Step 1 Train Loss: 0.5968
Epoch 7 Step 51 Train Loss: 0.5030
Epoch 7 Step 101 Train Loss: 0.5089
Epoch 7 Step 151 Train Loss: 0.5015
Epoch 7 Step 201 Train Loss: 0.4959
Epoch 7 Step 251 Train Loss: 0.5015
Epoch 7 Step 301 Train Loss: 0.5818
Epoch 7 Step 351 Train Loss: 0.4801
Epoch 7 Step 401 Train Loss: 0.5098
Epoch 7 Step 451 Train Loss: 0.5249
Epoch 7 Step 501 Train Loss: 0.5316
Epoch 7 Step 551 Train Loss: 0.4666
Epoch 7 Step 601 Train Loss: 0.5050
Epoch 7 Step 651 Train Loss: 0.4391
Epoch 7 Step 701 Train Loss: 0.4596
Epoch 7 Step 751 Train Loss: 0.5118
Epoch 7 Step 801 Train Loss: 0.5448
Epoch 7 Step 851 Train Loss: 0.5075
Epoch 7 Step 901 Train Loss: 0.4878
Epoch 7 Step 951 Train Loss: 0.5135
Epoch 7 Step 1001 Train Loss: 0.5434
Epoch 7 Step 1051 Train Loss: 0.6037
Epoch 7 Step 1101 Train Loss: 0.5430
Epoch 7 Step 1151 Train Loss: 0.4852
Epoch 7 Step 1201 Train Loss: 0.4957
Epoch 7 Step 1251 Train Loss: 0.5328
Epoch 7 Step 1301 Train Loss: 0.4747
Epoch 7 Step 1351 Train Loss: 0.4656
Epoch 7 Step 1401 Train Loss: 0.5237
Epoch 7 Step 1451 Train Loss: 0.4429
Epoch 7 Step 1501 Train Loss: 0.5134
Epoch 7 Step 1551 Train Loss: 0.4554
Epoch 7: Train Overall MSE: 0.0047 Validation Overall MSE: 0.0064. 
Train Top 20 DE MSE: 0.1040 Validation Top 20 DE MSE: 0.2541. 
Epoch 8 Step 1 Train Loss: 0.4268
Epoch 8 Step 51 Train Loss: 0.4982
Epoch 8 Step 101 Train Loss: 0.4650
Epoch 8 Step 151 Train Loss: 0.4994
Epoch 8 Step 201 Train Loss: 0.4440
Epoch 8 Step 251 Train Loss: 0.5207
Epoch 8 Step 301 Train Loss: 0.4929
Epoch 8 Step 351 Train Loss: 0.4692
Epoch 8 Step 401 Train Loss: 0.5087
Epoch 8 Step 451 Train Loss: 0.4817
Epoch 8 Step 501 Train Loss: 0.4643
Epoch 8 Step 551 Train Loss: 0.4422
Epoch 8 Step 601 Train Loss: 0.4662
Epoch 8 Step 651 Train Loss: 0.5121
Epoch 8 Step 701 Train Loss: 0.5079
Epoch 8 Step 751 Train Loss: 0.4821
Epoch 8 Step 801 Train Loss: 0.4719
Epoch 8 Step 851 Train Loss: 0.5481
Epoch 8 Step 901 Train Loss: 0.4954
Epoch 8 Step 951 Train Loss: 0.5031
Epoch 8 Step 1001 Train Loss: 0.4939
Epoch 8 Step 1051 Train Loss: 0.5125
Epoch 8 Step 1101 Train Loss: 0.5149
Epoch 8 Step 1151 Train Loss: 0.5335
Epoch 8 Step 1201 Train Loss: 0.4419
Epoch 8 Step 1251 Train Loss: 0.4771
Epoch 8 Step 1301 Train Loss: 0.4623
Epoch 8 Step 1351 Train Loss: 0.4989
Epoch 8 Step 1401 Train Loss: 0.5024
Epoch 8 Step 1451 Train Loss: 0.4516
Epoch 8 Step 1501 Train Loss: 0.5020
Epoch 8 Step 1551 Train Loss: 0.5122
Epoch 8: Train Overall MSE: 0.0046 Validation Overall MSE: 0.0065. 
Train Top 20 DE MSE: 0.1049 Validation Top 20 DE MSE: 0.2465. 
Epoch 9 Step 1 Train Loss: 0.5132
Epoch 9 Step 51 Train Loss: 0.5240
Epoch 9 Step 101 Train Loss: 0.4535
Epoch 9 Step 151 Train Loss: 0.4814
Epoch 9 Step 201 Train Loss: 0.4558
Epoch 9 Step 251 Train Loss: 0.4992
Epoch 9 Step 301 Train Loss: 0.4664
Epoch 9 Step 351 Train Loss: 0.4946
Epoch 9 Step 401 Train Loss: 0.5728
Epoch 9 Step 451 Train Loss: 0.4719
Epoch 9 Step 501 Train Loss: 0.5269
Epoch 9 Step 551 Train Loss: 0.4867
Epoch 9 Step 601 Train Loss: 0.4900
Epoch 9 Step 651 Train Loss: 0.5009
Epoch 9 Step 701 Train Loss: 0.4668
Epoch 9 Step 751 Train Loss: 0.5322
Epoch 9 Step 801 Train Loss: 0.5177
Epoch 9 Step 851 Train Loss: 0.5719
Epoch 9 Step 901 Train Loss: 0.5162
Epoch 9 Step 951 Train Loss: 0.4518
Epoch 9 Step 1001 Train Loss: 0.5134
Epoch 9 Step 1051 Train Loss: 0.4882
Epoch 9 Step 1101 Train Loss: 0.4328
Epoch 9 Step 1151 Train Loss: 0.4531
Epoch 9 Step 1201 Train Loss: 0.4633
Epoch 9 Step 1251 Train Loss: 0.5045
Epoch 9 Step 1301 Train Loss: 0.5226
Epoch 9 Step 1351 Train Loss: 0.5303
Epoch 9 Step 1401 Train Loss: 0.5120
Epoch 9 Step 1451 Train Loss: 0.4703
Epoch 9 Step 1501 Train Loss: 0.4893
Epoch 9 Step 1551 Train Loss: 0.5719
Epoch 9: Train Overall MSE: 0.0042 Validation Overall MSE: 0.0058. 
Train Top 20 DE MSE: 0.1095 Validation Top 20 DE MSE: 0.2492. 
Epoch 10 Step 1 Train Loss: 0.5075
Epoch 10 Step 51 Train Loss: 0.5066
Epoch 10 Step 101 Train Loss: 0.5400
Epoch 10 Step 151 Train Loss: 0.4809
Epoch 10 Step 201 Train Loss: 0.4177
Epoch 10 Step 251 Train Loss: 0.5398
Epoch 10 Step 301 Train Loss: 0.5673
Epoch 10 Step 351 Train Loss: 0.5152
Epoch 10 Step 401 Train Loss: 0.5374
Epoch 10 Step 451 Train Loss: 0.5005
Epoch 10 Step 501 Train Loss: 0.4739
Epoch 10 Step 551 Train Loss: 0.5141
Epoch 10 Step 601 Train Loss: 0.5009
Epoch 10 Step 651 Train Loss: 0.5092
Epoch 10 Step 701 Train Loss: 0.4817
Epoch 10 Step 751 Train Loss: 0.5554
Epoch 10 Step 801 Train Loss: 0.4439
Epoch 10 Step 851 Train Loss: 0.4475
Epoch 10 Step 901 Train Loss: 0.5745
Epoch 10 Step 951 Train Loss: 0.4809
Epoch 10 Step 1001 Train Loss: 0.4496
Epoch 10 Step 1051 Train Loss: 0.4323
Epoch 10 Step 1101 Train Loss: 0.4717
Epoch 10 Step 1151 Train Loss: 0.5876
Epoch 10 Step 1201 Train Loss: 0.4661
Epoch 10 Step 1251 Train Loss: 0.4755
Epoch 10 Step 1301 Train Loss: 0.4911
Epoch 10 Step 1351 Train Loss: 0.5150
Epoch 10 Step 1401 Train Loss: 0.5413
Epoch 10 Step 1451 Train Loss: 0.5036
Epoch 10 Step 1501 Train Loss: 0.4858
Epoch 10 Step 1551 Train Loss: 0.5549
Epoch 10: Train Overall MSE: 0.0047 Validation Overall MSE: 0.0063. 
Train Top 20 DE MSE: 0.1035 Validation Top 20 DE MSE: 0.2485. 
Epoch 11 Step 1 Train Loss: 0.5339
Epoch 11 Step 51 Train Loss: 0.5205
Epoch 11 Step 101 Train Loss: 0.6110
Epoch 11 Step 151 Train Loss: 0.4677
Epoch 11 Step 201 Train Loss: 0.5560
Epoch 11 Step 251 Train Loss: 0.5623
Epoch 11 Step 301 Train Loss: 0.5396
Epoch 11 Step 351 Train Loss: 0.5203
Epoch 11 Step 401 Train Loss: 0.4733
Epoch 11 Step 451 Train Loss: 0.5221
Epoch 11 Step 501 Train Loss: 0.4793
Epoch 11 Step 551 Train Loss: 0.5101
Epoch 11 Step 601 Train Loss: 0.5271
Epoch 11 Step 651 Train Loss: 0.5264
Epoch 11 Step 701 Train Loss: 0.5581
Epoch 11 Step 751 Train Loss: 0.4906
Epoch 11 Step 801 Train Loss: 0.5289
Epoch 11 Step 851 Train Loss: 0.5117
Epoch 11 Step 901 Train Loss: 0.4987
Epoch 11 Step 951 Train Loss: 0.5548
Epoch 11 Step 1001 Train Loss: 0.4871
Epoch 11 Step 1051 Train Loss: 0.4928
Epoch 11 Step 1101 Train Loss: 0.5535
Epoch 11 Step 1151 Train Loss: 0.4520
Epoch 11 Step 1201 Train Loss: 0.4742
Epoch 11 Step 1251 Train Loss: 0.4278
Epoch 11 Step 1301 Train Loss: 0.4697
Epoch 11 Step 1351 Train Loss: 0.4773
Epoch 11 Step 1401 Train Loss: 0.4801
Epoch 11 Step 1451 Train Loss: 0.4639
Epoch 11 Step 1501 Train Loss: 0.5347
Epoch 11 Step 1551 Train Loss: 0.4873
Epoch 11: Train Overall MSE: 0.0043 Validation Overall MSE: 0.0059. 
Train Top 20 DE MSE: 0.1075 Validation Top 20 DE MSE: 0.2517. 
Epoch 12 Step 1 Train Loss: 0.5081
Epoch 12 Step 51 Train Loss: 0.4964
Epoch 12 Step 101 Train Loss: 0.4609
Epoch 12 Step 151 Train Loss: 0.5030
Epoch 12 Step 201 Train Loss: 0.4503
Epoch 12 Step 251 Train Loss: 0.5336
Epoch 12 Step 301 Train Loss: 0.4713
Epoch 12 Step 351 Train Loss: 0.4902
Epoch 12 Step 401 Train Loss: 0.5677
Epoch 12 Step 451 Train Loss: 0.5689
Epoch 12 Step 501 Train Loss: 0.4360
Epoch 12 Step 551 Train Loss: 0.4532
Epoch 12 Step 601 Train Loss: 0.5144
Epoch 12 Step 651 Train Loss: 0.6339
Epoch 12 Step 701 Train Loss: 0.5036
Epoch 12 Step 751 Train Loss: 0.5124
Epoch 12 Step 801 Train Loss: 0.5088
Epoch 12 Step 851 Train Loss: 0.5198
Epoch 12 Step 901 Train Loss: 0.4615
Epoch 12 Step 951 Train Loss: 0.5896
Epoch 12 Step 1001 Train Loss: 0.4493
Epoch 12 Step 1051 Train Loss: 0.5153
Epoch 12 Step 1101 Train Loss: 0.4962
Epoch 12 Step 1151 Train Loss: 0.4898
Epoch 12 Step 1201 Train Loss: 0.4672
Epoch 12 Step 1251 Train Loss: 0.4654
Epoch 12 Step 1301 Train Loss: 0.4984
Epoch 12 Step 1351 Train Loss: 0.4976
Epoch 12 Step 1401 Train Loss: 0.4454
Epoch 12 Step 1451 Train Loss: 0.4661
Epoch 12 Step 1501 Train Loss: 0.4511
Epoch 12 Step 1551 Train Loss: 0.4768
Epoch 12: Train Overall MSE: 0.0045 Validation Overall MSE: 0.0060. 
Train Top 20 DE MSE: 0.1068 Validation Top 20 DE MSE: 0.2583. 
Epoch 13 Step 1 Train Loss: 0.4806
Epoch 13 Step 51 Train Loss: 0.5998
Epoch 13 Step 101 Train Loss: 0.4507
Epoch 13 Step 151 Train Loss: 0.4952
Epoch 13 Step 201 Train Loss: 0.5326
Epoch 13 Step 251 Train Loss: 0.4884
Epoch 13 Step 301 Train Loss: 0.4910
Epoch 13 Step 351 Train Loss: 0.5707
Epoch 13 Step 401 Train Loss: 0.5273
Epoch 13 Step 451 Train Loss: 0.4671
Epoch 13 Step 501 Train Loss: 0.4304
Epoch 13 Step 551 Train Loss: 0.4782
Epoch 13 Step 601 Train Loss: 0.4603
Epoch 13 Step 651 Train Loss: 0.4972
Epoch 13 Step 701 Train Loss: 0.5188
Epoch 13 Step 751 Train Loss: 0.5123
Epoch 13 Step 801 Train Loss: 0.4923
Epoch 13 Step 851 Train Loss: 0.5834
Epoch 13 Step 901 Train Loss: 0.4602
Epoch 13 Step 951 Train Loss: 0.5407
Epoch 13 Step 1001 Train Loss: 0.4467
Epoch 13 Step 1051 Train Loss: 0.4943
Epoch 13 Step 1101 Train Loss: 0.4431
Epoch 13 Step 1151 Train Loss: 0.4421
Epoch 13 Step 1201 Train Loss: 0.4871
Epoch 13 Step 1251 Train Loss: 0.4616
Epoch 13 Step 1301 Train Loss: 0.5121
Epoch 13 Step 1351 Train Loss: 0.5922
Epoch 13 Step 1401 Train Loss: 0.4795
Epoch 13 Step 1451 Train Loss: 0.5021
Epoch 13 Step 1501 Train Loss: 0.4293
Epoch 13 Step 1551 Train Loss: 0.5013
Epoch 13: Train Overall MSE: 0.0045 Validation Overall MSE: 0.0063. 
Train Top 20 DE MSE: 0.1061 Validation Top 20 DE MSE: 0.2593. 
Epoch 14 Step 1 Train Loss: 0.5012
Epoch 14 Step 51 Train Loss: 0.5190
Epoch 14 Step 101 Train Loss: 0.4554
Epoch 14 Step 151 Train Loss: 0.6127
Epoch 14 Step 201 Train Loss: 0.3979
Epoch 14 Step 251 Train Loss: 0.5640
Epoch 14 Step 301 Train Loss: 0.4947
Epoch 14 Step 351 Train Loss: 0.5864
Epoch 14 Step 401 Train Loss: 0.4887
Epoch 14 Step 451 Train Loss: 0.5391
Epoch 14 Step 501 Train Loss: 0.4715
Epoch 14 Step 551 Train Loss: 0.5243
Epoch 14 Step 601 Train Loss: 0.5740
Epoch 14 Step 651 Train Loss: 0.4605
Epoch 14 Step 701 Train Loss: 0.5006
Epoch 14 Step 751 Train Loss: 0.5099
Epoch 14 Step 801 Train Loss: 0.4963
Epoch 14 Step 851 Train Loss: 0.5150
Epoch 14 Step 901 Train Loss: 0.5594
Epoch 14 Step 951 Train Loss: 0.5021
Epoch 14 Step 1001 Train Loss: 0.5877
Epoch 14 Step 1051 Train Loss: 0.4947
Epoch 14 Step 1101 Train Loss: 0.4560
Epoch 14 Step 1151 Train Loss: 0.4562
Epoch 14 Step 1201 Train Loss: 0.5478
Epoch 14 Step 1251 Train Loss: 0.4615
Epoch 14 Step 1301 Train Loss: 0.5302
Epoch 14 Step 1351 Train Loss: 0.5052
Epoch 14 Step 1401 Train Loss: 0.4773
Epoch 14 Step 1451 Train Loss: 0.5799
Epoch 14 Step 1501 Train Loss: 0.4499
Epoch 14 Step 1551 Train Loss: 0.5323
Epoch 14: Train Overall MSE: 0.0046 Validation Overall MSE: 0.0062. 
Train Top 20 DE MSE: 0.1050 Validation Top 20 DE MSE: 0.2490. 
Epoch 15 Step 1 Train Loss: 0.4334
Epoch 15 Step 51 Train Loss: 0.4604
Epoch 15 Step 101 Train Loss: 0.4466
Epoch 15 Step 151 Train Loss: 0.5828
Epoch 15 Step 201 Train Loss: 0.4958
Epoch 15 Step 251 Train Loss: 0.4654
Epoch 15 Step 301 Train Loss: 0.4334
Epoch 15 Step 351 Train Loss: 0.5975
Epoch 15 Step 401 Train Loss: 0.5300
Epoch 15 Step 451 Train Loss: 0.4825
Epoch 15 Step 501 Train Loss: 0.4710
Epoch 15 Step 551 Train Loss: 0.4634
Epoch 15 Step 601 Train Loss: 0.4090
Epoch 15 Step 651 Train Loss: 0.4540
Epoch 15 Step 701 Train Loss: 0.5288
Epoch 15 Step 751 Train Loss: 0.5619
Epoch 15 Step 801 Train Loss: 0.4936
Epoch 15 Step 851 Train Loss: 0.4749
Epoch 15 Step 901 Train Loss: 0.4351
Epoch 15 Step 951 Train Loss: 0.4985
Epoch 15 Step 1001 Train Loss: 0.5225
Epoch 15 Step 1051 Train Loss: 0.4693
Epoch 15 Step 1101 Train Loss: 0.4325
Epoch 15 Step 1151 Train Loss: 0.4701
Epoch 15 Step 1201 Train Loss: 0.4880
Epoch 15 Step 1251 Train Loss: 0.4882
Epoch 15 Step 1301 Train Loss: 0.5580
Epoch 15 Step 1351 Train Loss: 0.5298
Epoch 15 Step 1401 Train Loss: 0.4411
Epoch 15 Step 1451 Train Loss: 0.4870
Epoch 15 Step 1501 Train Loss: 0.5474
Epoch 15 Step 1551 Train Loss: 0.4852
Epoch 15: Train Overall MSE: 0.0046 Validation Overall MSE: 0.0066. 
Train Top 20 DE MSE: 0.1034 Validation Top 20 DE MSE: 0.2430. 
Epoch 16 Step 1 Train Loss: 0.4675
Epoch 16 Step 51 Train Loss: 0.4816
Epoch 16 Step 101 Train Loss: 0.4946
Epoch 16 Step 151 Train Loss: 0.4840
Epoch 16 Step 201 Train Loss: 0.5801
Epoch 16 Step 251 Train Loss: 0.4558
Epoch 16 Step 301 Train Loss: 0.5632
Epoch 16 Step 351 Train Loss: 0.4879
Epoch 16 Step 401 Train Loss: 0.4630
Epoch 16 Step 451 Train Loss: 0.4470
Epoch 16 Step 501 Train Loss: 0.4369
Epoch 16 Step 551 Train Loss: 0.5016
Epoch 16 Step 601 Train Loss: 0.5006
Epoch 16 Step 651 Train Loss: 0.4539
Epoch 16 Step 701 Train Loss: 0.4606
Epoch 16 Step 751 Train Loss: 0.4640
Epoch 16 Step 801 Train Loss: 0.5759
Epoch 16 Step 851 Train Loss: 0.5745
Epoch 16 Step 901 Train Loss: 0.5452
Epoch 16 Step 951 Train Loss: 0.5025
Epoch 16 Step 1001 Train Loss: 0.4831
Epoch 16 Step 1051 Train Loss: 0.5057
Epoch 16 Step 1101 Train Loss: 0.4785
Epoch 16 Step 1151 Train Loss: 0.5975
Epoch 16 Step 1201 Train Loss: 0.5312
Epoch 16 Step 1251 Train Loss: 0.4880
Epoch 16 Step 1301 Train Loss: 0.4238
Epoch 16 Step 1351 Train Loss: 0.4825
Epoch 16 Step 1401 Train Loss: 0.5353
Epoch 16 Step 1451 Train Loss: 0.4673
Epoch 16 Step 1501 Train Loss: 0.4944
Epoch 16 Step 1551 Train Loss: 0.6290
Epoch 16: Train Overall MSE: 0.0046 Validation Overall MSE: 0.0064. 
Train Top 20 DE MSE: 0.1008 Validation Top 20 DE MSE: 0.2411. 
Epoch 17 Step 1 Train Loss: 0.5011
Epoch 17 Step 51 Train Loss: 0.4368
Epoch 17 Step 101 Train Loss: 0.5273
Epoch 17 Step 151 Train Loss: 0.4650
Epoch 17 Step 201 Train Loss: 0.4385
Epoch 17 Step 251 Train Loss: 0.4706
Epoch 17 Step 301 Train Loss: 0.5591
Epoch 17 Step 351 Train Loss: 0.5071
Epoch 17 Step 401 Train Loss: 0.4674
Epoch 17 Step 451 Train Loss: 0.5043
Epoch 17 Step 501 Train Loss: 0.4302
Epoch 17 Step 551 Train Loss: 0.4411
Epoch 17 Step 601 Train Loss: 0.5474
Epoch 17 Step 651 Train Loss: 0.4157
Epoch 17 Step 701 Train Loss: 0.5094
Epoch 17 Step 751 Train Loss: 0.4860
Epoch 17 Step 801 Train Loss: 0.4770
Epoch 17 Step 851 Train Loss: 0.4717
Epoch 17 Step 901 Train Loss: 0.5968
Epoch 17 Step 951 Train Loss: 0.4939
Epoch 17 Step 1001 Train Loss: 0.4924
Epoch 17 Step 1051 Train Loss: 0.5426
Epoch 17 Step 1101 Train Loss: 0.5035
Epoch 17 Step 1151 Train Loss: 0.5333
Epoch 17 Step 1201 Train Loss: 0.5008
Epoch 17 Step 1251 Train Loss: 0.5455
Epoch 17 Step 1301 Train Loss: 0.5228
Epoch 17 Step 1351 Train Loss: 0.5030
Epoch 17 Step 1401 Train Loss: 0.4749
Epoch 17 Step 1451 Train Loss: 0.5114
Epoch 17 Step 1501 Train Loss: 0.4727
Epoch 17 Step 1551 Train Loss: 0.4594
Epoch 17: Train Overall MSE: 0.0049 Validation Overall MSE: 0.0070. 
Train Top 20 DE MSE: 0.1007 Validation Top 20 DE MSE: 0.2482. 
Epoch 18 Step 1 Train Loss: 0.5210
Epoch 18 Step 51 Train Loss: 0.4709
Epoch 18 Step 101 Train Loss: 0.5167
Epoch 18 Step 151 Train Loss: 0.4702
Epoch 18 Step 201 Train Loss: 0.4478
Epoch 18 Step 251 Train Loss: 0.5465
Epoch 18 Step 301 Train Loss: 0.5844
Epoch 18 Step 351 Train Loss: 0.4865
Epoch 18 Step 401 Train Loss: 0.4750
Epoch 18 Step 451 Train Loss: 0.5424
Epoch 18 Step 501 Train Loss: 0.5777
Epoch 18 Step 551 Train Loss: 0.5042
Epoch 18 Step 601 Train Loss: 0.5070
Epoch 18 Step 651 Train Loss: 0.5586
Epoch 18 Step 701 Train Loss: 0.4204
Epoch 18 Step 751 Train Loss: 0.4731
Epoch 18 Step 801 Train Loss: 0.5479
Epoch 18 Step 851 Train Loss: 0.4948
Epoch 18 Step 901 Train Loss: 0.4780
Epoch 18 Step 951 Train Loss: 0.5186
Epoch 18 Step 1001 Train Loss: 0.5727
Epoch 18 Step 1051 Train Loss: 0.4772
Epoch 18 Step 1101 Train Loss: 0.4217
Epoch 18 Step 1151 Train Loss: 0.4901
Epoch 18 Step 1201 Train Loss: 0.5465
Epoch 18 Step 1251 Train Loss: 0.4906
Epoch 18 Step 1301 Train Loss: 0.5754
Epoch 18 Step 1351 Train Loss: 0.4926
Epoch 18 Step 1401 Train Loss: 0.5348
Epoch 18 Step 1451 Train Loss: 0.5455
Epoch 18 Step 1501 Train Loss: 0.4681
Epoch 18 Step 1551 Train Loss: 0.4996
Epoch 18: Train Overall MSE: 0.0041 Validation Overall MSE: 0.0057. 
Train Top 20 DE MSE: 0.1136 Validation Top 20 DE MSE: 0.2647. 
Epoch 19 Step 1 Train Loss: 0.4394
Epoch 19 Step 51 Train Loss: 0.4605
Epoch 19 Step 101 Train Loss: 0.4661
Epoch 19 Step 151 Train Loss: 0.4471
Epoch 19 Step 201 Train Loss: 0.4496
Epoch 19 Step 251 Train Loss: 0.4633
Epoch 19 Step 301 Train Loss: 0.4784
Epoch 19 Step 351 Train Loss: 0.4257
Epoch 19 Step 401 Train Loss: 0.5164
Epoch 19 Step 451 Train Loss: 0.6528
Epoch 19 Step 501 Train Loss: 0.4558
Epoch 19 Step 551 Train Loss: 0.5289
Epoch 19 Step 601 Train Loss: 0.5709
Epoch 19 Step 651 Train Loss: 0.6243
Epoch 19 Step 701 Train Loss: 0.5088
Epoch 19 Step 751 Train Loss: 0.4588
Epoch 19 Step 801 Train Loss: 0.5010
Epoch 19 Step 851 Train Loss: 0.5482
Epoch 19 Step 901 Train Loss: 0.4255
Epoch 19 Step 951 Train Loss: 0.5789
Epoch 19 Step 1001 Train Loss: 0.6001
Epoch 19 Step 1051 Train Loss: 0.4790
Epoch 19 Step 1101 Train Loss: 0.5688
Epoch 19 Step 1151 Train Loss: 0.5255
Epoch 19 Step 1201 Train Loss: 0.5248
Epoch 19 Step 1251 Train Loss: 0.5601
Epoch 19 Step 1301 Train Loss: 0.5070
Epoch 19 Step 1351 Train Loss: 0.4500
Epoch 19 Step 1401 Train Loss: 0.4709
Epoch 19 Step 1451 Train Loss: 0.4749
Epoch 19 Step 1501 Train Loss: 0.5245
Epoch 19 Step 1551 Train Loss: 0.5655
Epoch 19: Train Overall MSE: 0.0044 Validation Overall MSE: 0.0060. 
Train Top 20 DE MSE: 0.1057 Validation Top 20 DE MSE: 0.2425. 
Epoch 20 Step 1 Train Loss: 0.5097
Epoch 20 Step 51 Train Loss: 0.4659
Epoch 20 Step 101 Train Loss: 0.4613
Epoch 20 Step 151 Train Loss: 0.4886
Epoch 20 Step 201 Train Loss: 0.4845
Epoch 20 Step 251 Train Loss: 0.4474
Epoch 20 Step 301 Train Loss: 0.4987
Epoch 20 Step 351 Train Loss: 0.5721
Epoch 20 Step 401 Train Loss: 0.5532
Epoch 20 Step 451 Train Loss: 0.4646
Epoch 20 Step 501 Train Loss: 0.4848
Epoch 20 Step 551 Train Loss: 0.4800
Epoch 20 Step 601 Train Loss: 0.4596
Epoch 20 Step 651 Train Loss: 0.5527
Epoch 20 Step 701 Train Loss: 0.4515
Epoch 20 Step 751 Train Loss: 0.5309
Epoch 20 Step 801 Train Loss: 0.5245
Epoch 20 Step 851 Train Loss: 0.4522
Epoch 20 Step 901 Train Loss: 0.4831
Epoch 20 Step 951 Train Loss: 0.4972
Epoch 20 Step 1001 Train Loss: 0.5417
Epoch 20 Step 1051 Train Loss: 0.4878
Epoch 20 Step 1101 Train Loss: 0.4681
Epoch 20 Step 1151 Train Loss: 0.4896
Epoch 20 Step 1201 Train Loss: 0.4652
Epoch 20 Step 1251 Train Loss: 0.4706
Epoch 20 Step 1301 Train Loss: 0.5202
Epoch 20 Step 1351 Train Loss: 0.4807
Epoch 20 Step 1401 Train Loss: 0.5439
Epoch 20 Step 1451 Train Loss: 0.4836
Epoch 20 Step 1501 Train Loss: 0.5016
Epoch 20 Step 1551 Train Loss: 0.6144
Epoch 20: Train Overall MSE: 0.0043 Validation Overall MSE: 0.0058. 
Train Top 20 DE MSE: 0.1090 Validation Top 20 DE MSE: 0.2513. 
Epoch 21 Step 1 Train Loss: 0.4784
Epoch 21 Step 51 Train Loss: 0.4507
Epoch 21 Step 101 Train Loss: 0.4433
Epoch 21 Step 151 Train Loss: 0.4715
Epoch 21 Step 201 Train Loss: 0.4734
Epoch 21 Step 251 Train Loss: 0.4871
Epoch 21 Step 301 Train Loss: 0.4848
Epoch 21 Step 351 Train Loss: 0.5691
Epoch 21 Step 401 Train Loss: 0.5162
Epoch 21 Step 451 Train Loss: 0.5284
Epoch 21 Step 501 Train Loss: 0.5332
Epoch 21 Step 551 Train Loss: 0.5532
Epoch 21 Step 601 Train Loss: 0.4359
Epoch 21 Step 651 Train Loss: 0.5346
Epoch 21 Step 701 Train Loss: 0.5193
Epoch 21 Step 751 Train Loss: 0.6025
Epoch 21 Step 801 Train Loss: 0.4561
Epoch 21 Step 851 Train Loss: 0.4553
Epoch 21 Step 901 Train Loss: 0.5426
Epoch 21 Step 951 Train Loss: 0.4977
Epoch 21 Step 1001 Train Loss: 0.4417
Epoch 21 Step 1051 Train Loss: 0.5235
Epoch 21 Step 1101 Train Loss: 0.4518
Epoch 21 Step 1151 Train Loss: 0.4845
Epoch 21 Step 1201 Train Loss: 0.5745
Epoch 21 Step 1251 Train Loss: 0.4958
Epoch 21 Step 1301 Train Loss: 0.5303
Epoch 21 Step 1351 Train Loss: 0.4320
Epoch 21 Step 1401 Train Loss: 0.4937
Epoch 21 Step 1451 Train Loss: 0.5208
Epoch 21 Step 1501 Train Loss: 0.5157
Epoch 21 Step 1551 Train Loss: 0.4587
Epoch 21: Train Overall MSE: 0.0047 Validation Overall MSE: 0.0064. 
Train Top 20 DE MSE: 0.1013 Validation Top 20 DE MSE: 0.2608. 
Epoch 22 Step 1 Train Loss: 0.5290
Epoch 22 Step 51 Train Loss: 0.5477
Epoch 22 Step 101 Train Loss: 0.4278
Epoch 22 Step 151 Train Loss: 0.5117
Epoch 22 Step 201 Train Loss: 0.4819
Epoch 22 Step 251 Train Loss: 0.4579
Epoch 22 Step 301 Train Loss: 0.5570
Epoch 22 Step 351 Train Loss: 0.4476
Epoch 22 Step 401 Train Loss: 0.4801
Epoch 22 Step 451 Train Loss: 0.5175
Epoch 22 Step 501 Train Loss: 0.5045
Epoch 22 Step 551 Train Loss: 0.5011
Epoch 22 Step 601 Train Loss: 0.5285
Epoch 22 Step 651 Train Loss: 0.6503
Epoch 22 Step 701 Train Loss: 0.4916
Epoch 22 Step 751 Train Loss: 0.4339
Epoch 22 Step 801 Train Loss: 0.5416
Epoch 22 Step 851 Train Loss: 0.4628
Epoch 22 Step 901 Train Loss: 0.4679
Epoch 22 Step 951 Train Loss: 0.4896
Epoch 22 Step 1001 Train Loss: 0.4992
Epoch 22 Step 1051 Train Loss: 0.4891
Epoch 22 Step 1101 Train Loss: 0.5890
Epoch 22 Step 1151 Train Loss: 0.4376
Epoch 22 Step 1201 Train Loss: 0.4803
Epoch 22 Step 1251 Train Loss: 0.4735
Epoch 22 Step 1301 Train Loss: 0.4300
Epoch 22 Step 1351 Train Loss: 0.5343
Epoch 22 Step 1401 Train Loss: 0.5346
Epoch 22 Step 1451 Train Loss: 0.5030
Epoch 22 Step 1501 Train Loss: 0.4661
Epoch 22 Step 1551 Train Loss: 0.5982
Epoch 22: Train Overall MSE: 0.0044 Validation Overall MSE: 0.0059. 
Train Top 20 DE MSE: 0.1058 Validation Top 20 DE MSE: 0.2510. 
Epoch 23 Step 1 Train Loss: 0.4656
Epoch 23 Step 51 Train Loss: 0.4571
Epoch 23 Step 101 Train Loss: 0.5385
Epoch 23 Step 151 Train Loss: 0.5281
Epoch 23 Step 201 Train Loss: 0.5876
Epoch 23 Step 251 Train Loss: 0.4356
Epoch 23 Step 301 Train Loss: 0.4845
Epoch 23 Step 351 Train Loss: 0.5598
Epoch 23 Step 401 Train Loss: 0.4823
Epoch 23 Step 451 Train Loss: 0.4943
Epoch 23 Step 501 Train Loss: 0.5496
Epoch 23 Step 551 Train Loss: 0.5197
Epoch 23 Step 601 Train Loss: 0.4993
Epoch 23 Step 651 Train Loss: 0.4597
Epoch 23 Step 701 Train Loss: 0.4745
Epoch 23 Step 751 Train Loss: 0.5371
Epoch 23 Step 801 Train Loss: 0.5020
Epoch 23 Step 851 Train Loss: 0.5238
Epoch 23 Step 901 Train Loss: 0.5248
Epoch 23 Step 951 Train Loss: 0.4387
Epoch 23 Step 1001 Train Loss: 0.5332
Epoch 23 Step 1051 Train Loss: 0.4360
Epoch 23 Step 1101 Train Loss: 0.4480
Epoch 23 Step 1151 Train Loss: 0.4346
Epoch 23 Step 1201 Train Loss: 0.4456
Epoch 23 Step 1251 Train Loss: 0.4747
Epoch 23 Step 1301 Train Loss: 0.5189
Epoch 23 Step 1351 Train Loss: 0.4577
Epoch 23 Step 1401 Train Loss: 0.6026
Epoch 23 Step 1451 Train Loss: 0.5459
Epoch 23 Step 1501 Train Loss: 0.4751
Epoch 23 Step 1551 Train Loss: 0.4698
Epoch 23: Train Overall MSE: 0.0047 Validation Overall MSE: 0.0062. 
Train Top 20 DE MSE: 0.1015 Validation Top 20 DE MSE: 0.2536. 
Epoch 24 Step 1 Train Loss: 0.5306
Epoch 24 Step 51 Train Loss: 0.4162
Epoch 24 Step 101 Train Loss: 0.5257
Epoch 24 Step 151 Train Loss: 0.4704
Epoch 24 Step 201 Train Loss: 0.4745
Epoch 24 Step 251 Train Loss: 0.4779
Epoch 24 Step 301 Train Loss: 0.5240
Epoch 24 Step 351 Train Loss: 0.5342
Epoch 24 Step 401 Train Loss: 0.5102
Epoch 24 Step 451 Train Loss: 0.5076
Epoch 24 Step 501 Train Loss: 0.4552
Epoch 24 Step 551 Train Loss: 0.4885
Epoch 24 Step 601 Train Loss: 0.5006
Epoch 24 Step 651 Train Loss: 0.4551
Epoch 24 Step 701 Train Loss: 0.4493
Epoch 24 Step 751 Train Loss: 0.4381
Epoch 24 Step 801 Train Loss: 0.5031
Epoch 24 Step 851 Train Loss: 0.4798
Epoch 24 Step 901 Train Loss: 0.4602
Epoch 24 Step 951 Train Loss: 0.4457
Epoch 24 Step 1001 Train Loss: 0.4781
Epoch 24 Step 1051 Train Loss: 0.4175
Epoch 24 Step 1101 Train Loss: 0.4484
Epoch 24 Step 1151 Train Loss: 0.5138
Epoch 24 Step 1201 Train Loss: 0.6654
Epoch 24 Step 1251 Train Loss: 0.6144
Epoch 24 Step 1301 Train Loss: 0.4884
Epoch 24 Step 1351 Train Loss: 0.4516
Epoch 24 Step 1401 Train Loss: 0.4980
Epoch 24 Step 1451 Train Loss: 0.4723
Epoch 24 Step 1501 Train Loss: 0.4499
Epoch 24 Step 1551 Train Loss: 0.4875
Epoch 24: Train Overall MSE: 0.0046 Validation Overall MSE: 0.0061. 
Train Top 20 DE MSE: 0.1037 Validation Top 20 DE MSE: 0.2586. 
Epoch 25 Step 1 Train Loss: 0.4839
Epoch 25 Step 51 Train Loss: 0.4599
Epoch 25 Step 101 Train Loss: 0.4688
Epoch 25 Step 151 Train Loss: 0.5538
Epoch 25 Step 201 Train Loss: 0.5487
Epoch 25 Step 251 Train Loss: 0.5254
Epoch 25 Step 301 Train Loss: 0.4767
Epoch 25 Step 351 Train Loss: 0.5354
Epoch 25 Step 401 Train Loss: 0.4656
Epoch 25 Step 451 Train Loss: 0.4994
Epoch 25 Step 501 Train Loss: 0.6070
Epoch 25 Step 551 Train Loss: 0.4853
Epoch 25 Step 601 Train Loss: 0.5184
Epoch 25 Step 651 Train Loss: 0.4524
Epoch 25 Step 701 Train Loss: 0.4556
Epoch 25 Step 751 Train Loss: 0.4926
Epoch 25 Step 801 Train Loss: 0.4403
Epoch 25 Step 851 Train Loss: 0.5047
Epoch 25 Step 901 Train Loss: 0.4333
Epoch 25 Step 951 Train Loss: 0.5370
Epoch 25 Step 1001 Train Loss: 0.5138
Epoch 25 Step 1051 Train Loss: 0.4825
Epoch 25 Step 1101 Train Loss: 0.4927
Epoch 25 Step 1151 Train Loss: 0.6016
Epoch 25 Step 1201 Train Loss: 0.4599
Epoch 25 Step 1251 Train Loss: 0.4912
Epoch 25 Step 1301 Train Loss: 0.5362
Epoch 25 Step 1351 Train Loss: 0.5049
Epoch 25 Step 1401 Train Loss: 0.4409
Epoch 25 Step 1451 Train Loss: 0.4673
Epoch 25 Step 1501 Train Loss: 0.5239
Epoch 25 Step 1551 Train Loss: 0.4552
Epoch 25: Train Overall MSE: 0.0045 Validation Overall MSE: 0.0062. 
Train Top 20 DE MSE: 0.1070 Validation Top 20 DE MSE: 0.2568. 
Epoch 26 Step 1 Train Loss: 0.4869
Epoch 26 Step 51 Train Loss: 0.5052
Epoch 26 Step 101 Train Loss: 0.4651
Epoch 26 Step 151 Train Loss: 0.4742
Epoch 26 Step 201 Train Loss: 0.6313
Epoch 26 Step 251 Train Loss: 0.4610
Epoch 26 Step 301 Train Loss: 0.4775
Epoch 26 Step 351 Train Loss: 0.5473
Epoch 26 Step 401 Train Loss: 0.5210
Epoch 26 Step 451 Train Loss: 0.4277
Epoch 26 Step 501 Train Loss: 0.5905
Epoch 26 Step 551 Train Loss: 0.5802
Epoch 26 Step 601 Train Loss: 0.4719
Epoch 26 Step 651 Train Loss: 0.5824
Epoch 26 Step 701 Train Loss: 0.5145
Epoch 26 Step 751 Train Loss: 0.5405
Epoch 26 Step 801 Train Loss: 0.4582
Epoch 26 Step 851 Train Loss: 0.4233
Epoch 26 Step 901 Train Loss: 0.5290
Epoch 26 Step 951 Train Loss: 0.5449
Epoch 26 Step 1001 Train Loss: 0.4282
Epoch 26 Step 1051 Train Loss: 0.4815
Epoch 26 Step 1101 Train Loss: 0.4752
Epoch 26 Step 1151 Train Loss: 0.5806
Epoch 26 Step 1201 Train Loss: 0.4597
Epoch 26 Step 1251 Train Loss: 0.4976
Epoch 26 Step 1301 Train Loss: 0.4722
Epoch 26 Step 1351 Train Loss: 0.4939
Epoch 26 Step 1401 Train Loss: 0.5964
Epoch 26 Step 1451 Train Loss: 0.4544
Epoch 26 Step 1501 Train Loss: 0.4674
Epoch 26 Step 1551 Train Loss: 0.5849
Epoch 26: Train Overall MSE: 0.0047 Validation Overall MSE: 0.0062. 
Train Top 20 DE MSE: 0.1032 Validation Top 20 DE MSE: 0.2544. 
Done!
Start Testing...
Best performing model: Test Top 20 DE MSE: 0.2424
Start doing subgroup analysis for simulation split...
test_combo_seen0_mse: 0.008552751
test_combo_seen0_pearson: 0.9802455679572007
test_combo_seen0_mse_de: 0.12318455
test_combo_seen0_pearson_de: 0.7489171096288677
test_combo_seen1_mse: 0.011188857
test_combo_seen1_pearson: 0.9734275020383407
test_combo_seen1_mse_de: 0.21228172
test_combo_seen1_pearson_de: 0.8357632415849747
test_combo_seen2_mse: 0.013810961
test_combo_seen2_pearson: 0.9675070498169797
test_combo_seen2_mse_de: 0.38571382
test_combo_seen2_pearson_de: 0.8438361442549649
test_unseen_single_mse: 0.0050622365
test_unseen_single_pearson: 0.9869620696472885
test_unseen_single_mse_de: 0.2324198
test_unseen_single_pearson_de: 0.8630988989992545
test_combo_seen0_pearson_delta: 0.6188766112264017
test_combo_seen0_frac_opposite_direction_top20_non_dropout: 0.07222222222222223
test_combo_seen0_frac_sigma_below_1_non_dropout: 0.8888888888888888
test_combo_seen0_mse_top20_de_non_dropout: 0.1862712
test_combo_seen1_pearson_delta: 0.4802117466972381
test_combo_seen1_frac_opposite_direction_top20_non_dropout: 0.19069767441860466
test_combo_seen1_frac_sigma_below_1_non_dropout: 0.7558139534883721
test_combo_seen1_mse_top20_de_non_dropout: 0.2892019
test_combo_seen2_pearson_delta: 0.4224721317028826
test_combo_seen2_frac_opposite_direction_top20_non_dropout: 0.24473684210526314
test_combo_seen2_frac_sigma_below_1_non_dropout: 0.6842105263157895
test_combo_seen2_mse_top20_de_non_dropout: 0.4080358
test_unseen_single_pearson_delta: 0.3633011430982013
test_unseen_single_frac_opposite_direction_top20_non_dropout: 0.24583333333333332
test_unseen_single_frac_sigma_below_1_non_dropout: 0.8236111111111111
test_unseen_single_mse_top20_de_non_dropout: 0.25095826
Done!
[I 2026-03-08 16:09:41,598] Trial 0 finished with value: 0.2424 and parameters: {'hidden_size': 16, 'epochs': 26, 'lr': 5.3196876635499066e-05, 'weight_decay': 2.484912606443544e-07}. Best is trial 0 with value: 0.2424.
here1
all the data have been prepared
model has been trained. saving model now ...
[OK] saved model to: /data/projects/31010032/xuanhong/GEARS/downstreak/beyesian_para/trial_0000_hs16_ep26_lr5.32e-05_wd2.48e-07
[OK] saved metrics.json to: /data/projects/31010032/xuanhong/GEARS/downstreak/beyesian_para/trial_0000_hs16_ep26_lr5.32e-05_wd2.48e-07
[OK] saved pert_metrics.csv to: /data/projects/31010032/xuanhong/GEARS/downstreak/beyesian_para/trial_0000_hs16_ep26_lr5.32e-05_wd2.48e-07
Best trial:
  Value: 0.2424
  Params: {'hidden_size': 16, 'epochs': 26, 'lr': 5.3196876635499066e-05, 'weight_decay': 2.484912606443544e-07}
