/home/users/nus/jun_lu/.conda/envs/GEARS/lib/python3.11/site-packages/scanpy/_utils/__init__.py:27: FutureWarning: `__version__` is deprecated, use `importlib.metadata.version('anndata')` instead.
  from anndata import __version__ as anndata_version
/home/users/nus/jun_lu/.conda/envs/GEARS/lib/python3.11/site-packages/anndata/__init__.py:70: FutureWarning: Importing read_csv from `anndata` is deprecated. Import anndata.io.read_csv instead.
  return module_get_attr_redirect(attr_name, deprecated_mapping=_DEPRECATED)
/home/users/nus/jun_lu/.conda/envs/GEARS/lib/python3.11/site-packages/anndata/__init__.py:70: FutureWarning: Importing read_excel from `anndata` is deprecated. Import anndata.io.read_excel instead.
  return module_get_attr_redirect(attr_name, deprecated_mapping=_DEPRECATED)
/home/users/nus/jun_lu/.conda/envs/GEARS/lib/python3.11/site-packages/anndata/__init__.py:70: FutureWarning: Importing read_hdf from `anndata` is deprecated. Import anndata.io.read_hdf instead.
  return module_get_attr_redirect(attr_name, deprecated_mapping=_DEPRECATED)
/home/users/nus/jun_lu/.conda/envs/GEARS/lib/python3.11/site-packages/anndata/__init__.py:70: FutureWarning: Importing read_loom from `anndata` is deprecated. Import anndata.io.read_loom instead.
  return module_get_attr_redirect(attr_name, deprecated_mapping=_DEPRECATED)
/home/users/nus/jun_lu/.conda/envs/GEARS/lib/python3.11/site-packages/anndata/__init__.py:70: FutureWarning: Importing read_mtx from `anndata` is deprecated. Import anndata.io.read_mtx instead.
  return module_get_attr_redirect(attr_name, deprecated_mapping=_DEPRECATED)
/home/users/nus/jun_lu/.conda/envs/GEARS/lib/python3.11/site-packages/anndata/__init__.py:70: FutureWarning: Importing read_text from `anndata` is deprecated. Import anndata.io.read_text instead.
  return module_get_attr_redirect(attr_name, deprecated_mapping=_DEPRECATED)
/home/users/nus/jun_lu/.conda/envs/GEARS/lib/python3.11/site-packages/anndata/__init__.py:70: FutureWarning: Importing read_umi_tools from `anndata` is deprecated. Import anndata.io.read_umi_tools instead.
  return module_get_attr_redirect(attr_name, deprecated_mapping=_DEPRECATED)
Found local copy...
Found local copy...
Found local copy...
These perturbations are not in the GO graph and their perturbation can thus not be predicted
['RHOXF2BB+ctrl' 'LYL1+IER5L' 'ctrl+IER5L' 'KIAA1804+ctrl' 'IER5L+ctrl'
 'RHOXF2BB+ZBTB25' 'RHOXF2BB+SET']
Local copy of pyg dataset is detected. Loading...
Done!
Local copy of split is detected. Loading...
Simulation split test composition:
combo_seen0:9
combo_seen1:43
combo_seen2:19
unseen_single:36
Done!
Creating dataloaders....
Done!
[I 2026-03-08 16:11:56,173] Using an existing study with name 'hyperparameters' instead of creating a new one.
Found local copy...
Start Training...
Epoch 1 Step 1 Train Loss: 0.5033
Epoch 1 Step 51 Train Loss: 0.5189
Epoch 1 Step 101 Train Loss: 0.5593
Epoch 1 Step 151 Train Loss: 0.4633
Epoch 1 Step 201 Train Loss: 0.4371
Epoch 1 Step 251 Train Loss: 0.4686
Epoch 1 Step 301 Train Loss: 0.4637
Epoch 1 Step 351 Train Loss: 0.6064
Epoch 1 Step 401 Train Loss: 0.3978
Epoch 1 Step 451 Train Loss: 0.4539
Epoch 1 Step 501 Train Loss: 0.5126
Epoch 1 Step 551 Train Loss: 0.4631
Epoch 1 Step 601 Train Loss: 0.5046
Epoch 1 Step 651 Train Loss: 0.4615
Epoch 1 Step 701 Train Loss: 0.4551
Epoch 1 Step 751 Train Loss: 0.4997
Epoch 1 Step 801 Train Loss: 0.4852
Epoch 1 Step 851 Train Loss: 0.4144
Epoch 1 Step 901 Train Loss: 0.4264
Epoch 1 Step 951 Train Loss: 0.3878
Epoch 1 Step 1001 Train Loss: 0.4932
Epoch 1 Step 1051 Train Loss: 0.6495
Epoch 1 Step 1101 Train Loss: 0.6314
Epoch 1 Step 1151 Train Loss: 0.4562
Epoch 1 Step 1201 Train Loss: 0.4222
Epoch 1 Step 1251 Train Loss: 0.4682
Epoch 1 Step 1301 Train Loss: 0.5522
Epoch 1 Step 1351 Train Loss: 0.4739
Epoch 1 Step 1401 Train Loss: 0.4222
Epoch 1 Step 1451 Train Loss: 0.5045
Epoch 1 Step 1501 Train Loss: 0.4459
Epoch 1 Step 1551 Train Loss: 0.4643
Epoch 1: Train Overall MSE: 0.0051 Validation Overall MSE: 0.0053. 
Train Top 20 DE MSE: 0.3793 Validation Top 20 DE MSE: 0.4636. 
Epoch 2 Step 1 Train Loss: 0.4244
Epoch 2 Step 51 Train Loss: 0.5417
Epoch 2 Step 101 Train Loss: 0.5808
Epoch 2 Step 151 Train Loss: 0.5112
Epoch 2 Step 201 Train Loss: 0.5478
Epoch 2 Step 251 Train Loss: 0.5401
Epoch 2 Step 301 Train Loss: 0.4906
Epoch 2 Step 351 Train Loss: 0.5647
Epoch 2 Step 401 Train Loss: 0.4179
Epoch 2 Step 451 Train Loss: 0.3891
Epoch 2 Step 501 Train Loss: 0.4768
Epoch 2 Step 551 Train Loss: 0.6180
Epoch 2 Step 601 Train Loss: 0.4891
Epoch 2 Step 651 Train Loss: 0.4711
Epoch 2 Step 701 Train Loss: 0.4056
Epoch 2 Step 751 Train Loss: 0.5291
Epoch 2 Step 801 Train Loss: 0.4526
Epoch 2 Step 851 Train Loss: 0.5520
Epoch 2 Step 901 Train Loss: 0.4652
Epoch 2 Step 951 Train Loss: 0.4502
Epoch 2 Step 1001 Train Loss: 0.5518
Epoch 2 Step 1051 Train Loss: 0.3978
Epoch 2 Step 1101 Train Loss: 0.4049
Epoch 2 Step 1151 Train Loss: 0.4816
Epoch 2 Step 1201 Train Loss: 0.4265
Epoch 2 Step 1251 Train Loss: 0.4120
Epoch 2 Step 1301 Train Loss: 0.4596
Epoch 2 Step 1351 Train Loss: 0.4616
Epoch 2 Step 1401 Train Loss: 0.4899
Epoch 2 Step 1451 Train Loss: 0.4644
Epoch 2 Step 1501 Train Loss: 0.5601
Epoch 2 Step 1551 Train Loss: 0.4684
Epoch 2: Train Overall MSE: 0.0049 Validation Overall MSE: 0.0051. 
Train Top 20 DE MSE: 0.3744 Validation Top 20 DE MSE: 0.4581. 
Epoch 3 Step 1 Train Loss: 0.4904
Epoch 3 Step 51 Train Loss: 0.5290
Epoch 3 Step 101 Train Loss: 0.4881
Epoch 3 Step 151 Train Loss: 0.5000
Epoch 3 Step 201 Train Loss: 0.4628
Epoch 3 Step 251 Train Loss: 0.4418
Epoch 3 Step 301 Train Loss: 0.4809
Epoch 3 Step 351 Train Loss: 0.4271
Epoch 3 Step 401 Train Loss: 0.6092
Epoch 3 Step 451 Train Loss: 0.4773
Epoch 3 Step 501 Train Loss: 0.5064
Epoch 3 Step 551 Train Loss: 0.4255
Epoch 3 Step 601 Train Loss: 0.4755
Epoch 3 Step 651 Train Loss: 0.3950
Epoch 3 Step 701 Train Loss: 0.5581
Epoch 3 Step 751 Train Loss: 0.5481
Epoch 3 Step 801 Train Loss: 0.3948
Epoch 3 Step 851 Train Loss: 0.4418
Epoch 3 Step 901 Train Loss: 0.5412
Epoch 3 Step 951 Train Loss: 0.6243
Epoch 3 Step 1001 Train Loss: 0.4764
Epoch 3 Step 1051 Train Loss: 0.6498
Epoch 3 Step 1101 Train Loss: 0.4738
Epoch 3 Step 1151 Train Loss: 0.5003
Epoch 3 Step 1201 Train Loss: 0.4270
Epoch 3 Step 1251 Train Loss: 0.6125
Epoch 3 Step 1301 Train Loss: 0.5330
Epoch 3 Step 1351 Train Loss: 0.4763
Epoch 3 Step 1401 Train Loss: 0.5049
Epoch 3 Step 1451 Train Loss: 0.5663
Epoch 3 Step 1501 Train Loss: 0.5604
Epoch 3 Step 1551 Train Loss: 0.4110
Epoch 3: Train Overall MSE: 0.0049 Validation Overall MSE: 0.0051. 
Train Top 20 DE MSE: 0.3696 Validation Top 20 DE MSE: 0.4547. 
Epoch 4 Step 1 Train Loss: 0.5529
Epoch 4 Step 51 Train Loss: 0.4978
Epoch 4 Step 101 Train Loss: 0.5138
Epoch 4 Step 151 Train Loss: 0.4664
Epoch 4 Step 201 Train Loss: 0.4331
Epoch 4 Step 251 Train Loss: 0.4260
Epoch 4 Step 301 Train Loss: 0.5455
Epoch 4 Step 351 Train Loss: 0.5241
Epoch 4 Step 401 Train Loss: 0.4196
Epoch 4 Step 451 Train Loss: 0.3944
Epoch 4 Step 501 Train Loss: 0.4903
Epoch 4 Step 551 Train Loss: 0.5348
Epoch 4 Step 601 Train Loss: 0.4747
Epoch 4 Step 651 Train Loss: 0.4281
Epoch 4 Step 701 Train Loss: 0.4197
Epoch 4 Step 751 Train Loss: 0.4580
Epoch 4 Step 801 Train Loss: 0.4036
Epoch 4 Step 851 Train Loss: 0.4775
Epoch 4 Step 901 Train Loss: 0.5270
Epoch 4 Step 951 Train Loss: 0.5809
Epoch 4 Step 1001 Train Loss: 0.4445
Epoch 4 Step 1051 Train Loss: 0.4672
Epoch 4 Step 1101 Train Loss: 0.5096
Epoch 4 Step 1151 Train Loss: 0.4152
Epoch 4 Step 1201 Train Loss: 0.4991
Epoch 4 Step 1251 Train Loss: 0.5471
Epoch 4 Step 1301 Train Loss: 0.3942
Epoch 4 Step 1351 Train Loss: 0.4609
Epoch 4 Step 1401 Train Loss: 0.3846
Epoch 4 Step 1451 Train Loss: 0.4220
Epoch 4 Step 1501 Train Loss: 0.4415
Epoch 4 Step 1551 Train Loss: 0.5133
Epoch 4: Train Overall MSE: 0.0049 Validation Overall MSE: 0.0051. 
Train Top 20 DE MSE: 0.3665 Validation Top 20 DE MSE: 0.4511. 
Epoch 5 Step 1 Train Loss: 0.4153
Epoch 5 Step 51 Train Loss: 0.5049
Epoch 5 Step 101 Train Loss: 0.4636
Epoch 5 Step 151 Train Loss: 0.4490
Epoch 5 Step 201 Train Loss: 0.4637
Epoch 5 Step 251 Train Loss: 0.5099
Epoch 5 Step 301 Train Loss: 0.5432
Epoch 5 Step 351 Train Loss: 0.5288
Epoch 5 Step 401 Train Loss: 0.6709
Epoch 5 Step 451 Train Loss: 0.3755
Epoch 5 Step 501 Train Loss: 0.4712
Epoch 5 Step 551 Train Loss: 0.3918
Epoch 5 Step 601 Train Loss: 0.4948
Epoch 5 Step 651 Train Loss: 0.5470
Epoch 5 Step 701 Train Loss: 0.5302
Epoch 5 Step 751 Train Loss: 0.4444
Epoch 5 Step 801 Train Loss: 0.4110
Epoch 5 Step 851 Train Loss: 0.4566
Epoch 5 Step 901 Train Loss: 0.4714
Epoch 5 Step 951 Train Loss: 0.5203
Epoch 5 Step 1001 Train Loss: 0.5272
Epoch 5 Step 1051 Train Loss: 0.4460
Epoch 5 Step 1101 Train Loss: 0.4408
Epoch 5 Step 1151 Train Loss: 0.3937
Epoch 5 Step 1201 Train Loss: 0.5154
Epoch 5 Step 1251 Train Loss: 0.4250
Epoch 5 Step 1301 Train Loss: 0.4464
Epoch 5 Step 1351 Train Loss: 0.4478
Epoch 5 Step 1401 Train Loss: 0.3914
Epoch 5 Step 1451 Train Loss: 0.5026
Epoch 5 Step 1501 Train Loss: 0.4168
Epoch 5 Step 1551 Train Loss: 0.4574
Epoch 5: Train Overall MSE: 0.0048 Validation Overall MSE: 0.0050. 
Train Top 20 DE MSE: 0.3684 Validation Top 20 DE MSE: 0.4539. 
Epoch 6 Step 1 Train Loss: 0.5792
Epoch 6 Step 51 Train Loss: 0.5665
Epoch 6 Step 101 Train Loss: 0.4776
Epoch 6 Step 151 Train Loss: 0.4040
Epoch 6 Step 201 Train Loss: 0.4385
Epoch 6 Step 251 Train Loss: 0.4671
Epoch 6 Step 301 Train Loss: 0.3947
Epoch 6 Step 351 Train Loss: 0.5252
Epoch 6 Step 401 Train Loss: 0.4993
Epoch 6 Step 451 Train Loss: 0.5292
Epoch 6 Step 501 Train Loss: 0.4711
Epoch 6 Step 551 Train Loss: 0.4348
Epoch 6 Step 601 Train Loss: 0.4928
Epoch 6 Step 651 Train Loss: 0.4409
Epoch 6 Step 701 Train Loss: 0.5962
Epoch 6 Step 751 Train Loss: 0.5554
Epoch 6 Step 801 Train Loss: 0.4735
Epoch 6 Step 851 Train Loss: 0.4287
Epoch 6 Step 901 Train Loss: 0.4531
Epoch 6 Step 951 Train Loss: 0.4456
Epoch 6 Step 1001 Train Loss: 0.5234
Epoch 6 Step 1051 Train Loss: 0.4625
Epoch 6 Step 1101 Train Loss: 0.4195
Epoch 6 Step 1151 Train Loss: 0.4948
Epoch 6 Step 1201 Train Loss: 0.4371
Epoch 6 Step 1251 Train Loss: 0.4916
Epoch 6 Step 1301 Train Loss: 0.4737
Epoch 6 Step 1351 Train Loss: 0.5427
Epoch 6 Step 1401 Train Loss: 0.6969
Epoch 6 Step 1451 Train Loss: 0.6352
Epoch 6 Step 1501 Train Loss: 0.4591
Epoch 6 Step 1551 Train Loss: 0.4343
Epoch 6: Train Overall MSE: 0.0048 Validation Overall MSE: 0.0051. 
Train Top 20 DE MSE: 0.3659 Validation Top 20 DE MSE: 0.4505. 
Epoch 7 Step 1 Train Loss: 0.5305
Epoch 7 Step 51 Train Loss: 0.5076
Epoch 7 Step 101 Train Loss: 0.5138
Epoch 7 Step 151 Train Loss: 0.5279
Epoch 7 Step 201 Train Loss: 0.3979
Epoch 7 Step 251 Train Loss: 0.4329
Epoch 7 Step 301 Train Loss: 0.5346
Epoch 7 Step 351 Train Loss: 0.4735
Epoch 7 Step 401 Train Loss: 0.5087
Epoch 7 Step 451 Train Loss: 0.4960
Epoch 7 Step 501 Train Loss: 0.4733
Epoch 7 Step 551 Train Loss: 0.4467
Epoch 7 Step 601 Train Loss: 0.4527
Epoch 7 Step 651 Train Loss: 0.4322
Epoch 7 Step 701 Train Loss: 0.4589
Epoch 7 Step 751 Train Loss: 0.4981
Epoch 7 Step 801 Train Loss: 0.4737
Epoch 7 Step 851 Train Loss: 0.4659
Epoch 7 Step 901 Train Loss: 0.5190
Epoch 7 Step 951 Train Loss: 0.4614
Epoch 7 Step 1001 Train Loss: 0.4961
Epoch 7 Step 1051 Train Loss: 0.6532
Epoch 7 Step 1101 Train Loss: 0.4903
Epoch 7 Step 1151 Train Loss: 0.5138
Epoch 7 Step 1201 Train Loss: 0.4959
Epoch 7 Step 1251 Train Loss: 0.5962
Epoch 7 Step 1301 Train Loss: 0.4753
Epoch 7 Step 1351 Train Loss: 0.4540
Epoch 7 Step 1401 Train Loss: 0.5208
Epoch 7 Step 1451 Train Loss: 0.4130
Epoch 7 Step 1501 Train Loss: 0.4910
Epoch 7 Step 1551 Train Loss: 0.4150
Epoch 7: Train Overall MSE: 0.0048 Validation Overall MSE: 0.0050. 
Train Top 20 DE MSE: 0.3672 Validation Top 20 DE MSE: 0.4526. 
Epoch 8 Step 1 Train Loss: 0.3659
Epoch 8 Step 51 Train Loss: 0.4468
Epoch 8 Step 101 Train Loss: 0.4385
Epoch 8 Step 151 Train Loss: 0.4477
Epoch 8 Step 201 Train Loss: 0.4158
Epoch 8 Step 251 Train Loss: 0.4668
Epoch 8 Step 301 Train Loss: 0.4363
Epoch 8 Step 351 Train Loss: 0.4353
Epoch 8 Step 401 Train Loss: 0.5523
Epoch 8 Step 451 Train Loss: 0.4493
Epoch 8 Step 501 Train Loss: 0.4665
Epoch 8 Step 551 Train Loss: 0.3944
Epoch 8 Step 601 Train Loss: 0.4331
Epoch 8 Step 651 Train Loss: 0.4640
Epoch 8 Step 701 Train Loss: 0.4925
Epoch 8 Step 751 Train Loss: 0.5160
Epoch 8 Step 801 Train Loss: 0.4427
Epoch 8 Step 851 Train Loss: 0.4978
Epoch 8 Step 901 Train Loss: 0.5034
Epoch 8 Step 951 Train Loss: 0.5446
Epoch 8 Step 1001 Train Loss: 0.4313
Epoch 8 Step 1051 Train Loss: 0.4586
Epoch 8 Step 1101 Train Loss: 0.4608
Epoch 8 Step 1151 Train Loss: 0.5191
Epoch 8 Step 1201 Train Loss: 0.4013
Epoch 8 Step 1251 Train Loss: 0.4789
Epoch 8 Step 1301 Train Loss: 0.4307
Epoch 8 Step 1351 Train Loss: 0.4503
Epoch 8 Step 1401 Train Loss: 0.5001
Epoch 8 Step 1451 Train Loss: 0.4426
Epoch 8 Step 1501 Train Loss: 0.4807
Epoch 8 Step 1551 Train Loss: 0.5215
Epoch 8: Train Overall MSE: 0.0048 Validation Overall MSE: 0.0050. 
Train Top 20 DE MSE: 0.3665 Validation Top 20 DE MSE: 0.4506. 
Epoch 9 Step 1 Train Loss: 0.4814
Epoch 9 Step 51 Train Loss: 0.5274
Epoch 9 Step 101 Train Loss: 0.3979
Epoch 9 Step 151 Train Loss: 0.4574
Epoch 9 Step 201 Train Loss: 0.3971
Epoch 9 Step 251 Train Loss: 0.4879
Epoch 9 Step 301 Train Loss: 0.4562
Epoch 9 Step 351 Train Loss: 0.5326
Epoch 9 Step 401 Train Loss: 0.6123
Epoch 9 Step 451 Train Loss: 0.4889
Epoch 9 Step 501 Train Loss: 0.4757
Epoch 9 Step 551 Train Loss: 0.4958
Epoch 9 Step 601 Train Loss: 0.4820
Epoch 9 Step 651 Train Loss: 0.4258
Epoch 9 Step 701 Train Loss: 0.4560
Epoch 9 Step 751 Train Loss: 0.5616
Epoch 9 Step 801 Train Loss: 0.4910
Epoch 9 Step 851 Train Loss: 0.5351
Epoch 9 Step 901 Train Loss: 0.5015
Epoch 9 Step 951 Train Loss: 0.3978
Epoch 9 Step 1001 Train Loss: 0.4598
Epoch 9 Step 1051 Train Loss: 0.4586
Epoch 9 Step 1101 Train Loss: 0.4005
Epoch 9 Step 1151 Train Loss: 0.3899
Epoch 9 Step 1201 Train Loss: 0.4252
Epoch 9 Step 1251 Train Loss: 0.5097
Epoch 9 Step 1301 Train Loss: 0.5237
Epoch 9 Step 1351 Train Loss: 0.5023
Epoch 9 Step 1401 Train Loss: 0.4962
Epoch 9 Step 1451 Train Loss: 0.4420
Epoch 9 Step 1501 Train Loss: 0.4358
Epoch 9 Step 1551 Train Loss: 0.5802
Epoch 9: Train Overall MSE: 0.0048 Validation Overall MSE: 0.0050. 
Train Top 20 DE MSE: 0.3694 Validation Top 20 DE MSE: 0.4544. 
Epoch 10 Step 1 Train Loss: 0.5057
Epoch 10 Step 51 Train Loss: 0.5531
Epoch 10 Step 101 Train Loss: 0.5347
Epoch 10 Step 151 Train Loss: 0.4844
Epoch 10 Step 201 Train Loss: 0.3924
Epoch 10 Step 251 Train Loss: 0.5234
Epoch 10 Step 301 Train Loss: 0.5776
Epoch 10 Step 351 Train Loss: 0.4966
Epoch 10 Step 401 Train Loss: 0.5276
Epoch 10 Step 451 Train Loss: 0.4604
Epoch 10 Step 501 Train Loss: 0.4810
Epoch 10 Step 551 Train Loss: 0.5215
Epoch 10 Step 601 Train Loss: 0.4547
Epoch 10 Step 651 Train Loss: 0.5047
Epoch 10 Step 701 Train Loss: 0.4868
Epoch 10 Step 751 Train Loss: 0.5715
Epoch 10 Step 801 Train Loss: 0.4375
Epoch 10 Step 851 Train Loss: 0.3921
Epoch 10 Step 901 Train Loss: 0.6480
Epoch 10 Step 951 Train Loss: 0.4345
Epoch 10 Step 1001 Train Loss: 0.4077
Epoch 10 Step 1051 Train Loss: 0.3737
Epoch 10 Step 1101 Train Loss: 0.4434
Epoch 10 Step 1151 Train Loss: 0.5729
Epoch 10 Step 1201 Train Loss: 0.4138
Epoch 10 Step 1251 Train Loss: 0.4375
Epoch 10 Step 1301 Train Loss: 0.4738
Epoch 10 Step 1351 Train Loss: 0.5192
Epoch 10 Step 1401 Train Loss: 0.5861
Epoch 10 Step 1451 Train Loss: 0.4598
Epoch 10 Step 1501 Train Loss: 0.5243
Epoch 10 Step 1551 Train Loss: 0.5416
Epoch 10: Train Overall MSE: 0.0048 Validation Overall MSE: 0.0051. 
Train Top 20 DE MSE: 0.3657 Validation Top 20 DE MSE: 0.4510. 
Epoch 11 Step 1 Train Loss: 0.5124
Epoch 11 Step 51 Train Loss: 0.5204
Epoch 11 Step 101 Train Loss: 0.6746
Epoch 11 Step 151 Train Loss: 0.4263
Epoch 11 Step 201 Train Loss: 0.4919
Epoch 11 Step 251 Train Loss: 0.6099
Epoch 11 Step 301 Train Loss: 0.5077
Epoch 11 Step 351 Train Loss: 0.5661
Epoch 11 Step 401 Train Loss: 0.4043
Epoch 11 Step 451 Train Loss: 0.5422
Epoch 11 Step 501 Train Loss: 0.4310
Epoch 11 Step 551 Train Loss: 0.4771
Epoch 11 Step 601 Train Loss: 0.5246
Epoch 11 Step 651 Train Loss: 0.5332
Epoch 11 Step 701 Train Loss: 0.5326
Epoch 11 Step 751 Train Loss: 0.5142
Epoch 11 Step 801 Train Loss: 0.5098
Epoch 11 Step 851 Train Loss: 0.4876
Epoch 11 Step 901 Train Loss: 0.4505
Epoch 11 Step 951 Train Loss: 0.5150
Epoch 11 Step 1001 Train Loss: 0.4935
Epoch 11 Step 1051 Train Loss: 0.5065
Epoch 11 Step 1101 Train Loss: 0.5434
Epoch 11 Step 1151 Train Loss: 0.4180
Epoch 11 Step 1201 Train Loss: 0.4542
Epoch 11 Step 1251 Train Loss: 0.3586
Epoch 11 Step 1301 Train Loss: 0.5008
Epoch 11 Step 1351 Train Loss: 0.5167
Epoch 11 Step 1401 Train Loss: 0.4332
Epoch 11 Step 1451 Train Loss: 0.4716
Epoch 11 Step 1501 Train Loss: 0.5475
Epoch 11 Step 1551 Train Loss: 0.4883
Epoch 11: Train Overall MSE: 0.0048 Validation Overall MSE: 0.0051. 
Train Top 20 DE MSE: 0.3656 Validation Top 20 DE MSE: 0.4497. 
Epoch 12 Step 1 Train Loss: 0.5154
Epoch 12 Step 51 Train Loss: 0.4949
Epoch 12 Step 101 Train Loss: 0.4278
Epoch 12 Step 151 Train Loss: 0.4507
Epoch 12 Step 201 Train Loss: 0.4060
Epoch 12 Step 251 Train Loss: 0.5063
Epoch 12 Step 301 Train Loss: 0.4281
Epoch 12 Step 351 Train Loss: 0.4518
Epoch 12 Step 401 Train Loss: 0.6079
Epoch 12 Step 451 Train Loss: 0.5421
Epoch 12 Step 501 Train Loss: 0.3937
Epoch 12 Step 551 Train Loss: 0.4034
Epoch 12 Step 601 Train Loss: 0.4501
Epoch 12 Step 651 Train Loss: 0.6411
Epoch 12 Step 701 Train Loss: 0.4500
Epoch 12 Step 751 Train Loss: 0.4658
Epoch 12 Step 801 Train Loss: 0.4815
Epoch 12 Step 851 Train Loss: 0.4606
Epoch 12 Step 901 Train Loss: 0.4115
Epoch 12 Step 951 Train Loss: 0.5280
Epoch 12 Step 1001 Train Loss: 0.4385
Epoch 12 Step 1051 Train Loss: 0.5036
Epoch 12 Step 1101 Train Loss: 0.5101
Epoch 12 Step 1151 Train Loss: 0.4542
Epoch 12 Step 1201 Train Loss: 0.4016
Epoch 12 Step 1251 Train Loss: 0.4298
Epoch 12 Step 1301 Train Loss: 0.4182
Epoch 12 Step 1351 Train Loss: 0.4391
Epoch 12 Step 1401 Train Loss: 0.4001
Epoch 12 Step 1451 Train Loss: 0.4048
Epoch 12 Step 1501 Train Loss: 0.4256
Epoch 12 Step 1551 Train Loss: 0.4683
Epoch 12: Train Overall MSE: 0.0048 Validation Overall MSE: 0.0050. 
Train Top 20 DE MSE: 0.3661 Validation Top 20 DE MSE: 0.4516. 
Epoch 13 Step 1 Train Loss: 0.4743
Epoch 13 Step 51 Train Loss: 0.5957
Epoch 13 Step 101 Train Loss: 0.4262
Epoch 13 Step 151 Train Loss: 0.4517
Epoch 13 Step 201 Train Loss: 0.5053
Epoch 13 Step 251 Train Loss: 0.4521
Epoch 13 Step 301 Train Loss: 0.4856
Epoch 13 Step 351 Train Loss: 0.5538
Epoch 13 Step 401 Train Loss: 0.5231
Epoch 13 Step 451 Train Loss: 0.4428
Epoch 13 Step 501 Train Loss: 0.3990
Epoch 13 Step 551 Train Loss: 0.4461
Epoch 13 Step 601 Train Loss: 0.4490
Epoch 13 Step 651 Train Loss: 0.4716
Epoch 13 Step 701 Train Loss: 0.5292
Epoch 13 Step 751 Train Loss: 0.4854
Epoch 13 Step 801 Train Loss: 0.4260
Epoch 13 Step 851 Train Loss: 0.5961
Epoch 13 Step 901 Train Loss: 0.4099
Epoch 13 Step 951 Train Loss: 0.6302
Epoch 13 Step 1001 Train Loss: 0.4329
Epoch 13 Step 1051 Train Loss: 0.5512
Epoch 13 Step 1101 Train Loss: 0.3838
Epoch 13 Step 1151 Train Loss: 0.3834
Epoch 13 Step 1201 Train Loss: 0.4435
Epoch 13 Step 1251 Train Loss: 0.4274
Epoch 13 Step 1301 Train Loss: 0.4642
Epoch 13 Step 1351 Train Loss: 0.5670
Epoch 13 Step 1401 Train Loss: 0.4629
Epoch 13 Step 1451 Train Loss: 0.4913
Epoch 13 Step 1501 Train Loss: 0.4233
Epoch 13 Step 1551 Train Loss: 0.4963
Epoch 13: Train Overall MSE: 0.0048 Validation Overall MSE: 0.0051. 
Train Top 20 DE MSE: 0.3661 Validation Top 20 DE MSE: 0.4524. 
Epoch 14 Step 1 Train Loss: 0.4775
Epoch 14 Step 51 Train Loss: 0.4604
Epoch 14 Step 101 Train Loss: 0.4562
Epoch 14 Step 151 Train Loss: 0.6148
Epoch 14 Step 201 Train Loss: 0.3402
Epoch 14 Step 251 Train Loss: 0.5541
Epoch 14 Step 301 Train Loss: 0.4536
Epoch 14 Step 351 Train Loss: 0.5472
Epoch 14 Step 401 Train Loss: 0.4873
Epoch 14 Step 451 Train Loss: 0.5247
Epoch 14 Step 501 Train Loss: 0.4113
Epoch 14 Step 551 Train Loss: 0.4939
Epoch 14 Step 601 Train Loss: 0.5735
Epoch 14 Step 651 Train Loss: 0.4382
Epoch 14 Step 701 Train Loss: 0.4457
Epoch 14 Step 751 Train Loss: 0.4816
Epoch 14 Step 801 Train Loss: 0.4750
Epoch 14 Step 851 Train Loss: 0.5013
Epoch 14 Step 901 Train Loss: 0.5108
Epoch 14 Step 951 Train Loss: 0.5068
Epoch 14 Step 1001 Train Loss: 0.5483
Epoch 14 Step 1051 Train Loss: 0.4781
Epoch 14 Step 1101 Train Loss: 0.4660
Epoch 14 Step 1151 Train Loss: 0.4150
Epoch 14 Step 1201 Train Loss: 0.5732
Epoch 14 Step 1251 Train Loss: 0.3931
Epoch 14 Step 1301 Train Loss: 0.4897
Epoch 14 Step 1351 Train Loss: 0.5064
Epoch 14 Step 1401 Train Loss: 0.4245
Epoch 14 Step 1451 Train Loss: 0.5726
Epoch 14 Step 1501 Train Loss: 0.4271
Epoch 14 Step 1551 Train Loss: 0.4832
Epoch 14: Train Overall MSE: 0.0048 Validation Overall MSE: 0.0051. 
Train Top 20 DE MSE: 0.3658 Validation Top 20 DE MSE: 0.4518. 
Epoch 15 Step 1 Train Loss: 0.3911
Epoch 15 Step 51 Train Loss: 0.4173
Epoch 15 Step 101 Train Loss: 0.4079
Epoch 15 Step 151 Train Loss: 0.5623
Epoch 15 Step 201 Train Loss: 0.4322
Epoch 15 Step 251 Train Loss: 0.4265
Epoch 15 Step 301 Train Loss: 0.4164
Epoch 15 Step 351 Train Loss: 0.6215
Epoch 15 Step 401 Train Loss: 0.4915
Epoch 15 Step 451 Train Loss: 0.4325
Epoch 15 Step 501 Train Loss: 0.4480
Epoch 15 Step 551 Train Loss: 0.4430
Epoch 15 Step 601 Train Loss: 0.3821
Epoch 15 Step 651 Train Loss: 0.4027
Epoch 15 Step 701 Train Loss: 0.4963
Epoch 15 Step 751 Train Loss: 0.5217
Epoch 15 Step 801 Train Loss: 0.4472
Epoch 15 Step 851 Train Loss: 0.3983
Epoch 15 Step 901 Train Loss: 0.4299
Epoch 15 Step 951 Train Loss: 0.4794
Epoch 15 Step 1001 Train Loss: 0.4505
Epoch 15 Step 1051 Train Loss: 0.4379
Epoch 15 Step 1101 Train Loss: 0.3807
Epoch 15 Step 1151 Train Loss: 0.4338
Epoch 15 Step 1201 Train Loss: 0.4720
Epoch 15 Step 1251 Train Loss: 0.4149
Epoch 15 Step 1301 Train Loss: 0.6298
Epoch 15 Step 1351 Train Loss: 0.4534
Epoch 15 Step 1401 Train Loss: 0.4357
Epoch 15 Step 1451 Train Loss: 0.5096
Epoch 15 Step 1501 Train Loss: 0.5703
Epoch 15 Step 1551 Train Loss: 0.4872
Epoch 15: Train Overall MSE: 0.0048 Validation Overall MSE: 0.0051. 
Train Top 20 DE MSE: 0.3663 Validation Top 20 DE MSE: 0.4521. 
Epoch 16 Step 1 Train Loss: 0.4444
Epoch 16 Step 51 Train Loss: 0.4389
Epoch 16 Step 101 Train Loss: 0.4962
Epoch 16 Step 151 Train Loss: 0.4427
Epoch 16 Step 201 Train Loss: 0.6152
Epoch 16 Step 251 Train Loss: 0.4044
Epoch 16 Step 301 Train Loss: 0.5409
Epoch 16 Step 351 Train Loss: 0.4206
Epoch 16 Step 401 Train Loss: 0.4260
Epoch 16 Step 451 Train Loss: 0.4056
Epoch 16 Step 501 Train Loss: 0.3933
Epoch 16 Step 551 Train Loss: 0.4977
Epoch 16 Step 601 Train Loss: 0.4498
Epoch 16 Step 651 Train Loss: 0.4100
Epoch 16 Step 701 Train Loss: 0.4122
Epoch 16 Step 751 Train Loss: 0.4409
Epoch 16 Step 801 Train Loss: 0.5475
Epoch 16 Step 851 Train Loss: 0.6168
Epoch 16 Step 901 Train Loss: 0.5164
Epoch 16 Step 951 Train Loss: 0.4684
Epoch 16 Step 1001 Train Loss: 0.4320
Epoch 16 Step 1051 Train Loss: 0.4991
Epoch 16 Step 1101 Train Loss: 0.4482
Epoch 16 Step 1151 Train Loss: 0.6777
Epoch 16 Step 1201 Train Loss: 0.5825
Epoch 16 Step 1251 Train Loss: 0.4919
Epoch 16 Step 1301 Train Loss: 0.3630
Epoch 16 Step 1351 Train Loss: 0.4976
Epoch 16 Step 1401 Train Loss: 0.4751
Epoch 16 Step 1451 Train Loss: 0.4583
Epoch 16 Step 1501 Train Loss: 0.4778
Epoch 16 Step 1551 Train Loss: 0.6619
Epoch 16: Train Overall MSE: 0.0048 Validation Overall MSE: 0.0050. 
Train Top 20 DE MSE: 0.3665 Validation Top 20 DE MSE: 0.4515. 
Epoch 17 Step 1 Train Loss: 0.4561
Epoch 17 Step 51 Train Loss: 0.3625
Epoch 17 Step 101 Train Loss: 0.5521
Epoch 17 Step 151 Train Loss: 0.4366
Epoch 17 Step 201 Train Loss: 0.4072
Epoch 17 Step 251 Train Loss: 0.4493
Epoch 17 Step 301 Train Loss: 0.5950
Epoch 17 Step 351 Train Loss: 0.5262
Epoch 17 Step 401 Train Loss: 0.4055
Epoch 17 Step 451 Train Loss: 0.5652
Epoch 17 Step 501 Train Loss: 0.4304
Epoch 17 Step 551 Train Loss: 0.4088
Epoch 17 Step 601 Train Loss: 0.5402
Epoch 17 Step 651 Train Loss: 0.3935
Epoch 17 Step 701 Train Loss: 0.4817
Epoch 17 Step 751 Train Loss: 0.4573
Epoch 17 Step 801 Train Loss: 0.4945
Epoch 17 Step 851 Train Loss: 0.4435
Epoch 17 Step 901 Train Loss: 0.5723
Epoch 17 Step 951 Train Loss: 0.4488
Epoch 17 Step 1001 Train Loss: 0.4307
Epoch 17 Step 1051 Train Loss: 0.4715
Epoch 17 Step 1101 Train Loss: 0.4827
Epoch 17 Step 1151 Train Loss: 0.5566
Epoch 17 Step 1201 Train Loss: 0.5140
Epoch 17 Step 1251 Train Loss: 0.5808
Epoch 17 Step 1301 Train Loss: 0.4955
Epoch 17 Step 1351 Train Loss: 0.5205
Epoch 17 Step 1401 Train Loss: 0.4242
Epoch 17 Step 1451 Train Loss: 0.5015
Epoch 17 Step 1501 Train Loss: 0.4121
Epoch 17 Step 1551 Train Loss: 0.4129
Epoch 17: Train Overall MSE: 0.0049 Validation Overall MSE: 0.0052. 
Train Top 20 DE MSE: 0.3652 Validation Top 20 DE MSE: 0.4511. 
Epoch 18 Step 1 Train Loss: 0.5190
Epoch 18 Step 51 Train Loss: 0.4344
Epoch 18 Step 101 Train Loss: 0.5325
Epoch 18 Step 151 Train Loss: 0.4062
Epoch 18 Step 201 Train Loss: 0.4064
Epoch 18 Step 251 Train Loss: 0.5373
Epoch 18 Step 301 Train Loss: 0.5498
Epoch 18 Step 351 Train Loss: 0.5138
Epoch 18 Step 401 Train Loss: 0.4515
Epoch 18 Step 451 Train Loss: 0.5160
Epoch 18 Step 501 Train Loss: 0.5203
Epoch 18 Step 551 Train Loss: 0.4948
Epoch 18 Step 601 Train Loss: 0.4766
Epoch 18 Step 651 Train Loss: 0.5342
Epoch 18 Step 701 Train Loss: 0.3976
Epoch 18 Step 751 Train Loss: 0.4005
Epoch 18 Step 801 Train Loss: 0.5509
Epoch 18 Step 851 Train Loss: 0.4528
Epoch 18 Step 901 Train Loss: 0.4799
Epoch 18 Step 951 Train Loss: 0.5479
Epoch 18 Step 1001 Train Loss: 0.5718
Epoch 18 Step 1051 Train Loss: 0.5011
Epoch 18 Step 1101 Train Loss: 0.3793
Epoch 18 Step 1151 Train Loss: 0.4593
Epoch 18 Step 1201 Train Loss: 0.5244
Epoch 18 Step 1251 Train Loss: 0.4547
Epoch 18 Step 1301 Train Loss: 0.5539
Epoch 18 Step 1351 Train Loss: 0.4274
Epoch 18 Step 1401 Train Loss: 0.4719
Epoch 18 Step 1451 Train Loss: 0.4851
Epoch 18 Step 1501 Train Loss: 0.4424
Epoch 18 Step 1551 Train Loss: 0.4751
Epoch 18: Train Overall MSE: 0.0048 Validation Overall MSE: 0.0050. 
Train Top 20 DE MSE: 0.3686 Validation Top 20 DE MSE: 0.4561. 
Epoch 19 Step 1 Train Loss: 0.4270
Epoch 19 Step 51 Train Loss: 0.4079
Epoch 19 Step 101 Train Loss: 0.4013
Epoch 19 Step 151 Train Loss: 0.4256
Epoch 19 Step 201 Train Loss: 0.4366
Epoch 19 Step 251 Train Loss: 0.4445
Epoch 19 Step 301 Train Loss: 0.4295
Epoch 19 Step 351 Train Loss: 0.4100
Epoch 19 Step 401 Train Loss: 0.5152
Epoch 19 Step 451 Train Loss: 0.6849
Epoch 19 Step 501 Train Loss: 0.4262
Epoch 19 Step 551 Train Loss: 0.4650
Epoch 19 Step 601 Train Loss: 0.5132
Epoch 19 Step 651 Train Loss: 0.6403
Epoch 19 Step 701 Train Loss: 0.4594
Epoch 19 Step 751 Train Loss: 0.4155
Epoch 19 Step 801 Train Loss: 0.5131
Epoch 19 Step 851 Train Loss: 0.5145
Epoch 19 Step 901 Train Loss: 0.4136
Epoch 19 Step 951 Train Loss: 0.5497
Epoch 19 Step 1001 Train Loss: 0.5895
Epoch 19 Step 1051 Train Loss: 0.4731
Epoch 19 Step 1101 Train Loss: 0.6082
Epoch 19 Step 1151 Train Loss: 0.5194
Epoch 19 Step 1201 Train Loss: 0.5181
Epoch 19 Step 1251 Train Loss: 0.5438
Epoch 19 Step 1301 Train Loss: 0.5003
Epoch 19 Step 1351 Train Loss: 0.4183
Epoch 19 Step 1401 Train Loss: 0.4410
Epoch 19 Step 1451 Train Loss: 0.4067
Epoch 19 Step 1501 Train Loss: 0.4564
Epoch 19 Step 1551 Train Loss: 0.5092
Epoch 19: Train Overall MSE: 0.0048 Validation Overall MSE: 0.0050. 
Train Top 20 DE MSE: 0.3668 Validation Top 20 DE MSE: 0.4519. 
Epoch 20 Step 1 Train Loss: 0.4546
Epoch 20 Step 51 Train Loss: 0.4688
Epoch 20 Step 101 Train Loss: 0.4099
Epoch 20 Step 151 Train Loss: 0.5401
Epoch 20 Step 201 Train Loss: 0.4837
Epoch 20 Step 251 Train Loss: 0.3924
Epoch 20 Step 301 Train Loss: 0.4989
Epoch 20 Step 351 Train Loss: 0.5326
Epoch 20 Step 401 Train Loss: 0.5552
Epoch 20 Step 451 Train Loss: 0.3974
Epoch 20 Step 501 Train Loss: 0.4667
Epoch 20 Step 551 Train Loss: 0.4390
Epoch 20 Step 601 Train Loss: 0.4541
Epoch 20 Step 651 Train Loss: 0.5451
Epoch 20 Step 701 Train Loss: 0.3802
Epoch 20 Step 751 Train Loss: 0.5456
Epoch 20 Step 801 Train Loss: 0.5101
Epoch 20 Step 851 Train Loss: 0.4368
Epoch 20 Step 901 Train Loss: 0.4407
Epoch 20 Step 951 Train Loss: 0.4735
Epoch 20 Step 1001 Train Loss: 0.4593
Epoch 20 Step 1051 Train Loss: 0.4453
Epoch 20 Step 1101 Train Loss: 0.4485
Epoch 20 Step 1151 Train Loss: 0.4794
Epoch 20 Step 1201 Train Loss: 0.4544
Epoch 20 Step 1251 Train Loss: 0.4079
Epoch 20 Step 1301 Train Loss: 0.4627
Epoch 20 Step 1351 Train Loss: 0.4034
Epoch 20 Step 1401 Train Loss: 0.5836
Epoch 20 Step 1451 Train Loss: 0.5012
Epoch 20 Step 1501 Train Loss: 0.4451
Epoch 20 Step 1551 Train Loss: 0.5828
Epoch 20: Train Overall MSE: 0.0048 Validation Overall MSE: 0.0050. 
Train Top 20 DE MSE: 0.3678 Validation Top 20 DE MSE: 0.4538. 
Epoch 21 Step 1 Train Loss: 0.4420
Epoch 21 Step 51 Train Loss: 0.3837
Epoch 21 Step 101 Train Loss: 0.4252
Epoch 21 Step 151 Train Loss: 0.4425
Epoch 21 Step 201 Train Loss: 0.4512
Epoch 21 Step 251 Train Loss: 0.4669
Epoch 21 Step 301 Train Loss: 0.4588
Epoch 21 Step 351 Train Loss: 0.5684
Epoch 21 Step 401 Train Loss: 0.5147
Epoch 21 Step 451 Train Loss: 0.5387
Epoch 21 Step 501 Train Loss: 0.5399
Epoch 21 Step 551 Train Loss: 0.5309
Epoch 21 Step 601 Train Loss: 0.4247
Epoch 21 Step 651 Train Loss: 0.5366
Epoch 21 Step 701 Train Loss: 0.5519
Epoch 21 Step 751 Train Loss: 0.6312
Epoch 21 Step 801 Train Loss: 0.4537
Epoch 21 Step 851 Train Loss: 0.4051
Epoch 21 Step 901 Train Loss: 0.5801
Epoch 21 Step 951 Train Loss: 0.4612
Epoch 21 Step 1001 Train Loss: 0.3920
Epoch 21 Step 1051 Train Loss: 0.5440
Epoch 21 Step 1101 Train Loss: 0.4299
Epoch 21 Step 1151 Train Loss: 0.4367
Epoch 21 Step 1201 Train Loss: 0.4830
Epoch 21 Step 1251 Train Loss: 0.4697
Epoch 21 Step 1301 Train Loss: 0.5313
Epoch 21 Step 1351 Train Loss: 0.4213
Epoch 21 Step 1401 Train Loss: 0.4657
Epoch 21 Step 1451 Train Loss: 0.4975
Epoch 21 Step 1501 Train Loss: 0.5210
Epoch 21 Step 1551 Train Loss: 0.4417
Epoch 21: Train Overall MSE: 0.0048 Validation Overall MSE: 0.0050. 
Train Top 20 DE MSE: 0.3668 Validation Top 20 DE MSE: 0.4525. 
Epoch 22 Step 1 Train Loss: 0.5617
Epoch 22 Step 51 Train Loss: 0.4713
Epoch 22 Step 101 Train Loss: 0.4159
Epoch 22 Step 151 Train Loss: 0.4886
Epoch 22 Step 201 Train Loss: 0.4704
Epoch 22 Step 251 Train Loss: 0.4819
Epoch 22 Step 301 Train Loss: 0.5663
Epoch 22 Step 351 Train Loss: 0.4608
Epoch 22 Step 401 Train Loss: 0.4703
Epoch 22 Step 451 Train Loss: 0.5057
Epoch 22 Step 501 Train Loss: 0.4446
Epoch 22 Step 551 Train Loss: 0.4382
Epoch 22 Step 601 Train Loss: 0.5162
Epoch 22 Step 651 Train Loss: 0.6823
Epoch 22 Step 701 Train Loss: 0.5404
Epoch 22 Step 751 Train Loss: 0.3971
Epoch 22 Step 801 Train Loss: 0.6030
Epoch 22 Step 851 Train Loss: 0.4531
Epoch 22 Step 901 Train Loss: 0.4345
Epoch 22 Step 951 Train Loss: 0.4669
Epoch 22 Step 1001 Train Loss: 0.4355
Epoch 22 Step 1051 Train Loss: 0.4696
Epoch 22 Step 1101 Train Loss: 0.5865
Epoch 22 Step 1151 Train Loss: 0.3768
Epoch 22 Step 1201 Train Loss: 0.4705
Epoch 22 Step 1251 Train Loss: 0.4023
Epoch 22 Step 1301 Train Loss: 0.4275
Epoch 22 Step 1351 Train Loss: 0.5111
Epoch 22 Step 1401 Train Loss: 0.4541
Epoch 22 Step 1451 Train Loss: 0.4611
Epoch 22 Step 1501 Train Loss: 0.4259
Epoch 22 Step 1551 Train Loss: 0.5826
Epoch 22: Train Overall MSE: 0.0048 Validation Overall MSE: 0.0050. 
Train Top 20 DE MSE: 0.3670 Validation Top 20 DE MSE: 0.4532. 
Epoch 23 Step 1 Train Loss: 0.4355
Epoch 23 Step 51 Train Loss: 0.3950
Epoch 23 Step 101 Train Loss: 0.5250
Epoch 23 Step 151 Train Loss: 0.4988
Epoch 23 Step 201 Train Loss: 0.5565
Epoch 23 Step 251 Train Loss: 0.3755
Epoch 23 Step 301 Train Loss: 0.5256
Epoch 23 Step 351 Train Loss: 0.5286
Epoch 23 Step 401 Train Loss: 0.4650
Epoch 23 Step 451 Train Loss: 0.5090
Epoch 23 Step 501 Train Loss: 0.5070
Epoch 23 Step 551 Train Loss: 0.4705
Epoch 23 Step 601 Train Loss: 0.4515
Epoch 23 Step 651 Train Loss: 0.4431
Epoch 23 Step 701 Train Loss: 0.4249
Epoch 23 Step 751 Train Loss: 0.5353
Epoch 23 Step 801 Train Loss: 0.4830
Epoch 23 Step 851 Train Loss: 0.5584
Epoch 23 Step 901 Train Loss: 0.4598
Epoch 23 Step 951 Train Loss: 0.4355
Epoch 23 Step 1001 Train Loss: 0.5566
Epoch 23 Step 1051 Train Loss: 0.4005
Epoch 23 Step 1101 Train Loss: 0.4223
Epoch 23 Step 1151 Train Loss: 0.3944
Epoch 23 Step 1201 Train Loss: 0.3946
Epoch 23 Step 1251 Train Loss: 0.4355
Epoch 23 Step 1301 Train Loss: 0.4978
Epoch 23 Step 1351 Train Loss: 0.4066
Epoch 23 Step 1401 Train Loss: 0.6406
Epoch 23 Step 1451 Train Loss: 0.5601
Epoch 23 Step 1501 Train Loss: 0.4438
Epoch 23 Step 1551 Train Loss: 0.4637
Epoch 23: Train Overall MSE: 0.0048 Validation Overall MSE: 0.0051. 
Train Top 20 DE MSE: 0.3659 Validation Top 20 DE MSE: 0.4513. 
Epoch 24 Step 1 Train Loss: 0.5754
Epoch 24 Step 51 Train Loss: 0.3659
Epoch 24 Step 101 Train Loss: 0.4935
Epoch 24 Step 151 Train Loss: 0.4240
Epoch 24 Step 201 Train Loss: 0.4693
Epoch 24 Step 251 Train Loss: 0.4668
Epoch 24 Step 301 Train Loss: 0.5241
Epoch 24 Step 351 Train Loss: 0.5079
Epoch 24 Step 401 Train Loss: 0.4980
Epoch 24 Step 451 Train Loss: 0.4630
Epoch 24 Step 501 Train Loss: 0.4430
Epoch 24 Step 551 Train Loss: 0.5298
Epoch 24 Step 601 Train Loss: 0.4668
Epoch 24 Step 651 Train Loss: 0.4305
Epoch 24 Step 701 Train Loss: 0.4398
Epoch 24 Step 751 Train Loss: 0.3649
Epoch 24 Step 801 Train Loss: 0.4355
Epoch 24 Step 851 Train Loss: 0.4504
Epoch 24 Step 901 Train Loss: 0.4136
Epoch 24 Step 951 Train Loss: 0.4130
Epoch 24 Step 1001 Train Loss: 0.4821
Epoch 24 Step 1051 Train Loss: 0.3608
Epoch 24 Step 1101 Train Loss: 0.4578
Epoch 24 Step 1151 Train Loss: 0.4651
Epoch 24 Step 1201 Train Loss: 0.6364
Epoch 24 Step 1251 Train Loss: 0.5501
Epoch 24 Step 1301 Train Loss: 0.4653
Epoch 24 Step 1351 Train Loss: 0.4294
Epoch 24 Step 1401 Train Loss: 0.4483
Epoch 24 Step 1451 Train Loss: 0.4897
Epoch 24 Step 1501 Train Loss: 0.4496
Epoch 24 Step 1551 Train Loss: 0.4492
Epoch 24: Train Overall MSE: 0.0048 Validation Overall MSE: 0.0051. 
Train Top 20 DE MSE: 0.3667 Validation Top 20 DE MSE: 0.4536. 
Epoch 25 Step 1 Train Loss: 0.5153
Epoch 25 Step 51 Train Loss: 0.4150
Epoch 25 Step 101 Train Loss: 0.4299
Epoch 25 Step 151 Train Loss: 0.5382
Epoch 25 Step 201 Train Loss: 0.5260
Epoch 25 Step 251 Train Loss: 0.5018
Epoch 25 Step 301 Train Loss: 0.4628
Epoch 25 Step 351 Train Loss: 0.5418
Epoch 25 Step 401 Train Loss: 0.4193
Epoch 25 Step 451 Train Loss: 0.4894
Epoch 25 Step 501 Train Loss: 0.6571
Epoch 25 Step 551 Train Loss: 0.4373
Epoch 25 Step 601 Train Loss: 0.4842
Epoch 25 Step 651 Train Loss: 0.4269
Epoch 25 Step 701 Train Loss: 0.4630
Epoch 25 Step 751 Train Loss: 0.5048
Epoch 25 Step 801 Train Loss: 0.3961
Epoch 25 Step 851 Train Loss: 0.5184
Epoch 25 Step 901 Train Loss: 0.4044
Epoch 25 Step 951 Train Loss: 0.4699
Epoch 25 Step 1001 Train Loss: 0.5373
Epoch 25 Step 1051 Train Loss: 0.4554
Epoch 25 Step 1101 Train Loss: 0.4933
Epoch 25 Step 1151 Train Loss: 0.5703
Epoch 25 Step 1201 Train Loss: 0.4281
Epoch 25 Step 1251 Train Loss: 0.4610
Epoch 25 Step 1301 Train Loss: 0.4772
Epoch 25 Step 1351 Train Loss: 0.4858
Epoch 25 Step 1401 Train Loss: 0.4181
Epoch 25 Step 1451 Train Loss: 0.4564
Epoch 25 Step 1501 Train Loss: 0.4836
Epoch 25 Step 1551 Train Loss: 0.4068
Epoch 25: Train Overall MSE: 0.0048 Validation Overall MSE: 0.0051. 
Train Top 20 DE MSE: 0.3664 Validation Top 20 DE MSE: 0.4528. 
Epoch 26 Step 1 Train Loss: 0.4446
Epoch 26 Step 51 Train Loss: 0.4334
Epoch 26 Step 101 Train Loss: 0.3999
Epoch 26 Step 151 Train Loss: 0.4492
Epoch 26 Step 201 Train Loss: 0.6397
Epoch 26 Step 251 Train Loss: 0.3742
Epoch 26 Step 301 Train Loss: 0.5089
Epoch 26 Step 351 Train Loss: 0.4861
Epoch 26 Step 401 Train Loss: 0.5048
Epoch 26 Step 451 Train Loss: 0.4030
Epoch 26 Step 501 Train Loss: 0.5347
Epoch 26 Step 551 Train Loss: 0.5408
Epoch 26 Step 601 Train Loss: 0.4596
Epoch 26 Step 651 Train Loss: 0.5378
Epoch 26 Step 701 Train Loss: 0.4850
Epoch 26 Step 751 Train Loss: 0.5583
Epoch 26 Step 801 Train Loss: 0.4144
Epoch 26 Step 851 Train Loss: 0.4018
Epoch 26 Step 901 Train Loss: 0.5418
Epoch 26 Step 951 Train Loss: 0.5266
Epoch 26 Step 1001 Train Loss: 0.4023
Epoch 26 Step 1051 Train Loss: 0.4642
Epoch 26 Step 1101 Train Loss: 0.4776
Epoch 26 Step 1151 Train Loss: 0.5454
Epoch 26 Step 1201 Train Loss: 0.4277
Epoch 26 Step 1251 Train Loss: 0.4780
Epoch 26 Step 1301 Train Loss: 0.4052
Epoch 26 Step 1351 Train Loss: 0.4726
Epoch 26 Step 1401 Train Loss: 0.6280
Epoch 26 Step 1451 Train Loss: 0.4173
Epoch 26 Step 1501 Train Loss: 0.4431
Epoch 26 Step 1551 Train Loss: 0.5410
Epoch 26: Train Overall MSE: 0.0048 Validation Overall MSE: 0.0051. 
Train Top 20 DE MSE: 0.3651 Validation Top 20 DE MSE: 0.4503. 
Epoch 27 Step 1 Train Loss: 0.4354
Epoch 27 Step 51 Train Loss: 0.5927
Epoch 27 Step 101 Train Loss: 0.5024
Epoch 27 Step 151 Train Loss: 0.4173
Epoch 27 Step 201 Train Loss: 0.4457
Epoch 27 Step 251 Train Loss: 0.5147
Epoch 27 Step 301 Train Loss: 0.4763
Epoch 27 Step 351 Train Loss: 0.5763
Epoch 27 Step 401 Train Loss: 0.5953
Epoch 27 Step 451 Train Loss: 0.4450
Epoch 27 Step 501 Train Loss: 0.5124
Epoch 27 Step 551 Train Loss: 0.5159
Epoch 27 Step 601 Train Loss: 0.4860
Epoch 27 Step 651 Train Loss: 0.4474
Epoch 27 Step 701 Train Loss: 0.4775
Epoch 27 Step 751 Train Loss: 0.4889
Epoch 27 Step 801 Train Loss: 0.4397
Epoch 27 Step 851 Train Loss: 0.4431
Epoch 27 Step 901 Train Loss: 0.4856
Epoch 27 Step 951 Train Loss: 0.4453
Epoch 27 Step 1001 Train Loss: 0.4882
Epoch 27 Step 1051 Train Loss: 0.4759
Epoch 27 Step 1101 Train Loss: 0.5138
Epoch 27 Step 1151 Train Loss: 0.4005
Epoch 27 Step 1201 Train Loss: 0.4159
Epoch 27 Step 1251 Train Loss: 0.6235
Epoch 27 Step 1301 Train Loss: 0.4668
Epoch 27 Step 1351 Train Loss: 0.4565
Epoch 27 Step 1401 Train Loss: 0.4509
Epoch 27 Step 1451 Train Loss: 0.4760
Epoch 27 Step 1501 Train Loss: 0.4580
Epoch 27 Step 1551 Train Loss: 0.4180
Epoch 27: Train Overall MSE: 0.0048 Validation Overall MSE: 0.0051. 
Train Top 20 DE MSE: 0.3673 Validation Top 20 DE MSE: 0.4531. 
Epoch 28 Step 1 Train Loss: 0.5000
Epoch 28 Step 51 Train Loss: 0.5580
Epoch 28 Step 101 Train Loss: 0.5062
Epoch 28 Step 151 Train Loss: 0.4356
Epoch 28 Step 201 Train Loss: 0.4369
Epoch 28 Step 251 Train Loss: 0.4606
Epoch 28 Step 301 Train Loss: 0.5393
Epoch 28 Step 351 Train Loss: 0.4134
Epoch 28 Step 401 Train Loss: 0.3933
Epoch 28 Step 451 Train Loss: 0.4980
Epoch 28 Step 501 Train Loss: 0.4377
Epoch 28 Step 551 Train Loss: 0.5815
Epoch 28 Step 601 Train Loss: 0.5396
Epoch 28 Step 651 Train Loss: 0.4082
Epoch 28 Step 701 Train Loss: 0.4387
Epoch 28 Step 751 Train Loss: 0.4206
Epoch 28 Step 801 Train Loss: 0.4058
Epoch 28 Step 851 Train Loss: 0.5412
Epoch 28 Step 901 Train Loss: 0.4349
Epoch 28 Step 951 Train Loss: 0.4540
Epoch 28 Step 1001 Train Loss: 0.4390
Epoch 28 Step 1051 Train Loss: 0.4156
Epoch 28 Step 1101 Train Loss: 0.4920
Epoch 28 Step 1151 Train Loss: 0.4303
Epoch 28 Step 1201 Train Loss: 0.5755
Epoch 28 Step 1251 Train Loss: 0.4565
Epoch 28 Step 1301 Train Loss: 0.5258
Epoch 28 Step 1351 Train Loss: 0.6092
Epoch 28 Step 1401 Train Loss: 0.5548
Epoch 28 Step 1451 Train Loss: 0.3832
Epoch 28 Step 1501 Train Loss: 0.4782
Epoch 28 Step 1551 Train Loss: 0.4757
Epoch 28: Train Overall MSE: 0.0048 Validation Overall MSE: 0.0050. 
Train Top 20 DE MSE: 0.3676 Validation Top 20 DE MSE: 0.4543. 
Epoch 29 Step 1 Train Loss: 0.5056
Epoch 29 Step 51 Train Loss: 0.4919
Epoch 29 Step 101 Train Loss: 0.4335
Epoch 29 Step 151 Train Loss: 0.4243
Epoch 29 Step 201 Train Loss: 0.4566
Epoch 29 Step 251 Train Loss: 0.5785
Epoch 29 Step 301 Train Loss: 0.4468
Epoch 29 Step 351 Train Loss: 0.5958
Epoch 29 Step 401 Train Loss: 0.5464
Epoch 29 Step 451 Train Loss: 0.4706
Epoch 29 Step 501 Train Loss: 0.5245
Epoch 29 Step 551 Train Loss: 0.4618
Epoch 29 Step 601 Train Loss: 0.5488
Epoch 29 Step 651 Train Loss: 0.5386
Epoch 29 Step 701 Train Loss: 0.5179
Epoch 29 Step 751 Train Loss: 0.5314
Epoch 29 Step 801 Train Loss: 0.5116
Epoch 29 Step 851 Train Loss: 0.5640
Epoch 29 Step 901 Train Loss: 0.5304
Epoch 29 Step 951 Train Loss: 0.4679
Epoch 29 Step 1001 Train Loss: 0.4541
Epoch 29 Step 1051 Train Loss: 0.5013
Epoch 29 Step 1101 Train Loss: 0.4585
Epoch 29 Step 1151 Train Loss: 0.4514
Epoch 29 Step 1201 Train Loss: 0.4084
Epoch 29 Step 1251 Train Loss: 0.5055
Epoch 29 Step 1301 Train Loss: 0.4759
Epoch 29 Step 1351 Train Loss: 0.5361
Epoch 29 Step 1401 Train Loss: 0.5000
Epoch 29 Step 1451 Train Loss: 0.5328
Epoch 29 Step 1501 Train Loss: 0.5803
Epoch 29 Step 1551 Train Loss: 0.4716
Epoch 29: Train Overall MSE: 0.0048 Validation Overall MSE: 0.0050. 
Train Top 20 DE MSE: 0.3671 Validation Top 20 DE MSE: 0.4519. 
Epoch 30 Step 1 Train Loss: 0.5343
Epoch 30 Step 51 Train Loss: 0.4580
Epoch 30 Step 101 Train Loss: 0.3511
Epoch 30 Step 151 Train Loss: 0.4810
Epoch 30 Step 201 Train Loss: 0.5047
Epoch 30 Step 251 Train Loss: 0.4735
Epoch 30 Step 301 Train Loss: 0.4423
Epoch 30 Step 351 Train Loss: 0.4374
Epoch 30 Step 401 Train Loss: 0.4060
Epoch 30 Step 451 Train Loss: 0.4412
Epoch 30 Step 501 Train Loss: 0.4550
Epoch 30 Step 551 Train Loss: 0.4385
Epoch 30 Step 601 Train Loss: 0.4680
Epoch 30 Step 651 Train Loss: 0.4437
Epoch 30 Step 701 Train Loss: 0.5464
Epoch 30 Step 751 Train Loss: 0.4371
Epoch 30 Step 801 Train Loss: 0.3674
Epoch 30 Step 851 Train Loss: 0.4495
Epoch 30 Step 901 Train Loss: 0.4129
Epoch 30 Step 951 Train Loss: 0.5173
Epoch 30 Step 1001 Train Loss: 0.5789
Epoch 30 Step 1051 Train Loss: 0.4163
Epoch 30 Step 1101 Train Loss: 0.4926
Epoch 30 Step 1151 Train Loss: 0.6000
Epoch 30 Step 1201 Train Loss: 0.6794
Epoch 30 Step 1251 Train Loss: 0.3839
Epoch 30 Step 1301 Train Loss: 0.4038
Epoch 30 Step 1351 Train Loss: 0.4201
Epoch 30 Step 1401 Train Loss: 0.4328
Epoch 30 Step 1451 Train Loss: 0.5625
Epoch 30 Step 1501 Train Loss: 0.4767
Epoch 30 Step 1551 Train Loss: 0.4780
Epoch 30: Train Overall MSE: 0.0048 Validation Overall MSE: 0.0051. 
Train Top 20 DE MSE: 0.3669 Validation Top 20 DE MSE: 0.4531. 
Epoch 31 Step 1 Train Loss: 0.4904
Epoch 31 Step 51 Train Loss: 0.4418
Epoch 31 Step 101 Train Loss: 0.5061
Epoch 31 Step 151 Train Loss: 0.4027
Epoch 31 Step 201 Train Loss: 0.3718
Epoch 31 Step 251 Train Loss: 0.5309
Epoch 31 Step 301 Train Loss: 0.4054
Epoch 31 Step 351 Train Loss: 0.6360
Epoch 31 Step 401 Train Loss: 0.5129
Epoch 31 Step 451 Train Loss: 0.4986
Epoch 31 Step 501 Train Loss: 0.4876
Epoch 31 Step 551 Train Loss: 0.4243
Epoch 31 Step 601 Train Loss: 0.4793
Epoch 31 Step 651 Train Loss: 0.5485
Epoch 31 Step 701 Train Loss: 0.5196
Epoch 31 Step 751 Train Loss: 0.4309
Epoch 31 Step 801 Train Loss: 0.3953
Epoch 31 Step 851 Train Loss: 0.3930
Epoch 31 Step 901 Train Loss: 0.4663
Epoch 31 Step 951 Train Loss: 0.3671
Epoch 31 Step 1001 Train Loss: 0.4725
Epoch 31 Step 1051 Train Loss: 0.4877
Epoch 31 Step 1101 Train Loss: 0.4541
Epoch 31 Step 1151 Train Loss: 0.4839
Epoch 31 Step 1201 Train Loss: 0.3952
Epoch 31 Step 1251 Train Loss: 0.5910
Epoch 31 Step 1301 Train Loss: 0.5524
Epoch 31 Step 1351 Train Loss: 0.5904
Epoch 31 Step 1401 Train Loss: 0.4692
Epoch 31 Step 1451 Train Loss: 0.4626
Epoch 31 Step 1501 Train Loss: 0.4771
Epoch 31 Step 1551 Train Loss: 0.5306
Epoch 31: Train Overall MSE: 0.0048 Validation Overall MSE: 0.0051. 
Train Top 20 DE MSE: 0.3663 Validation Top 20 DE MSE: 0.4526. 
Epoch 32 Step 1 Train Loss: 0.4925
Epoch 32 Step 51 Train Loss: 0.5384
Epoch 32 Step 101 Train Loss: 0.3762
Epoch 32 Step 151 Train Loss: 0.4543
Epoch 32 Step 201 Train Loss: 0.4551
Epoch 32 Step 251 Train Loss: 0.6794
Epoch 32 Step 301 Train Loss: 0.5040
Epoch 32 Step 351 Train Loss: 0.5128
Epoch 32 Step 401 Train Loss: 0.3756
Epoch 32 Step 451 Train Loss: 0.4466
Epoch 32 Step 501 Train Loss: 0.5006
Epoch 32 Step 551 Train Loss: 0.4812
Epoch 32 Step 601 Train Loss: 0.5086
Epoch 32 Step 651 Train Loss: 0.4143
Epoch 32 Step 701 Train Loss: 0.5301
Epoch 32 Step 751 Train Loss: 0.5239
Epoch 32 Step 801 Train Loss: 0.4762
Epoch 32 Step 851 Train Loss: 0.3994
Epoch 32 Step 901 Train Loss: 0.4394
Epoch 32 Step 951 Train Loss: 0.4418
Epoch 32 Step 1001 Train Loss: 0.4848
Epoch 32 Step 1051 Train Loss: 0.4811
Epoch 32 Step 1101 Train Loss: 0.4176
Epoch 32 Step 1151 Train Loss: 0.5126
Epoch 32 Step 1201 Train Loss: 0.5865
Epoch 32 Step 1251 Train Loss: 0.5099
Epoch 32 Step 1301 Train Loss: 0.4987
Epoch 32 Step 1351 Train Loss: 0.3997
Epoch 32 Step 1401 Train Loss: 0.5881
Epoch 32 Step 1451 Train Loss: 0.4864
Epoch 32 Step 1501 Train Loss: 0.5967
Epoch 32 Step 1551 Train Loss: 0.4012
Epoch 32: Train Overall MSE: 0.0049 Validation Overall MSE: 0.0051. 
Train Top 20 DE MSE: 0.3642 Validation Top 20 DE MSE: 0.4504. 
Epoch 33 Step 1 Train Loss: 0.3879
Epoch 33 Step 51 Train Loss: 0.4122
Epoch 33 Step 101 Train Loss: 0.4027
Epoch 33 Step 151 Train Loss: 0.3985
Epoch 33 Step 201 Train Loss: 0.4192
Epoch 33 Step 251 Train Loss: 0.4921
Epoch 33 Step 301 Train Loss: 0.4132
Epoch 33 Step 351 Train Loss: 0.4859
Epoch 33 Step 401 Train Loss: 0.4976
Epoch 33 Step 451 Train Loss: 0.5049
Epoch 33 Step 501 Train Loss: 0.4100
Epoch 33 Step 551 Train Loss: 0.4688
Epoch 33 Step 601 Train Loss: 0.5964
Epoch 33 Step 651 Train Loss: 0.5506
Epoch 33 Step 701 Train Loss: 0.4185
Epoch 33 Step 751 Train Loss: 0.5415
Epoch 33 Step 801 Train Loss: 0.4996
Epoch 33 Step 851 Train Loss: 0.4070
Epoch 33 Step 901 Train Loss: 0.4901
Epoch 33 Step 951 Train Loss: 0.4429
Epoch 33 Step 1001 Train Loss: 0.6516
Epoch 33 Step 1051 Train Loss: 0.5354
Epoch 33 Step 1101 Train Loss: 0.5465
Epoch 33 Step 1151 Train Loss: 0.4199
Epoch 33 Step 1201 Train Loss: 0.4678
Epoch 33 Step 1251 Train Loss: 0.5212
Epoch 33 Step 1301 Train Loss: 0.3679
Epoch 33 Step 1351 Train Loss: 0.5713
Epoch 33 Step 1401 Train Loss: 0.4388
Epoch 33 Step 1451 Train Loss: 0.3701
Epoch 33 Step 1501 Train Loss: 0.3823
Epoch 33 Step 1551 Train Loss: 0.5916
Epoch 33: Train Overall MSE: 0.0048 Validation Overall MSE: 0.0050. 
Train Top 20 DE MSE: 0.3660 Validation Top 20 DE MSE: 0.4503. 
Done!
Start Testing...
Best performing model: Test Top 20 DE MSE: 0.4189
Start doing subgroup analysis for simulation split...
test_combo_seen0_mse: 0.008133951
test_combo_seen0_pearson: 0.9752284730203424
test_combo_seen0_mse_de: 0.3483819
test_combo_seen0_pearson_de: 0.7004443460545089
test_combo_seen1_mse: 0.009969688
test_combo_seen1_pearson: 0.9700810931698256
test_combo_seen1_mse_de: 0.4566188
test_combo_seen1_pearson_de: 0.7420817167792763
test_combo_seen2_mse: 0.007584807
test_combo_seen2_pearson: 0.9771982559044712
test_combo_seen2_mse_de: 0.58827317
test_combo_seen2_pearson_de: 0.7999599838610422
test_unseen_single_mse: 0.0043113995
test_unseen_single_pearson: 0.9869127975613249
test_unseen_single_mse_de: 0.302079
test_unseen_single_pearson_de: 0.8455952268120591
test_combo_seen0_pearson_delta: 0.10514007557567503
test_combo_seen0_frac_opposite_direction_top20_non_dropout: 0.3888888888888889
test_combo_seen0_frac_sigma_below_1_non_dropout: 0.5944444444444446
test_combo_seen0_mse_top20_de_non_dropout: 0.57912374
test_combo_seen1_pearson_delta: 0.09446545895300766
test_combo_seen1_frac_opposite_direction_top20_non_dropout: 0.37558139534883717
test_combo_seen1_frac_sigma_below_1_non_dropout: 0.4604651162790698
test_combo_seen1_mse_top20_de_non_dropout: 0.65051055
test_combo_seen2_pearson_delta: 0.08179958860452859
test_combo_seen2_frac_opposite_direction_top20_non_dropout: 0.42105263157894735
test_combo_seen2_frac_sigma_below_1_non_dropout: 0.5421052631578948
test_combo_seen2_mse_top20_de_non_dropout: 0.6178791
test_unseen_single_pearson_delta: 0.004141948007000528
test_unseen_single_frac_opposite_direction_top20_non_dropout: 0.4847222222222222
test_unseen_single_frac_sigma_below_1_non_dropout: 0.7916666666666666
test_unseen_single_mse_top20_de_non_dropout: 0.33796394
Done!
[I 2026-03-08 16:45:24,588] Trial 3 finished with value: 0.4189 and parameters: {'hidden_size': 16, 'epochs': 33, 'lr': 1.9849515537106026e-06, 'weight_decay': 2.4252282830679183e-05}. Best is trial 0 with value: 0.2424.
here1
all the data have been prepared
model has been trained. saving model now ...
[OK] saved model to: /data/projects/31010032/xuanhong/GEARS/downstreak/beyesian_para/trial_0003_hs16_ep33_lr1.98e-06_wd2.43e-05
[OK] saved metrics.json to: /data/projects/31010032/xuanhong/GEARS/downstreak/beyesian_para/trial_0003_hs16_ep33_lr1.98e-06_wd2.43e-05
[OK] saved pert_metrics.csv to: /data/projects/31010032/xuanhong/GEARS/downstreak/beyesian_para/trial_0003_hs16_ep33_lr1.98e-06_wd2.43e-05
Best trial:
  Value: 0.2424
  Params: {'hidden_size': 16, 'epochs': 26, 'lr': 5.3196876635499066e-05, 'weight_decay': 2.484912606443544e-07}
