/home/users/nus/jun_lu/.conda/envs/GEARS/lib/python3.11/site-packages/scanpy/_utils/__init__.py:27: FutureWarning: `__version__` is deprecated, use `importlib.metadata.version('anndata')` instead.
  from anndata import __version__ as anndata_version
/home/users/nus/jun_lu/.conda/envs/GEARS/lib/python3.11/site-packages/anndata/__init__.py:70: FutureWarning: Importing read_csv from `anndata` is deprecated. Import anndata.io.read_csv instead.
  return module_get_attr_redirect(attr_name, deprecated_mapping=_DEPRECATED)
/home/users/nus/jun_lu/.conda/envs/GEARS/lib/python3.11/site-packages/anndata/__init__.py:70: FutureWarning: Importing read_excel from `anndata` is deprecated. Import anndata.io.read_excel instead.
  return module_get_attr_redirect(attr_name, deprecated_mapping=_DEPRECATED)
/home/users/nus/jun_lu/.conda/envs/GEARS/lib/python3.11/site-packages/anndata/__init__.py:70: FutureWarning: Importing read_hdf from `anndata` is deprecated. Import anndata.io.read_hdf instead.
  return module_get_attr_redirect(attr_name, deprecated_mapping=_DEPRECATED)
/home/users/nus/jun_lu/.conda/envs/GEARS/lib/python3.11/site-packages/anndata/__init__.py:70: FutureWarning: Importing read_loom from `anndata` is deprecated. Import anndata.io.read_loom instead.
  return module_get_attr_redirect(attr_name, deprecated_mapping=_DEPRECATED)
/home/users/nus/jun_lu/.conda/envs/GEARS/lib/python3.11/site-packages/anndata/__init__.py:70: FutureWarning: Importing read_mtx from `anndata` is deprecated. Import anndata.io.read_mtx instead.
  return module_get_attr_redirect(attr_name, deprecated_mapping=_DEPRECATED)
/home/users/nus/jun_lu/.conda/envs/GEARS/lib/python3.11/site-packages/anndata/__init__.py:70: FutureWarning: Importing read_text from `anndata` is deprecated. Import anndata.io.read_text instead.
  return module_get_attr_redirect(attr_name, deprecated_mapping=_DEPRECATED)
/home/users/nus/jun_lu/.conda/envs/GEARS/lib/python3.11/site-packages/anndata/__init__.py:70: FutureWarning: Importing read_umi_tools from `anndata` is deprecated. Import anndata.io.read_umi_tools instead.
  return module_get_attr_redirect(attr_name, deprecated_mapping=_DEPRECATED)
Found local copy...
Found local copy...
Found local copy...
These perturbations are not in the GO graph and their perturbation can thus not be predicted
['RHOXF2BB+ctrl' 'LYL1+IER5L' 'ctrl+IER5L' 'KIAA1804+ctrl' 'IER5L+ctrl'
 'RHOXF2BB+ZBTB25' 'RHOXF2BB+SET']
Local copy of pyg dataset is detected. Loading...
Done!
Local copy of split is detected. Loading...
Simulation split test composition:
combo_seen0:9
combo_seen1:43
combo_seen2:19
unseen_single:36
Done!
Creating dataloaders....
Done!
[I 2026-03-07 14:55:18,541] A new study created in memory with name: no-name-e36bef4d-d66a-41cf-8558-127006f28b83
Found local copy...
Start Training...
Epoch 1 Step 1 Train Loss: 0.5381
Epoch 1 Step 51 Train Loss: 0.4956
Epoch 1 Step 101 Train Loss: 0.4375
Epoch 1 Step 151 Train Loss: 0.4100
Epoch 1 Step 201 Train Loss: 0.3954
Epoch 1 Step 251 Train Loss: 0.4829
Epoch 1 Step 301 Train Loss: 0.5018
Epoch 1 Step 351 Train Loss: 0.4741
Epoch 1 Step 401 Train Loss: 0.5049
Epoch 1 Step 451 Train Loss: 0.4870
Epoch 1 Step 501 Train Loss: 0.4269
Epoch 1 Step 551 Train Loss: 0.6030
Epoch 1 Step 601 Train Loss: 0.4102
Epoch 1 Step 651 Train Loss: 0.4278
Epoch 1 Step 701 Train Loss: 0.4944
Epoch 1 Step 751 Train Loss: 0.3774
Epoch 1 Step 801 Train Loss: 0.4909
Epoch 1 Step 851 Train Loss: 0.3737
Epoch 1 Step 901 Train Loss: 0.4031
Epoch 1 Step 951 Train Loss: 0.5006
Epoch 1 Step 1001 Train Loss: 0.5353
Epoch 1 Step 1051 Train Loss: 0.4414
Epoch 1 Step 1101 Train Loss: 0.4179
Epoch 1 Step 1151 Train Loss: 0.4495
Epoch 1 Step 1201 Train Loss: 0.5277
Epoch 1 Step 1251 Train Loss: 0.5998
Epoch 1 Step 1301 Train Loss: 0.4354
Epoch 1 Step 1351 Train Loss: 0.3959
Epoch 1 Step 1401 Train Loss: 0.3904
Epoch 1 Step 1451 Train Loss: 0.4618
Epoch 1 Step 1501 Train Loss: 0.4749
Epoch 1 Step 1551 Train Loss: 0.4797
Epoch 1: Train Overall MSE: 0.0051 Validation Overall MSE: 0.0052. 
Train Top 20 DE MSE: 0.3894 Validation Top 20 DE MSE: 0.4739. 
Epoch 2 Step 1 Train Loss: 0.4507
Epoch 2 Step 51 Train Loss: 0.4232
Epoch 2 Step 101 Train Loss: 0.4300
Epoch 2 Step 151 Train Loss: 0.3706
Epoch 2 Step 201 Train Loss: 0.4364
Epoch 2 Step 251 Train Loss: 0.5128
Epoch 2 Step 301 Train Loss: 0.6342
Epoch 2 Step 351 Train Loss: 0.5575
Epoch 2 Step 401 Train Loss: 0.5004
Epoch 2 Step 451 Train Loss: 0.4761
Epoch 2 Step 501 Train Loss: 0.4378
Epoch 2 Step 551 Train Loss: 0.5302
Epoch 2 Step 601 Train Loss: 0.5596
Epoch 2 Step 651 Train Loss: 0.4541
Epoch 2 Step 701 Train Loss: 0.4392
Epoch 2 Step 751 Train Loss: 0.5999
Epoch 2 Step 801 Train Loss: 0.5041
Epoch 2 Step 851 Train Loss: 0.4814
Epoch 2 Step 901 Train Loss: 0.4797
Epoch 2 Step 951 Train Loss: 0.5146
Epoch 2 Step 1001 Train Loss: 0.4312
Epoch 2 Step 1051 Train Loss: 0.4759
Epoch 2 Step 1101 Train Loss: 0.5111
Epoch 2 Step 1151 Train Loss: 0.4355
Epoch 2 Step 1201 Train Loss: 0.3955
Epoch 2 Step 1251 Train Loss: 0.4349
Epoch 2 Step 1301 Train Loss: 0.4365
Epoch 2 Step 1351 Train Loss: 0.4395
Epoch 2 Step 1401 Train Loss: 0.3972
Epoch 2 Step 1451 Train Loss: 0.4241
Epoch 2 Step 1501 Train Loss: 0.4587
Epoch 2 Step 1551 Train Loss: 0.5501
Epoch 2: Train Overall MSE: 0.0051 Validation Overall MSE: 0.0052. 
Train Top 20 DE MSE: 0.3868 Validation Top 20 DE MSE: 0.4704. 
Epoch 3 Step 1 Train Loss: 0.3838
Epoch 3 Step 51 Train Loss: 0.4066
Epoch 3 Step 101 Train Loss: 0.4970
Epoch 3 Step 151 Train Loss: 0.6467
Epoch 3 Step 201 Train Loss: 0.4762
Epoch 3 Step 251 Train Loss: 0.4252
Epoch 3 Step 301 Train Loss: 0.4650
Epoch 3 Step 351 Train Loss: 0.3816
Epoch 3 Step 401 Train Loss: 0.4213
Epoch 3 Step 451 Train Loss: 0.4627
Epoch 3 Step 501 Train Loss: 0.4466
Epoch 3 Step 551 Train Loss: 0.4748
Epoch 3 Step 601 Train Loss: 0.5807
Epoch 3 Step 651 Train Loss: 0.4518
Epoch 3 Step 701 Train Loss: 0.4158
Epoch 3 Step 751 Train Loss: 0.4300
Epoch 3 Step 801 Train Loss: 0.4478
Epoch 3 Step 851 Train Loss: 0.5260
Epoch 3 Step 901 Train Loss: 0.5067
Epoch 3 Step 951 Train Loss: 0.4466
Epoch 3 Step 1001 Train Loss: 0.4609
Epoch 3 Step 1051 Train Loss: 0.5132
Epoch 3 Step 1101 Train Loss: 0.5693
Epoch 3 Step 1151 Train Loss: 0.4759
Epoch 3 Step 1201 Train Loss: 0.6020
Epoch 3 Step 1251 Train Loss: 0.4412
Epoch 3 Step 1301 Train Loss: 0.4660
Epoch 3 Step 1351 Train Loss: 0.4710
Epoch 3 Step 1401 Train Loss: 0.7375
Epoch 3 Step 1451 Train Loss: 0.5123
Epoch 3 Step 1501 Train Loss: 0.4268
Epoch 3 Step 1551 Train Loss: 0.4483
Epoch 3: Train Overall MSE: 0.0051 Validation Overall MSE: 0.0052. 
Train Top 20 DE MSE: 0.3860 Validation Top 20 DE MSE: 0.4696. 
Epoch 4 Step 1 Train Loss: 0.4641
Epoch 4 Step 51 Train Loss: 0.4460
Epoch 4 Step 101 Train Loss: 0.5559
Epoch 4 Step 151 Train Loss: 0.4096
Epoch 4 Step 201 Train Loss: 0.4944
Epoch 4 Step 251 Train Loss: 0.4432
Epoch 4 Step 301 Train Loss: 0.4470
Epoch 4 Step 351 Train Loss: 0.5154
Epoch 4 Step 401 Train Loss: 0.5246
Epoch 4 Step 451 Train Loss: 0.5218
Epoch 4 Step 501 Train Loss: 0.4953
Epoch 4 Step 551 Train Loss: 0.4417
Epoch 4 Step 601 Train Loss: 0.5718
Epoch 4 Step 651 Train Loss: 0.3864
Epoch 4 Step 701 Train Loss: 0.4342
Epoch 4 Step 751 Train Loss: 0.6150
Epoch 4 Step 801 Train Loss: 0.4003
Epoch 4 Step 851 Train Loss: 0.4072
Epoch 4 Step 901 Train Loss: 0.5010
Epoch 4 Step 951 Train Loss: 0.4155
Epoch 4 Step 1001 Train Loss: 0.6824
Epoch 4 Step 1051 Train Loss: 0.4707
Epoch 4 Step 1101 Train Loss: 0.5105
Epoch 4 Step 1151 Train Loss: 0.5108
Epoch 4 Step 1201 Train Loss: 0.4568
Epoch 4 Step 1251 Train Loss: 0.4823
Epoch 4 Step 1301 Train Loss: 0.4974
Epoch 4 Step 1351 Train Loss: 0.4445
Epoch 4 Step 1401 Train Loss: 0.5313
Epoch 4 Step 1451 Train Loss: 0.3951
Epoch 4 Step 1501 Train Loss: 0.4231
Epoch 4 Step 1551 Train Loss: 0.4282
Epoch 4: Train Overall MSE: 0.0050 Validation Overall MSE: 0.0052. 
Train Top 20 DE MSE: 0.3857 Validation Top 20 DE MSE: 0.4689. 
Epoch 5 Step 1 Train Loss: 0.4541
Epoch 5 Step 51 Train Loss: 0.4809
Epoch 5 Step 101 Train Loss: 0.4556
Epoch 5 Step 151 Train Loss: 0.5205
Epoch 5 Step 201 Train Loss: 0.4365
Epoch 5 Step 251 Train Loss: 0.3858
Epoch 5 Step 301 Train Loss: 0.4433
Epoch 5 Step 351 Train Loss: 0.4448
Epoch 5 Step 401 Train Loss: 0.5457
Epoch 5 Step 451 Train Loss: 0.4598
Epoch 5 Step 501 Train Loss: 0.4060
Epoch 5 Step 551 Train Loss: 0.5275
Epoch 5 Step 601 Train Loss: 0.4473
Epoch 5 Step 651 Train Loss: 0.4345
Epoch 5 Step 701 Train Loss: 0.4587
Epoch 5 Step 751 Train Loss: 0.4614
Epoch 5 Step 801 Train Loss: 0.5896
Epoch 5 Step 851 Train Loss: 0.3707
Epoch 5 Step 901 Train Loss: 0.3632
Epoch 5 Step 951 Train Loss: 0.5313
Epoch 5 Step 1001 Train Loss: 0.5712
Epoch 5 Step 1051 Train Loss: 0.5061
Epoch 5 Step 1101 Train Loss: 0.5042
Epoch 5 Step 1151 Train Loss: 0.4751
Epoch 5 Step 1201 Train Loss: 0.5025
Epoch 5 Step 1251 Train Loss: 0.4141
Epoch 5 Step 1301 Train Loss: 0.5580
Epoch 5 Step 1351 Train Loss: 0.5168
Epoch 5 Step 1401 Train Loss: 0.4872
Epoch 5 Step 1451 Train Loss: 0.6249
Epoch 5 Step 1501 Train Loss: 0.4639
Epoch 5 Step 1551 Train Loss: 0.4880
Epoch 5: Train Overall MSE: 0.0050 Validation Overall MSE: 0.0051. 
Train Top 20 DE MSE: 0.3850 Validation Top 20 DE MSE: 0.4685. 
Epoch 6 Step 1 Train Loss: 0.5702
Epoch 6 Step 51 Train Loss: 0.4698
Epoch 6 Step 101 Train Loss: 0.6560
Epoch 6 Step 151 Train Loss: 0.4013
Epoch 6 Step 201 Train Loss: 0.4666
Epoch 6 Step 251 Train Loss: 0.5202
Epoch 6 Step 301 Train Loss: 0.4910
Epoch 6 Step 351 Train Loss: 0.6135
Epoch 6 Step 401 Train Loss: 0.4858
Epoch 6 Step 451 Train Loss: 0.4180
Epoch 6 Step 501 Train Loss: 0.4933
Epoch 6 Step 551 Train Loss: 0.4618
Epoch 6 Step 601 Train Loss: 0.5056
Epoch 6 Step 651 Train Loss: 0.4307
Epoch 6 Step 701 Train Loss: 0.4611
Epoch 6 Step 751 Train Loss: 0.4542
Epoch 6 Step 801 Train Loss: 0.5699
Epoch 6 Step 851 Train Loss: 0.4858
Epoch 6 Step 901 Train Loss: 0.3950
Epoch 6 Step 951 Train Loss: 0.4725
Epoch 6 Step 1001 Train Loss: 0.4719
Epoch 6 Step 1051 Train Loss: 0.5043
Epoch 6 Step 1101 Train Loss: 0.4405
Epoch 6 Step 1151 Train Loss: 0.5614
Epoch 6 Step 1201 Train Loss: 0.4837
Epoch 6 Step 1251 Train Loss: 0.4190
Epoch 6 Step 1301 Train Loss: 0.4962
Epoch 6 Step 1351 Train Loss: 0.4864
Epoch 6 Step 1401 Train Loss: 0.4353
Epoch 6 Step 1451 Train Loss: 0.4866
Epoch 6 Step 1501 Train Loss: 0.5026
Epoch 6 Step 1551 Train Loss: 0.4685
Epoch 6: Train Overall MSE: 0.0050 Validation Overall MSE: 0.0051. 
Train Top 20 DE MSE: 0.3845 Validation Top 20 DE MSE: 0.4674. 
Epoch 7 Step 1 Train Loss: 0.5526
Epoch 7 Step 51 Train Loss: 0.5109
Epoch 7 Step 101 Train Loss: 0.4226
Epoch 7 Step 151 Train Loss: 0.4421
Epoch 7 Step 201 Train Loss: 0.4900
Epoch 7 Step 251 Train Loss: 0.4034
Epoch 7 Step 301 Train Loss: 0.4481
Epoch 7 Step 351 Train Loss: 0.5958
Epoch 7 Step 401 Train Loss: 0.4911
Epoch 7 Step 451 Train Loss: 0.3847
Epoch 7 Step 501 Train Loss: 0.4424
Epoch 7 Step 551 Train Loss: 0.4558
Epoch 7 Step 601 Train Loss: 0.4659
Epoch 7 Step 651 Train Loss: 0.4367
Epoch 7 Step 701 Train Loss: 0.3977
Epoch 7 Step 751 Train Loss: 0.4278
Epoch 7 Step 801 Train Loss: 0.6592
Epoch 7 Step 851 Train Loss: 0.5356
Epoch 7 Step 901 Train Loss: 0.5695
Epoch 7 Step 951 Train Loss: 0.5632
Epoch 7 Step 1001 Train Loss: 0.4563
Epoch 7 Step 1051 Train Loss: 0.5328
Epoch 7 Step 1101 Train Loss: 0.4298
Epoch 7 Step 1151 Train Loss: 0.5237
Epoch 7 Step 1201 Train Loss: 0.5181
Epoch 7 Step 1251 Train Loss: 0.4256
Epoch 7 Step 1301 Train Loss: 0.4777
Epoch 7 Step 1351 Train Loss: 0.4719
Epoch 7 Step 1401 Train Loss: 0.5004
Epoch 7 Step 1451 Train Loss: 0.5630
Epoch 7 Step 1501 Train Loss: 0.5777
Epoch 7 Step 1551 Train Loss: 0.4855
Epoch 7: Train Overall MSE: 0.0050 Validation Overall MSE: 0.0051. 
Train Top 20 DE MSE: 0.3856 Validation Top 20 DE MSE: 0.4684. 
Epoch 8 Step 1 Train Loss: 0.5258
Epoch 8 Step 51 Train Loss: 0.4546
Epoch 8 Step 101 Train Loss: 0.6186
Epoch 8 Step 151 Train Loss: 0.6794
Epoch 8 Step 201 Train Loss: 0.5988
Epoch 8 Step 251 Train Loss: 0.4119
Epoch 8 Step 301 Train Loss: 0.5993
Epoch 8 Step 351 Train Loss: 0.5807
Epoch 8 Step 401 Train Loss: 0.4745
Epoch 8 Step 451 Train Loss: 0.4756
Epoch 8 Step 501 Train Loss: 0.5109
Epoch 8 Step 551 Train Loss: 0.6178
Epoch 8 Step 601 Train Loss: 0.4543
Epoch 8 Step 651 Train Loss: 0.5006
Epoch 8 Step 701 Train Loss: 0.4263
Epoch 8 Step 751 Train Loss: 0.4418
Epoch 8 Step 801 Train Loss: 0.5197
Epoch 8 Step 851 Train Loss: 0.4253
Epoch 8 Step 901 Train Loss: 0.5064
Epoch 8 Step 951 Train Loss: 0.4432
Epoch 8 Step 1001 Train Loss: 0.4884
Epoch 8 Step 1051 Train Loss: 0.4869
Epoch 8 Step 1101 Train Loss: 0.4391
Epoch 8 Step 1151 Train Loss: 0.5180
Epoch 8 Step 1201 Train Loss: 0.4356
Epoch 8 Step 1251 Train Loss: 0.4404
Epoch 8 Step 1301 Train Loss: 0.5367
Epoch 8 Step 1351 Train Loss: 0.4795
Epoch 8 Step 1401 Train Loss: 0.5067
Epoch 8 Step 1451 Train Loss: 0.5540
Epoch 8 Step 1501 Train Loss: 0.5207
Epoch 8 Step 1551 Train Loss: 0.4194
Epoch 8: Train Overall MSE: 0.0051 Validation Overall MSE: 0.0052. 
Train Top 20 DE MSE: 0.3844 Validation Top 20 DE MSE: 0.4671. 
Epoch 9 Step 1 Train Loss: 0.4500
Epoch 9 Step 51 Train Loss: 0.4462
Epoch 9 Step 101 Train Loss: 0.5118
Epoch 9 Step 151 Train Loss: 0.4804
Epoch 9 Step 201 Train Loss: 0.3890
Epoch 9 Step 251 Train Loss: 0.4716
Epoch 9 Step 301 Train Loss: 0.4936
Epoch 9 Step 351 Train Loss: 0.4245
Epoch 9 Step 401 Train Loss: 0.4632
Epoch 9 Step 451 Train Loss: 0.4762
Epoch 9 Step 501 Train Loss: 0.4937
Epoch 9 Step 551 Train Loss: 0.7066
Epoch 9 Step 601 Train Loss: 0.4880
Epoch 9 Step 651 Train Loss: 0.4639
Epoch 9 Step 701 Train Loss: 0.4278
Epoch 9 Step 751 Train Loss: 0.4470
Epoch 9 Step 801 Train Loss: 0.5293
Epoch 9 Step 851 Train Loss: 0.5140
Epoch 9 Step 901 Train Loss: 0.4299
Epoch 9 Step 951 Train Loss: 0.4711
Epoch 9 Step 1001 Train Loss: 0.4649
Epoch 9 Step 1051 Train Loss: 0.4880
Epoch 9 Step 1101 Train Loss: 0.5242
Epoch 9 Step 1151 Train Loss: 0.4603
Epoch 9 Step 1201 Train Loss: 0.3931
Epoch 9 Step 1251 Train Loss: 0.5923
Epoch 9 Step 1301 Train Loss: 0.5203
Epoch 9 Step 1351 Train Loss: 0.5331
Epoch 9 Step 1401 Train Loss: 0.3848
Epoch 9 Step 1451 Train Loss: 0.4422
Epoch 9 Step 1501 Train Loss: 0.4551
Epoch 9 Step 1551 Train Loss: 0.4399
Epoch 9: Train Overall MSE: 0.0050 Validation Overall MSE: 0.0051. 
Train Top 20 DE MSE: 0.3848 Validation Top 20 DE MSE: 0.4679. 
Epoch 10 Step 1 Train Loss: 0.6439
Epoch 10 Step 51 Train Loss: 0.3888
Epoch 10 Step 101 Train Loss: 0.4776
Epoch 10 Step 151 Train Loss: 0.5321
Epoch 10 Step 201 Train Loss: 0.4323
Epoch 10 Step 251 Train Loss: 0.5094
Epoch 10 Step 301 Train Loss: 0.4210
Epoch 10 Step 351 Train Loss: 0.4653
Epoch 10 Step 401 Train Loss: 0.4084
Epoch 10 Step 451 Train Loss: 0.5975
Epoch 10 Step 501 Train Loss: 0.4181
Epoch 10 Step 551 Train Loss: 0.4313
Epoch 10 Step 601 Train Loss: 0.4739
Epoch 10 Step 651 Train Loss: 0.5125
Epoch 10 Step 701 Train Loss: 0.4953
Epoch 10 Step 751 Train Loss: 0.4021
Epoch 10 Step 801 Train Loss: 0.4532
Epoch 10 Step 851 Train Loss: 0.4511
Epoch 10 Step 901 Train Loss: 0.3836
Epoch 10 Step 951 Train Loss: 0.4092
Epoch 10 Step 1001 Train Loss: 0.5099
Epoch 10 Step 1051 Train Loss: 0.4986
Epoch 10 Step 1101 Train Loss: 0.4372
Epoch 10 Step 1151 Train Loss: 0.4950
Epoch 10 Step 1201 Train Loss: 0.4648
Epoch 10 Step 1251 Train Loss: 0.3802
Epoch 10 Step 1301 Train Loss: 0.4324
Epoch 10 Step 1351 Train Loss: 0.4661
Epoch 10 Step 1401 Train Loss: 0.5846
Epoch 10 Step 1451 Train Loss: 0.4091
Epoch 10 Step 1501 Train Loss: 0.4511
Epoch 10 Step 1551 Train Loss: 0.4273
Epoch 10: Train Overall MSE: 0.0050 Validation Overall MSE: 0.0051. 
Train Top 20 DE MSE: 0.3853 Validation Top 20 DE MSE: 0.4679. 
Epoch 11 Step 1 Train Loss: 0.4897
Epoch 11 Step 51 Train Loss: 0.4971
Epoch 11 Step 101 Train Loss: 0.4544
Epoch 11 Step 151 Train Loss: 0.3919
Epoch 11 Step 201 Train Loss: 0.4759
Epoch 11 Step 251 Train Loss: 0.4794
Epoch 11 Step 301 Train Loss: 0.5010
Epoch 11 Step 351 Train Loss: 0.4594
Epoch 11 Step 401 Train Loss: 0.4853
Epoch 11 Step 451 Train Loss: 0.4466
Epoch 11 Step 501 Train Loss: 0.4887
Epoch 11 Step 551 Train Loss: 0.5523
Epoch 11 Step 601 Train Loss: 0.4437
Epoch 11 Step 651 Train Loss: 0.4489
Epoch 11 Step 701 Train Loss: 0.5774
Epoch 11 Step 751 Train Loss: 0.4344
Epoch 11 Step 801 Train Loss: 0.4480
Epoch 11 Step 851 Train Loss: 0.6024
Epoch 11 Step 901 Train Loss: 0.4299
Epoch 11 Step 951 Train Loss: 0.5990
Epoch 11 Step 1001 Train Loss: 0.6708
Epoch 11 Step 1051 Train Loss: 0.4698
Epoch 11 Step 1101 Train Loss: 0.4957
Epoch 11 Step 1151 Train Loss: 0.5369
Epoch 11 Step 1201 Train Loss: 0.4691
Epoch 11 Step 1251 Train Loss: 0.5282
Epoch 11 Step 1301 Train Loss: 0.5096
Epoch 11 Step 1351 Train Loss: 0.4549
Epoch 11 Step 1401 Train Loss: 0.5057
Epoch 11 Step 1451 Train Loss: 0.5398
Epoch 11 Step 1501 Train Loss: 0.4934
Epoch 11 Step 1551 Train Loss: 0.5293
Epoch 11: Train Overall MSE: 0.0050 Validation Overall MSE: 0.0051. 
Train Top 20 DE MSE: 0.3850 Validation Top 20 DE MSE: 0.4678. 
Epoch 12 Step 1 Train Loss: 0.5135
Epoch 12 Step 51 Train Loss: 0.4275
Epoch 12 Step 101 Train Loss: 0.4479
Epoch 12 Step 151 Train Loss: 0.5469
Epoch 12 Step 201 Train Loss: 0.4680
Epoch 12 Step 251 Train Loss: 0.4624
Epoch 12 Step 301 Train Loss: 0.5240
Epoch 12 Step 351 Train Loss: 0.4020
Epoch 12 Step 401 Train Loss: 0.4424
Epoch 12 Step 451 Train Loss: 0.4820
Epoch 12 Step 501 Train Loss: 0.5701
Epoch 12 Step 551 Train Loss: 0.4527
Epoch 12 Step 601 Train Loss: 0.3752
Epoch 12 Step 651 Train Loss: 0.5523
Epoch 12 Step 701 Train Loss: 0.5988
Epoch 12 Step 751 Train Loss: 0.5291
Epoch 12 Step 801 Train Loss: 0.3606
Epoch 12 Step 851 Train Loss: 0.4835
Epoch 12 Step 901 Train Loss: 0.4345
Epoch 12 Step 951 Train Loss: 0.4270
Epoch 12 Step 1001 Train Loss: 0.4264
Epoch 12 Step 1051 Train Loss: 0.4877
Epoch 12 Step 1101 Train Loss: 0.6611
Epoch 12 Step 1151 Train Loss: 0.4889
Epoch 12 Step 1201 Train Loss: 0.4714
Epoch 12 Step 1251 Train Loss: 0.4218
Epoch 12 Step 1301 Train Loss: 0.4238
Epoch 12 Step 1351 Train Loss: 0.4597
Epoch 12 Step 1401 Train Loss: 0.4616
Epoch 12 Step 1451 Train Loss: 0.4975
Epoch 12 Step 1501 Train Loss: 0.4389
Epoch 12 Step 1551 Train Loss: 0.5147
Epoch 12: Train Overall MSE: 0.0050 Validation Overall MSE: 0.0051. 
Train Top 20 DE MSE: 0.3856 Validation Top 20 DE MSE: 0.4693. 
Epoch 13 Step 1 Train Loss: 0.4477
Epoch 13 Step 51 Train Loss: 0.5273
Epoch 13 Step 101 Train Loss: 0.5354
Epoch 13 Step 151 Train Loss: 0.4026
Epoch 13 Step 201 Train Loss: 0.4950
Epoch 13 Step 251 Train Loss: 0.4427
Epoch 13 Step 301 Train Loss: 0.4189
Epoch 13 Step 351 Train Loss: 0.4308
Epoch 13 Step 401 Train Loss: 0.6118
Epoch 13 Step 451 Train Loss: 0.4101
Epoch 13 Step 501 Train Loss: 0.4045
Epoch 13 Step 551 Train Loss: 0.5211
Epoch 13 Step 601 Train Loss: 0.5071
Epoch 13 Step 651 Train Loss: 0.4818
Epoch 13 Step 701 Train Loss: 0.4340
Epoch 13 Step 751 Train Loss: 0.4301
Epoch 13 Step 801 Train Loss: 0.4668
Epoch 13 Step 851 Train Loss: 0.4346
Epoch 13 Step 901 Train Loss: 0.4891
Epoch 13 Step 951 Train Loss: 0.4733
Epoch 13 Step 1001 Train Loss: 0.4688
Epoch 13 Step 1051 Train Loss: 0.4739
Epoch 13 Step 1101 Train Loss: 0.4220
Epoch 13 Step 1151 Train Loss: 0.5165
Epoch 13 Step 1201 Train Loss: 0.4698
Epoch 13 Step 1251 Train Loss: 0.4437
Epoch 13 Step 1301 Train Loss: 0.4135
Epoch 13 Step 1351 Train Loss: 0.4909
Epoch 13 Step 1401 Train Loss: 0.4452
Epoch 13 Step 1451 Train Loss: 0.5041
Epoch 13 Step 1501 Train Loss: 0.5429
Epoch 13 Step 1551 Train Loss: 0.5658
Epoch 13: Train Overall MSE: 0.0050 Validation Overall MSE: 0.0051. 
Train Top 20 DE MSE: 0.3850 Validation Top 20 DE MSE: 0.4684. 
Epoch 14 Step 1 Train Loss: 0.4608
Epoch 14 Step 51 Train Loss: 0.5337
Epoch 14 Step 101 Train Loss: 0.4836
Epoch 14 Step 151 Train Loss: 0.4544
Epoch 14 Step 201 Train Loss: 0.4154
Epoch 14 Step 251 Train Loss: 0.4192
Epoch 14 Step 301 Train Loss: 0.4002
Epoch 14 Step 351 Train Loss: 0.6042
Epoch 14 Step 401 Train Loss: 0.4870
Epoch 14 Step 451 Train Loss: 0.4039
Epoch 14 Step 501 Train Loss: 0.5478
Epoch 14 Step 551 Train Loss: 0.4788
Epoch 14 Step 601 Train Loss: 0.4267
Epoch 14 Step 651 Train Loss: 0.4097
Epoch 14 Step 701 Train Loss: 0.5505
Epoch 14 Step 751 Train Loss: 0.5275
Epoch 14 Step 801 Train Loss: 0.4197
Epoch 14 Step 851 Train Loss: 0.4039
Epoch 14 Step 901 Train Loss: 0.4571
Epoch 14 Step 951 Train Loss: 0.4617
Epoch 14 Step 1001 Train Loss: 0.5726
Epoch 14 Step 1051 Train Loss: 0.5739
Epoch 14 Step 1101 Train Loss: 0.4271
Epoch 14 Step 1151 Train Loss: 0.4760
Epoch 14 Step 1201 Train Loss: 0.4948
Epoch 14 Step 1251 Train Loss: 0.4403
Epoch 14 Step 1301 Train Loss: 0.7418
Epoch 14 Step 1351 Train Loss: 0.4361
Epoch 14 Step 1401 Train Loss: 0.5253
Epoch 14 Step 1451 Train Loss: 0.5248
Epoch 14 Step 1501 Train Loss: 0.4858
Epoch 14 Step 1551 Train Loss: 0.4181
Epoch 14: Train Overall MSE: 0.0051 Validation Overall MSE: 0.0052. 
Train Top 20 DE MSE: 0.3847 Validation Top 20 DE MSE: 0.4675. 
Done!
Start Testing...
Best performing model: Test Top 20 DE MSE: 0.4315
Start doing subgroup analysis for simulation split...
test_combo_seen0_mse: 0.008997326
test_combo_seen0_pearson: 0.9725572491318203
test_combo_seen0_mse_de: 0.36367878
test_combo_seen0_pearson_de: 0.6943287568153917
test_combo_seen1_mse: 0.0102190785
test_combo_seen1_pearson: 0.9692575090182156
test_combo_seen1_mse_de: 0.47786856
test_combo_seen1_pearson_de: 0.7356545241948266
test_combo_seen2_mse: 0.007573512
test_combo_seen2_pearson: 0.9771661956787333
test_combo_seen2_mse_de: 0.6033622
test_combo_seen2_pearson_de: 0.7978294974166865
test_unseen_single_mse: 0.0042922557
test_unseen_single_pearson: 0.9869138543120763
test_unseen_single_mse_de: 0.30244717
test_unseen_single_pearson_de: 0.8457778800125703
test_combo_seen0_pearson_delta: 0.07629035419281488
test_combo_seen0_frac_opposite_direction_top20_non_dropout: 0.3833333333333333
test_combo_seen0_frac_sigma_below_1_non_dropout: 0.5388888888888889
test_combo_seen0_mse_top20_de_non_dropout: 0.59425825
test_combo_seen1_pearson_delta: 0.04581079508467891
test_combo_seen1_frac_opposite_direction_top20_non_dropout: 0.44418604651162785
test_combo_seen1_frac_sigma_below_1_non_dropout: 0.4558139534883721
test_combo_seen1_mse_top20_de_non_dropout: 0.6830529
test_combo_seen2_pearson_delta: 0.04965462243966046
test_combo_seen2_frac_opposite_direction_top20_non_dropout: 0.46578947368421053
test_combo_seen2_frac_sigma_below_1_non_dropout: 0.5315789473684212
test_combo_seen2_mse_top20_de_non_dropout: 0.633605
test_unseen_single_pearson_delta: 0.016218950077344942
test_unseen_single_frac_opposite_direction_top20_non_dropout: 0.44861111111111107
test_unseen_single_frac_sigma_below_1_non_dropout: 0.8027777777777778
test_unseen_single_mse_top20_de_non_dropout: 0.33644167
Done!
[I 2026-03-07 16:28:20,002] Trial 0 finished with value: 0.4315 and parameters: {'hidden_size': 8, 'epochs': 14, 'lr': 1.529949829431264e-06, 'weight_decay': 8.53691695803876e-08}. Best is trial 0 with value: 0.4315.
Found local copy...
Start Training...
Epoch 1 Step 1 Train Loss: 0.5904
Epoch 1 Step 51 Train Loss: 0.4716
Epoch 1 Step 101 Train Loss: 0.4625
Epoch 1 Step 151 Train Loss: 0.4776
Epoch 1 Step 201 Train Loss: 0.4216
Epoch 1 Step 251 Train Loss: 0.4409
Epoch 1 Step 301 Train Loss: 0.4654
Epoch 1 Step 351 Train Loss: 0.5710
Epoch 1 Step 401 Train Loss: 0.4558
Epoch 1 Step 451 Train Loss: 0.4427
Epoch 1 Step 501 Train Loss: 0.4195
Epoch 1 Step 551 Train Loss: 0.5191
Epoch 1 Step 601 Train Loss: 0.4525
Epoch 1 Step 651 Train Loss: 0.4914
Epoch 1 Step 701 Train Loss: 0.5031
Epoch 1 Step 751 Train Loss: 0.4419
Epoch 1 Step 801 Train Loss: 0.4190
Epoch 1 Step 851 Train Loss: 0.4304
Epoch 1 Step 901 Train Loss: 0.4580
Epoch 1 Step 951 Train Loss: 0.4866
Epoch 1 Step 1001 Train Loss: 0.5162
Epoch 1 Step 1051 Train Loss: 0.6349
Epoch 1 Step 1101 Train Loss: 0.5030
Epoch 1 Step 1151 Train Loss: 0.4245
Epoch 1 Step 1201 Train Loss: 0.5035
Epoch 1 Step 1251 Train Loss: 0.5357
Epoch 1 Step 1301 Train Loss: 0.4877
Epoch 1 Step 1351 Train Loss: 0.5815
Epoch 1 Step 1401 Train Loss: 0.4483
Epoch 1 Step 1451 Train Loss: 0.4413
Epoch 1 Step 1501 Train Loss: 0.4643
Epoch 1 Step 1551 Train Loss: 0.3763
Epoch 1: Train Overall MSE: 0.0049 Validation Overall MSE: 0.0052. 
Train Top 20 DE MSE: 0.3766 Validation Top 20 DE MSE: 0.4556. 
Epoch 2 Step 1 Train Loss: 0.3967
Epoch 2 Step 51 Train Loss: 0.4550
Epoch 2 Step 101 Train Loss: 0.5388
Epoch 2 Step 151 Train Loss: 0.3987
Epoch 2 Step 201 Train Loss: 0.4316
Epoch 2 Step 251 Train Loss: 0.4278
Epoch 2 Step 301 Train Loss: 0.5787
Epoch 2 Step 351 Train Loss: 0.5268
Epoch 2 Step 401 Train Loss: 0.4728
Epoch 2 Step 451 Train Loss: 0.4636
Epoch 2 Step 501 Train Loss: 0.5659
Epoch 2 Step 551 Train Loss: 0.5604
Epoch 2 Step 601 Train Loss: 0.5133
Epoch 2 Step 651 Train Loss: 0.4227
Epoch 2 Step 701 Train Loss: 0.4000
Epoch 2 Step 751 Train Loss: 0.4113
Epoch 2 Step 801 Train Loss: 0.3979
Epoch 2 Step 851 Train Loss: 0.5143
Epoch 2 Step 901 Train Loss: 0.4667
Epoch 2 Step 951 Train Loss: 0.5224
Epoch 2 Step 1001 Train Loss: 0.4666
Epoch 2 Step 1051 Train Loss: 0.4977
Epoch 2 Step 1101 Train Loss: 0.6348
Epoch 2 Step 1151 Train Loss: 0.5060
Epoch 2 Step 1201 Train Loss: 0.4681
Epoch 2 Step 1251 Train Loss: 0.4863
Epoch 2 Step 1301 Train Loss: 0.5978
Epoch 2 Step 1351 Train Loss: 0.4561
Epoch 2 Step 1401 Train Loss: 0.4251
Epoch 2 Step 1451 Train Loss: 0.4567
Epoch 2 Step 1501 Train Loss: 0.5118
Epoch 2 Step 1551 Train Loss: 0.5672
Epoch 2: Train Overall MSE: 0.0047 Validation Overall MSE: 0.0051. 
Train Top 20 DE MSE: 0.3686 Validation Top 20 DE MSE: 0.4453. 
Epoch 3 Step 1 Train Loss: 0.4128
Epoch 3 Step 51 Train Loss: 0.3892
Epoch 3 Step 101 Train Loss: 0.4497
Epoch 3 Step 151 Train Loss: 0.3739
Epoch 3 Step 201 Train Loss: 0.3884
Epoch 3 Step 251 Train Loss: 0.4334
Epoch 3 Step 301 Train Loss: 0.4658
Epoch 3 Step 351 Train Loss: 0.4472
Epoch 3 Step 401 Train Loss: 0.5418
Epoch 3 Step 451 Train Loss: 0.4401
Epoch 3 Step 501 Train Loss: 0.6053
Epoch 3 Step 551 Train Loss: 0.4274
Epoch 3 Step 601 Train Loss: 0.5058
Epoch 3 Step 651 Train Loss: 0.5366
Epoch 3 Step 701 Train Loss: 0.4845
Epoch 3 Step 751 Train Loss: 0.4522
Epoch 3 Step 801 Train Loss: 0.6500
Epoch 3 Step 851 Train Loss: 0.5563
Epoch 3 Step 901 Train Loss: 0.4198
Epoch 3 Step 951 Train Loss: 0.5148
Epoch 3 Step 1001 Train Loss: 0.4530
Epoch 3 Step 1051 Train Loss: 0.4819
Epoch 3 Step 1101 Train Loss: 0.4651
Epoch 3 Step 1151 Train Loss: 0.5635
Epoch 3 Step 1201 Train Loss: 0.4896
Epoch 3 Step 1251 Train Loss: 0.5305
Epoch 3 Step 1301 Train Loss: 0.5243
Epoch 3 Step 1351 Train Loss: 0.5206
Epoch 3 Step 1401 Train Loss: 0.4165
Epoch 3 Step 1451 Train Loss: 0.5560
Epoch 3 Step 1501 Train Loss: 0.5207
Epoch 3 Step 1551 Train Loss: 0.4659
Epoch 3: Train Overall MSE: 0.0047 Validation Overall MSE: 0.0050. 
Train Top 20 DE MSE: 0.3637 Validation Top 20 DE MSE: 0.4385. 
Epoch 4 Step 1 Train Loss: 0.5882
Epoch 4 Step 51 Train Loss: 0.4359
Epoch 4 Step 101 Train Loss: 0.4563
Epoch 4 Step 151 Train Loss: 0.4265
Epoch 4 Step 201 Train Loss: 0.4459
Epoch 4 Step 251 Train Loss: 0.4283
Epoch 4 Step 301 Train Loss: 0.5238
Epoch 4 Step 351 Train Loss: 0.4927
Epoch 4 Step 401 Train Loss: 0.4732
Epoch 4 Step 451 Train Loss: 0.4619
Epoch 4 Step 501 Train Loss: 0.3928
Epoch 4 Step 551 Train Loss: 0.4832
Epoch 4 Step 601 Train Loss: 0.4599
Epoch 4 Step 651 Train Loss: 0.5207
Epoch 4 Step 701 Train Loss: 0.5074
Epoch 4 Step 751 Train Loss: 0.4817
Epoch 4 Step 801 Train Loss: 0.4655
Epoch 4 Step 851 Train Loss: 0.4823
Epoch 4 Step 901 Train Loss: 0.4954
Epoch 4 Step 951 Train Loss: 0.4326
Epoch 4 Step 1001 Train Loss: 0.4392
Epoch 4 Step 1051 Train Loss: 0.4152
Epoch 4 Step 1101 Train Loss: 0.4412
Epoch 4 Step 1151 Train Loss: 0.4375
Epoch 4 Step 1201 Train Loss: 0.4667
Epoch 4 Step 1251 Train Loss: 0.5263
Epoch 4 Step 1301 Train Loss: 0.4472
Epoch 4 Step 1351 Train Loss: 0.3782
Epoch 4 Step 1401 Train Loss: 0.4963
Epoch 4 Step 1451 Train Loss: 0.6149
Epoch 4 Step 1501 Train Loss: 0.4175
Epoch 4 Step 1551 Train Loss: 0.4920
Epoch 4: Train Overall MSE: 0.0046 Validation Overall MSE: 0.0050. 
Train Top 20 DE MSE: 0.3590 Validation Top 20 DE MSE: 0.4336. 
Epoch 5 Step 1 Train Loss: 0.5592
Epoch 5 Step 51 Train Loss: 0.7122
Epoch 5 Step 101 Train Loss: 0.4568
Epoch 5 Step 151 Train Loss: 0.4632
Epoch 5 Step 201 Train Loss: 0.4588
Epoch 5 Step 251 Train Loss: 0.4116
Epoch 5 Step 301 Train Loss: 0.4357
Epoch 5 Step 351 Train Loss: 0.3576
Epoch 5 Step 401 Train Loss: 0.4860
Epoch 5 Step 451 Train Loss: 0.4819
Epoch 5 Step 501 Train Loss: 0.4188
Epoch 5 Step 551 Train Loss: 0.5276
Epoch 5 Step 601 Train Loss: 0.5624
Epoch 5 Step 651 Train Loss: 0.4720
Epoch 5 Step 701 Train Loss: 0.4143
Epoch 5 Step 751 Train Loss: 0.4518
Epoch 5 Step 801 Train Loss: 0.4884
Epoch 5 Step 851 Train Loss: 0.4652
Epoch 5 Step 901 Train Loss: 0.4301
Epoch 5 Step 951 Train Loss: 0.4591
Epoch 5 Step 1001 Train Loss: 0.6332
Epoch 5 Step 1051 Train Loss: 0.5094
Epoch 5 Step 1101 Train Loss: 0.4553
Epoch 5 Step 1151 Train Loss: 0.6162
Epoch 5 Step 1201 Train Loss: 0.5113
Epoch 5 Step 1251 Train Loss: 0.5549
Epoch 5 Step 1301 Train Loss: 0.5052
Epoch 5 Step 1351 Train Loss: 0.5722
Epoch 5 Step 1401 Train Loss: 0.5432
Epoch 5 Step 1451 Train Loss: 0.4076
Epoch 5 Step 1501 Train Loss: 0.3979
Epoch 5 Step 1551 Train Loss: 0.4468
Epoch 5: Train Overall MSE: 0.0046 Validation Overall MSE: 0.0050. 
Train Top 20 DE MSE: 0.3578 Validation Top 20 DE MSE: 0.4321. 
Epoch 6 Step 1 Train Loss: 0.4599
Epoch 6 Step 51 Train Loss: 0.5740
Epoch 6 Step 101 Train Loss: 0.4758
Epoch 6 Step 151 Train Loss: 0.4477
Epoch 6 Step 201 Train Loss: 0.4148
Epoch 6 Step 251 Train Loss: 0.3855
Epoch 6 Step 301 Train Loss: 0.4775
Epoch 6 Step 351 Train Loss: 0.4369
Epoch 6 Step 401 Train Loss: 0.3711
Epoch 6 Step 451 Train Loss: 0.5777
Epoch 6 Step 501 Train Loss: 0.3708
Epoch 6 Step 551 Train Loss: 0.4965
Epoch 6 Step 601 Train Loss: 0.4484
Epoch 6 Step 651 Train Loss: 0.4606
Epoch 6 Step 701 Train Loss: 0.5246
Epoch 6 Step 751 Train Loss: 0.5865
Epoch 6 Step 801 Train Loss: 0.4693
Epoch 6 Step 851 Train Loss: 0.3993
Epoch 6 Step 901 Train Loss: 0.5953
Epoch 6 Step 951 Train Loss: 0.5877
Epoch 6 Step 1001 Train Loss: 0.4823
Epoch 6 Step 1051 Train Loss: 0.5110
Epoch 6 Step 1101 Train Loss: 0.3626
Epoch 6 Step 1151 Train Loss: 0.6504
Epoch 6 Step 1201 Train Loss: 0.3554
Epoch 6 Step 1251 Train Loss: 0.5353
Epoch 6 Step 1301 Train Loss: 0.4089
Epoch 6 Step 1351 Train Loss: 0.4888
Epoch 6 Step 1401 Train Loss: 0.4537
Epoch 6 Step 1451 Train Loss: 0.4748
Epoch 6 Step 1501 Train Loss: 0.5909
Epoch 6 Step 1551 Train Loss: 0.4702
Epoch 6: Train Overall MSE: 0.0046 Validation Overall MSE: 0.0049. 
Train Top 20 DE MSE: 0.3601 Validation Top 20 DE MSE: 0.4357. 
Epoch 7 Step 1 Train Loss: 0.4598
Epoch 7 Step 51 Train Loss: 0.4661
Epoch 7 Step 101 Train Loss: 0.6358
Epoch 7 Step 151 Train Loss: 0.4737
Epoch 7 Step 201 Train Loss: 0.4266
Epoch 7 Step 251 Train Loss: 0.4641
Epoch 7 Step 301 Train Loss: 0.5277
Epoch 7 Step 351 Train Loss: 0.4615
Epoch 7 Step 401 Train Loss: 0.4950
Epoch 7 Step 451 Train Loss: 0.5032
Epoch 7 Step 501 Train Loss: 0.3551
Epoch 7 Step 551 Train Loss: 0.5543
Epoch 7 Step 601 Train Loss: 0.5281
Epoch 7 Step 651 Train Loss: 0.4118
Epoch 7 Step 701 Train Loss: 0.6006
Epoch 7 Step 751 Train Loss: 0.5565
Epoch 7 Step 801 Train Loss: 0.4329
Epoch 7 Step 851 Train Loss: 0.5195
Epoch 7 Step 901 Train Loss: 0.5143
Epoch 7 Step 951 Train Loss: 0.5604
Epoch 7 Step 1001 Train Loss: 0.5820
Epoch 7 Step 1051 Train Loss: 0.4172
Epoch 7 Step 1101 Train Loss: 0.5918
Epoch 7 Step 1151 Train Loss: 0.5118
Epoch 7 Step 1201 Train Loss: 0.4389
Epoch 7 Step 1251 Train Loss: 0.5439
Epoch 7 Step 1301 Train Loss: 0.4659
Epoch 7 Step 1351 Train Loss: 0.4794
Epoch 7 Step 1401 Train Loss: 0.4637
Epoch 7 Step 1451 Train Loss: 0.4747
Epoch 7 Step 1501 Train Loss: 0.5403
Epoch 7 Step 1551 Train Loss: 0.4717
Epoch 7: Train Overall MSE: 0.0046 Validation Overall MSE: 0.0050. 
Train Top 20 DE MSE: 0.3571 Validation Top 20 DE MSE: 0.4331. 
Epoch 8 Step 1 Train Loss: 0.5091
Epoch 8 Step 51 Train Loss: 0.4843
Epoch 8 Step 101 Train Loss: 0.4370
Epoch 8 Step 151 Train Loss: 0.5466
Epoch 8 Step 201 Train Loss: 0.5161
Epoch 8 Step 251 Train Loss: 0.4215
Epoch 8 Step 301 Train Loss: 0.3891
Epoch 8 Step 351 Train Loss: 0.5248
Epoch 8 Step 401 Train Loss: 0.4333
Epoch 8 Step 451 Train Loss: 0.3895
Epoch 8 Step 501 Train Loss: 0.3685
Epoch 8 Step 551 Train Loss: 0.4859
Epoch 8 Step 601 Train Loss: 0.4266
Epoch 8 Step 651 Train Loss: 0.5222
Epoch 8 Step 701 Train Loss: 0.4274
Epoch 8 Step 751 Train Loss: 0.5274
Epoch 8 Step 801 Train Loss: 0.4669
Epoch 8 Step 851 Train Loss: 0.5141
Epoch 8 Step 901 Train Loss: 0.4901
Epoch 8 Step 951 Train Loss: 0.5366
Epoch 8 Step 1001 Train Loss: 0.4696
Epoch 8 Step 1051 Train Loss: 0.4425
Epoch 8 Step 1101 Train Loss: 0.4992
Epoch 8 Step 1151 Train Loss: 0.6732
Epoch 8 Step 1201 Train Loss: 0.5158
Epoch 8 Step 1251 Train Loss: 0.3955
Epoch 8 Step 1301 Train Loss: 0.4995
Epoch 8 Step 1351 Train Loss: 0.5093
Epoch 8 Step 1401 Train Loss: 0.4161
Epoch 8 Step 1451 Train Loss: 0.3800
Epoch 8 Step 1501 Train Loss: 0.4635
Epoch 8 Step 1551 Train Loss: 0.5022
Epoch 8: Train Overall MSE: 0.0046 Validation Overall MSE: 0.0049. 
Train Top 20 DE MSE: 0.3622 Validation Top 20 DE MSE: 0.4397. 
Epoch 9 Step 1 Train Loss: 0.5643
Epoch 9 Step 51 Train Loss: 0.4690
Epoch 9 Step 101 Train Loss: 0.4487
Epoch 9 Step 151 Train Loss: 0.4121
Epoch 9 Step 201 Train Loss: 0.5417
Epoch 9 Step 251 Train Loss: 0.3701
Epoch 9 Step 301 Train Loss: 0.5643
Epoch 9 Step 351 Train Loss: 0.3883
Epoch 9 Step 401 Train Loss: 0.4486
Epoch 9 Step 451 Train Loss: 0.4149
Epoch 9 Step 501 Train Loss: 0.5700
Epoch 9 Step 551 Train Loss: 0.4666
Epoch 9 Step 601 Train Loss: 0.5071
Epoch 9 Step 651 Train Loss: 0.4366
Epoch 9 Step 701 Train Loss: 0.5267
Epoch 9 Step 751 Train Loss: 0.4463
Epoch 9 Step 801 Train Loss: 0.4302
Epoch 9 Step 851 Train Loss: 0.4231
Epoch 9 Step 901 Train Loss: 0.4117
Epoch 9 Step 951 Train Loss: 0.4215
Epoch 9 Step 1001 Train Loss: 0.4626
Epoch 9 Step 1051 Train Loss: 0.5578
Epoch 9 Step 1101 Train Loss: 0.6504
Epoch 9 Step 1151 Train Loss: 0.4155
Epoch 9 Step 1201 Train Loss: 0.4789
Epoch 9 Step 1251 Train Loss: 0.5024
Epoch 9 Step 1301 Train Loss: 0.5067
Epoch 9 Step 1351 Train Loss: 0.4203
Epoch 9 Step 1401 Train Loss: 0.5883
Epoch 9 Step 1451 Train Loss: 0.4497
Epoch 9 Step 1501 Train Loss: 0.3735
Epoch 9 Step 1551 Train Loss: 0.5390
Epoch 9: Train Overall MSE: 0.0046 Validation Overall MSE: 0.0049. 
Train Top 20 DE MSE: 0.3587 Validation Top 20 DE MSE: 0.4337. 
Epoch 10 Step 1 Train Loss: 0.4081
Epoch 10 Step 51 Train Loss: 0.4096
Epoch 10 Step 101 Train Loss: 0.4064
Epoch 10 Step 151 Train Loss: 0.4540
Epoch 10 Step 201 Train Loss: 0.4616
Epoch 10 Step 251 Train Loss: 0.4616
Epoch 10 Step 301 Train Loss: 0.5092
Epoch 10 Step 351 Train Loss: 0.4121
Epoch 10 Step 401 Train Loss: 0.3919
Epoch 10 Step 451 Train Loss: 0.4839
Epoch 10 Step 501 Train Loss: 0.5169
Epoch 10 Step 551 Train Loss: 0.4982
Epoch 10 Step 601 Train Loss: 0.4230
Epoch 10 Step 651 Train Loss: 0.5292
Epoch 10 Step 701 Train Loss: 0.4035
Epoch 10 Step 751 Train Loss: 0.4552
Epoch 10 Step 801 Train Loss: 0.4475
Epoch 10 Step 851 Train Loss: 0.4462
Epoch 10 Step 901 Train Loss: 0.4495
Epoch 10 Step 951 Train Loss: 0.3794
Epoch 10 Step 1001 Train Loss: 0.6812
Epoch 10 Step 1051 Train Loss: 0.5746
Epoch 10 Step 1101 Train Loss: 0.4936
Epoch 10 Step 1151 Train Loss: 0.4316
Epoch 10 Step 1201 Train Loss: 0.4846
Epoch 10 Step 1251 Train Loss: 0.4610
Epoch 10 Step 1301 Train Loss: 0.4563
Epoch 10 Step 1351 Train Loss: 0.4501
Epoch 10 Step 1401 Train Loss: 0.4516
Epoch 10 Step 1451 Train Loss: 0.4882
Epoch 10 Step 1501 Train Loss: 0.4214
Epoch 10 Step 1551 Train Loss: 0.5096
Epoch 10: Train Overall MSE: 0.0046 Validation Overall MSE: 0.0049. 
Train Top 20 DE MSE: 0.3573 Validation Top 20 DE MSE: 0.4339. 
Epoch 11 Step 1 Train Loss: 0.4438
Epoch 11 Step 51 Train Loss: 0.4041
Epoch 11 Step 101 Train Loss: 0.4487
Epoch 11 Step 151 Train Loss: 0.5448
Epoch 11 Step 201 Train Loss: 0.5796
Epoch 11 Step 251 Train Loss: 0.5043
Epoch 11 Step 301 Train Loss: 0.4382
Epoch 11 Step 351 Train Loss: 0.4141
Epoch 11 Step 401 Train Loss: 0.6199
Epoch 11 Step 451 Train Loss: 0.4245
Epoch 11 Step 501 Train Loss: 0.4026
Epoch 11 Step 551 Train Loss: 0.4453
Epoch 11 Step 601 Train Loss: 0.5149
Epoch 11 Step 651 Train Loss: 0.4488
Epoch 11 Step 701 Train Loss: 0.4227
Epoch 11 Step 751 Train Loss: 0.5434
Epoch 11 Step 801 Train Loss: 0.4997
Epoch 11 Step 851 Train Loss: 0.5076
Epoch 11 Step 901 Train Loss: 0.4062
Epoch 11 Step 951 Train Loss: 0.3964
Epoch 11 Step 1001 Train Loss: 0.4564
Epoch 11 Step 1051 Train Loss: 0.6220
Epoch 11 Step 1101 Train Loss: 0.4667
Epoch 11 Step 1151 Train Loss: 0.4421
Epoch 11 Step 1201 Train Loss: 0.4410
Epoch 11 Step 1251 Train Loss: 0.4451
Epoch 11 Step 1301 Train Loss: 0.4604
Epoch 11 Step 1351 Train Loss: 0.4298
Epoch 11 Step 1401 Train Loss: 0.3875
Epoch 11 Step 1451 Train Loss: 0.3796
Epoch 11 Step 1501 Train Loss: 0.4478
Epoch 11 Step 1551 Train Loss: 0.4675
Epoch 11: Train Overall MSE: 0.0046 Validation Overall MSE: 0.0049. 
Train Top 20 DE MSE: 0.3584 Validation Top 20 DE MSE: 0.4351. 
Epoch 12 Step 1 Train Loss: 0.4048
Epoch 12 Step 51 Train Loss: 0.4526
Epoch 12 Step 101 Train Loss: 0.4280
Epoch 12 Step 151 Train Loss: 0.5246
Epoch 12 Step 201 Train Loss: 0.4321
Epoch 12 Step 251 Train Loss: 0.4506
Epoch 12 Step 301 Train Loss: 0.4404
Epoch 12 Step 351 Train Loss: 0.4364
Epoch 12 Step 401 Train Loss: 0.4079
Epoch 12 Step 451 Train Loss: 0.3994
Epoch 12 Step 501 Train Loss: 0.5722
Epoch 12 Step 551 Train Loss: 0.4844
Epoch 12 Step 601 Train Loss: 0.5501
Epoch 12 Step 651 Train Loss: 0.3972
Epoch 12 Step 701 Train Loss: 0.5065
Epoch 12 Step 751 Train Loss: 0.4467
Epoch 12 Step 801 Train Loss: 0.5038
Epoch 12 Step 851 Train Loss: 0.4500
Epoch 12 Step 901 Train Loss: 0.5522
Epoch 12 Step 951 Train Loss: 0.4861
Epoch 12 Step 1001 Train Loss: 0.4504
Epoch 12 Step 1051 Train Loss: 0.4528
Epoch 12 Step 1101 Train Loss: 0.4686
Epoch 12 Step 1151 Train Loss: 0.6091
Epoch 12 Step 1201 Train Loss: 0.5804
Epoch 12 Step 1251 Train Loss: 0.4696
Epoch 12 Step 1301 Train Loss: 0.4676
Epoch 12 Step 1351 Train Loss: 0.3592
Epoch 12 Step 1401 Train Loss: 0.4462
Epoch 12 Step 1451 Train Loss: 0.4949
Epoch 12 Step 1501 Train Loss: 0.5127
Epoch 12 Step 1551 Train Loss: 0.5888
Epoch 12: Train Overall MSE: 0.0046 Validation Overall MSE: 0.0049. 
Train Top 20 DE MSE: 0.3588 Validation Top 20 DE MSE: 0.4330. 
Epoch 13 Step 1 Train Loss: 0.4533
Epoch 13 Step 51 Train Loss: 0.4547
Epoch 13 Step 101 Train Loss: 0.4623
Epoch 13 Step 151 Train Loss: 0.4508
Epoch 13 Step 201 Train Loss: 0.5062
Epoch 13 Step 251 Train Loss: 0.5277
Epoch 13 Step 301 Train Loss: 0.4324
Epoch 13 Step 351 Train Loss: 0.4804
Epoch 13 Step 401 Train Loss: 0.4733
Epoch 13 Step 451 Train Loss: 0.5101
Epoch 13 Step 501 Train Loss: 0.5051
Epoch 13 Step 551 Train Loss: 0.5283
Epoch 13 Step 601 Train Loss: 0.5643
Epoch 13 Step 651 Train Loss: 0.4543
Epoch 13 Step 701 Train Loss: 0.3825
Epoch 13 Step 751 Train Loss: 0.5097
Epoch 13 Step 801 Train Loss: 0.5475
Epoch 13 Step 851 Train Loss: 0.4546
Epoch 13 Step 901 Train Loss: 0.3557
Epoch 13 Step 951 Train Loss: 0.4441
Epoch 13 Step 1001 Train Loss: 0.4602
Epoch 13 Step 1051 Train Loss: 0.4377
Epoch 13 Step 1101 Train Loss: 0.5719
Epoch 13 Step 1151 Train Loss: 0.4830
Epoch 13 Step 1201 Train Loss: 0.5408
Epoch 13 Step 1251 Train Loss: 0.4845
Epoch 13 Step 1301 Train Loss: 0.5073
Epoch 13 Step 1351 Train Loss: 0.4384
Epoch 13 Step 1401 Train Loss: 0.4780
Epoch 13 Step 1451 Train Loss: 0.4068
Epoch 13 Step 1501 Train Loss: 0.6234
Epoch 13 Step 1551 Train Loss: 0.4502
Epoch 13: Train Overall MSE: 0.0046 Validation Overall MSE: 0.0050. 
Train Top 20 DE MSE: 0.3566 Validation Top 20 DE MSE: 0.4319. 
Epoch 14 Step 1 Train Loss: 0.5919
Epoch 14 Step 51 Train Loss: 0.5113
Epoch 14 Step 101 Train Loss: 0.5076
Epoch 14 Step 151 Train Loss: 0.4895
Epoch 14 Step 201 Train Loss: 0.4465
Epoch 14 Step 251 Train Loss: 0.3985
Epoch 14 Step 301 Train Loss: 0.4486
Epoch 14 Step 351 Train Loss: 0.4230
Epoch 14 Step 401 Train Loss: 0.4692
Epoch 14 Step 451 Train Loss: 0.5131
Epoch 14 Step 501 Train Loss: 0.5509
Epoch 14 Step 551 Train Loss: 0.4913
Epoch 14 Step 601 Train Loss: 0.4003
Epoch 14 Step 651 Train Loss: 0.4723
Epoch 14 Step 701 Train Loss: 0.4170
Epoch 14 Step 751 Train Loss: 0.4439
Epoch 14 Step 801 Train Loss: 0.4600
Epoch 14 Step 851 Train Loss: 0.4265
Epoch 14 Step 901 Train Loss: 0.4823
Epoch 14 Step 951 Train Loss: 0.4595
Epoch 14 Step 1001 Train Loss: 0.4285
Epoch 14 Step 1051 Train Loss: 0.4299
Epoch 14 Step 1101 Train Loss: 0.4172
Epoch 14 Step 1151 Train Loss: 0.4139
Epoch 14 Step 1201 Train Loss: 0.4573
Epoch 14 Step 1251 Train Loss: 0.4992
Epoch 14 Step 1301 Train Loss: 0.5697
Epoch 14 Step 1351 Train Loss: 0.4385
Epoch 14 Step 1401 Train Loss: 0.4381
Epoch 14 Step 1451 Train Loss: 0.4956
Epoch 14 Step 1501 Train Loss: 0.5158
Epoch 14 Step 1551 Train Loss: 0.4293
Epoch 14: Train Overall MSE: 0.0046 Validation Overall MSE: 0.0049. 
Train Top 20 DE MSE: 0.3591 Validation Top 20 DE MSE: 0.4346. 
Epoch 15 Step 1 Train Loss: 0.5417
Epoch 15 Step 51 Train Loss: 0.5162
Epoch 15 Step 101 Train Loss: 0.3810
Epoch 15 Step 151 Train Loss: 0.5089
Epoch 15 Step 201 Train Loss: 0.5586
Epoch 15 Step 251 Train Loss: 0.5525
Epoch 15 Step 301 Train Loss: 0.4577
Epoch 15 Step 351 Train Loss: 0.5557
Epoch 15 Step 401 Train Loss: 0.4680
Epoch 15 Step 451 Train Loss: 0.4190
Epoch 15 Step 501 Train Loss: 0.5046
Epoch 15 Step 551 Train Loss: 0.4436
Epoch 15 Step 601 Train Loss: 0.4801
Epoch 15 Step 651 Train Loss: 0.6555
Epoch 15 Step 701 Train Loss: 0.4978
Epoch 15 Step 751 Train Loss: 0.5896
Epoch 15 Step 801 Train Loss: 0.5088
Epoch 15 Step 851 Train Loss: 0.4183
Epoch 15 Step 901 Train Loss: 0.4988
Epoch 15 Step 951 Train Loss: 0.4829
Epoch 15 Step 1001 Train Loss: 0.6003
Epoch 15 Step 1051 Train Loss: 0.4302
Epoch 15 Step 1101 Train Loss: 0.5041
Epoch 15 Step 1151 Train Loss: 0.4019
Epoch 15 Step 1201 Train Loss: 0.5078
Epoch 15 Step 1251 Train Loss: 0.5239
Epoch 15 Step 1301 Train Loss: 0.4483
Epoch 15 Step 1351 Train Loss: 0.4550
Epoch 15 Step 1401 Train Loss: 0.3866
Epoch 15 Step 1451 Train Loss: 0.3942
Epoch 15 Step 1501 Train Loss: 0.5066
Epoch 15 Step 1551 Train Loss: 0.4908
Epoch 15: Train Overall MSE: 0.0046 Validation Overall MSE: 0.0050. 
Train Top 20 DE MSE: 0.3575 Validation Top 20 DE MSE: 0.4341. 
Epoch 16 Step 1 Train Loss: 0.5261
Epoch 16 Step 51 Train Loss: 0.4418
Epoch 16 Step 101 Train Loss: 0.4596
Epoch 16 Step 151 Train Loss: 0.4857
Epoch 16 Step 201 Train Loss: 0.4962
Epoch 16 Step 251 Train Loss: 0.5208
Epoch 16 Step 301 Train Loss: 0.4718
Epoch 16 Step 351 Train Loss: 0.4103
Epoch 16 Step 401 Train Loss: 0.4578
Epoch 16 Step 451 Train Loss: 0.5184
Epoch 16 Step 501 Train Loss: 0.6037
Epoch 16 Step 551 Train Loss: 0.6640
Epoch 16 Step 601 Train Loss: 0.4106
Epoch 16 Step 651 Train Loss: 0.3840
Epoch 16 Step 701 Train Loss: 0.4703
Epoch 16 Step 751 Train Loss: 0.6291
Epoch 16 Step 801 Train Loss: 0.5411
Epoch 16 Step 851 Train Loss: 0.4750
Epoch 16 Step 901 Train Loss: 0.4906
Epoch 16 Step 951 Train Loss: 0.4095
Epoch 16 Step 1001 Train Loss: 0.5426
Epoch 16 Step 1051 Train Loss: 0.4595
Epoch 16 Step 1101 Train Loss: 0.4948
Epoch 16 Step 1151 Train Loss: 0.5191
Epoch 16 Step 1201 Train Loss: 0.4897
Epoch 16 Step 1251 Train Loss: 0.4551
Epoch 16 Step 1301 Train Loss: 0.5406
Epoch 16 Step 1351 Train Loss: 0.5427
Epoch 16 Step 1401 Train Loss: 0.6397
Epoch 16 Step 1451 Train Loss: 0.3964
Epoch 16 Step 1501 Train Loss: 0.4771
Epoch 16 Step 1551 Train Loss: 0.4661
Epoch 16: Train Overall MSE: 0.0046 Validation Overall MSE: 0.0049. 
Train Top 20 DE MSE: 0.3590 Validation Top 20 DE MSE: 0.4353. 
Epoch 17 Step 1 Train Loss: 0.3629
Epoch 17 Step 51 Train Loss: 0.4292
Epoch 17 Step 101 Train Loss: 0.5134
Epoch 17 Step 151 Train Loss: 0.4552
Epoch 17 Step 201 Train Loss: 0.4842
Epoch 17 Step 251 Train Loss: 0.5473
Epoch 17 Step 301 Train Loss: 0.5143
Epoch 17 Step 351 Train Loss: 0.4896
Epoch 17 Step 401 Train Loss: 0.5659
Epoch 17 Step 451 Train Loss: 0.4985
Epoch 17 Step 501 Train Loss: 0.4990
Epoch 17 Step 551 Train Loss: 0.3951
Epoch 17 Step 601 Train Loss: 0.4318
Epoch 17 Step 651 Train Loss: 0.4359
Epoch 17 Step 701 Train Loss: 0.5092
Epoch 17 Step 751 Train Loss: 0.3969
Epoch 17 Step 801 Train Loss: 0.4983
Epoch 17 Step 851 Train Loss: 0.6262
Epoch 17 Step 901 Train Loss: 0.5186
Epoch 17 Step 951 Train Loss: 0.5818
Epoch 17 Step 1001 Train Loss: 0.6478
Epoch 17 Step 1051 Train Loss: 0.6668
Epoch 17 Step 1101 Train Loss: 0.5804
Epoch 17 Step 1151 Train Loss: 0.5442
Epoch 17 Step 1201 Train Loss: 0.4609
Epoch 17 Step 1251 Train Loss: 0.4397
Epoch 17 Step 1301 Train Loss: 0.4776
Epoch 17 Step 1351 Train Loss: 0.4722
Epoch 17 Step 1401 Train Loss: 0.5977
Epoch 17 Step 1451 Train Loss: 0.4239
Epoch 17 Step 1501 Train Loss: 0.4088
Epoch 17 Step 1551 Train Loss: 0.4422
Epoch 17: Train Overall MSE: 0.0046 Validation Overall MSE: 0.0049. 
Train Top 20 DE MSE: 0.3599 Validation Top 20 DE MSE: 0.4359. 
Epoch 18 Step 1 Train Loss: 0.4739
Epoch 18 Step 51 Train Loss: 0.4460
Epoch 18 Step 101 Train Loss: 0.4620
Epoch 18 Step 151 Train Loss: 0.4793
Epoch 18 Step 201 Train Loss: 0.3998
Epoch 18 Step 251 Train Loss: 0.4409
Epoch 18 Step 301 Train Loss: 0.4019
Epoch 18 Step 351 Train Loss: 0.4663
Epoch 18 Step 401 Train Loss: 0.4038
Epoch 18 Step 451 Train Loss: 0.4575
Epoch 18 Step 501 Train Loss: 0.5366
Epoch 18 Step 551 Train Loss: 0.3890
Epoch 18 Step 601 Train Loss: 0.4353
Epoch 18 Step 651 Train Loss: 0.4342
Epoch 18 Step 701 Train Loss: 0.4383
Epoch 18 Step 751 Train Loss: 0.4187
Epoch 18 Step 801 Train Loss: 0.5080
Epoch 18 Step 851 Train Loss: 0.4506
Epoch 18 Step 901 Train Loss: 0.4760
Epoch 18 Step 951 Train Loss: 0.4174
Epoch 18 Step 1001 Train Loss: 0.5485
Epoch 18 Step 1051 Train Loss: 0.3879
Epoch 18 Step 1101 Train Loss: 0.4922
Epoch 18 Step 1151 Train Loss: 0.4583
Epoch 18 Step 1201 Train Loss: 0.4811
Epoch 18 Step 1251 Train Loss: 0.5213
Epoch 18 Step 1301 Train Loss: 0.4265
Epoch 18 Step 1351 Train Loss: 0.5349
Epoch 18 Step 1401 Train Loss: 0.5401
Epoch 18 Step 1451 Train Loss: 0.3881
Epoch 18 Step 1501 Train Loss: 0.4894
Epoch 18 Step 1551 Train Loss: 0.4579
Epoch 18: Train Overall MSE: 0.0046 Validation Overall MSE: 0.0049. 
Train Top 20 DE MSE: 0.3590 Validation Top 20 DE MSE: 0.4336. 
Epoch 19 Step 1 Train Loss: 0.4707
Epoch 19 Step 51 Train Loss: 0.4323
Epoch 19 Step 101 Train Loss: 0.5008
Epoch 19 Step 151 Train Loss: 0.5626
Epoch 19 Step 201 Train Loss: 0.3855
Epoch 19 Step 251 Train Loss: 0.4173
Epoch 19 Step 301 Train Loss: 0.4908
Epoch 19 Step 351 Train Loss: 0.4522
Epoch 19 Step 401 Train Loss: 0.5265
Epoch 19 Step 451 Train Loss: 0.4231
Epoch 19 Step 501 Train Loss: 0.4091
Epoch 19 Step 551 Train Loss: 0.5190
Epoch 19 Step 601 Train Loss: 0.4102
Epoch 19 Step 651 Train Loss: 0.4746
Epoch 19 Step 701 Train Loss: 0.4435
Epoch 19 Step 751 Train Loss: 0.5238
Epoch 19 Step 801 Train Loss: 0.4886
Epoch 19 Step 851 Train Loss: 0.5289
Epoch 19 Step 901 Train Loss: 0.4301
Epoch 19 Step 951 Train Loss: 0.4664
Epoch 19 Step 1001 Train Loss: 0.5467
Epoch 19 Step 1051 Train Loss: 0.4611
Epoch 19 Step 1101 Train Loss: 0.4068
Epoch 19 Step 1151 Train Loss: 0.4767
Epoch 19 Step 1201 Train Loss: 0.5593
Epoch 19 Step 1251 Train Loss: 0.4602
Epoch 19 Step 1301 Train Loss: 0.5283
Epoch 19 Step 1351 Train Loss: 0.4637
Epoch 19 Step 1401 Train Loss: 0.5171
Epoch 19 Step 1451 Train Loss: 0.4874
Epoch 19 Step 1501 Train Loss: 0.4147
Epoch 19 Step 1551 Train Loss: 0.4876
Epoch 19: Train Overall MSE: 0.0046 Validation Overall MSE: 0.0049. 
Train Top 20 DE MSE: 0.3584 Validation Top 20 DE MSE: 0.4333. 
Epoch 20 Step 1 Train Loss: 0.5218
Epoch 20 Step 51 Train Loss: 0.4525
Epoch 20 Step 101 Train Loss: 0.5574
Epoch 20 Step 151 Train Loss: 0.4943
Epoch 20 Step 201 Train Loss: 0.4354
Epoch 20 Step 251 Train Loss: 0.5351
Epoch 20 Step 301 Train Loss: 0.4868
Epoch 20 Step 351 Train Loss: 0.5574
Epoch 20 Step 401 Train Loss: 0.5706
Epoch 20 Step 451 Train Loss: 0.4160
Epoch 20 Step 501 Train Loss: 0.3853
Epoch 20 Step 551 Train Loss: 0.4656
Epoch 20 Step 601 Train Loss: 0.5142
Epoch 20 Step 651 Train Loss: 0.4688
Epoch 20 Step 701 Train Loss: 0.4636
Epoch 20 Step 751 Train Loss: 0.4476
Epoch 20 Step 801 Train Loss: 0.4960
Epoch 20 Step 851 Train Loss: 0.4908
Epoch 20 Step 901 Train Loss: 0.5469
Epoch 20 Step 951 Train Loss: 0.4528
Epoch 20 Step 1001 Train Loss: 0.5558
Epoch 20 Step 1051 Train Loss: 0.4280
Epoch 20 Step 1101 Train Loss: 0.5286
Epoch 20 Step 1151 Train Loss: 0.4608
Epoch 20 Step 1201 Train Loss: 0.4409
Epoch 20 Step 1251 Train Loss: 0.4191
Epoch 20 Step 1301 Train Loss: 0.4927
Epoch 20 Step 1351 Train Loss: 0.5451
Epoch 20 Step 1401 Train Loss: 0.6422
Epoch 20 Step 1451 Train Loss: 0.4047
Epoch 20 Step 1501 Train Loss: 0.4581
Epoch 20 Step 1551 Train Loss: 0.4798
Epoch 20: Train Overall MSE: 0.0046 Validation Overall MSE: 0.0049. 
Train Top 20 DE MSE: 0.3575 Validation Top 20 DE MSE: 0.4318. 
Epoch 21 Step 1 Train Loss: 0.4632
Epoch 21 Step 51 Train Loss: 0.5229
Epoch 21 Step 101 Train Loss: 0.5159
Epoch 21 Step 151 Train Loss: 0.4885
Epoch 21 Step 201 Train Loss: 0.5424
Epoch 21 Step 251 Train Loss: 0.5158
Epoch 21 Step 301 Train Loss: 0.5048
Epoch 21 Step 351 Train Loss: 0.4661
Epoch 21 Step 401 Train Loss: 0.4024
Epoch 21 Step 451 Train Loss: 0.4403
Epoch 21 Step 501 Train Loss: 0.5008
Epoch 21 Step 551 Train Loss: 0.4806
Epoch 21 Step 601 Train Loss: 0.5559
Epoch 21 Step 651 Train Loss: 0.5689
Epoch 21 Step 701 Train Loss: 0.5773
Epoch 21 Step 751 Train Loss: 0.4877
Epoch 21 Step 801 Train Loss: 0.4335
Epoch 21 Step 851 Train Loss: 0.4295
Epoch 21 Step 901 Train Loss: 0.5515
Epoch 21 Step 951 Train Loss: 0.5761
Epoch 21 Step 1001 Train Loss: 0.4956
Epoch 21 Step 1051 Train Loss: 0.4790
Epoch 21 Step 1101 Train Loss: 0.5556
Epoch 21 Step 1151 Train Loss: 0.7325
Epoch 21 Step 1201 Train Loss: 0.4386
Epoch 21 Step 1251 Train Loss: 0.3815
Epoch 21 Step 1301 Train Loss: 0.5072
Epoch 21 Step 1351 Train Loss: 0.3661
Epoch 21 Step 1401 Train Loss: 0.4207
Epoch 21 Step 1451 Train Loss: 0.5016
Epoch 21 Step 1501 Train Loss: 0.5352
Epoch 21 Step 1551 Train Loss: 0.4275
Epoch 21: Train Overall MSE: 0.0046 Validation Overall MSE: 0.0049. 
Train Top 20 DE MSE: 0.3620 Validation Top 20 DE MSE: 0.4389. 
Epoch 22 Step 1 Train Loss: 0.4752
Epoch 22 Step 51 Train Loss: 0.4542
Epoch 22 Step 101 Train Loss: 0.4878
Epoch 22 Step 151 Train Loss: 0.4483
Epoch 22 Step 201 Train Loss: 0.4383
Epoch 22 Step 251 Train Loss: 0.4575
Epoch 22 Step 301 Train Loss: 0.5123
Epoch 22 Step 351 Train Loss: 0.6965
Epoch 22 Step 401 Train Loss: 0.4252
Epoch 22 Step 451 Train Loss: 0.5405
Epoch 22 Step 501 Train Loss: 0.5790
Epoch 22 Step 551 Train Loss: 0.4154
Epoch 22 Step 601 Train Loss: 0.5493
Epoch 22 Step 651 Train Loss: 0.4394
Epoch 22 Step 701 Train Loss: 0.6294
Epoch 22 Step 751 Train Loss: 0.5609
Epoch 22 Step 801 Train Loss: 0.4228
Epoch 22 Step 851 Train Loss: 0.5073
Epoch 22 Step 901 Train Loss: 0.4629
Epoch 22 Step 951 Train Loss: 0.5091
Epoch 22 Step 1001 Train Loss: 0.3940
Epoch 22 Step 1051 Train Loss: 0.4302
Epoch 22 Step 1101 Train Loss: 0.4331
Epoch 22 Step 1151 Train Loss: 0.4481
Epoch 22 Step 1201 Train Loss: 0.4983
Epoch 22 Step 1251 Train Loss: 0.4989
Epoch 22 Step 1301 Train Loss: 0.4528
Epoch 22 Step 1351 Train Loss: 0.4217
Epoch 22 Step 1401 Train Loss: 0.4604
Epoch 22 Step 1451 Train Loss: 0.3846
Epoch 22 Step 1501 Train Loss: 0.5569
Epoch 22 Step 1551 Train Loss: 0.5498
Epoch 22: Train Overall MSE: 0.0046 Validation Overall MSE: 0.0049. 
Train Top 20 DE MSE: 0.3586 Validation Top 20 DE MSE: 0.4356. 
Epoch 23 Step 1 Train Loss: 0.4994
Epoch 23 Step 51 Train Loss: 0.5163
Epoch 23 Step 101 Train Loss: 0.6477
Epoch 23 Step 151 Train Loss: 0.5609
Epoch 23 Step 201 Train Loss: 0.4913
Epoch 23 Step 251 Train Loss: 0.4788
Epoch 23 Step 301 Train Loss: 0.4545
Epoch 23 Step 351 Train Loss: 0.5250
Epoch 23 Step 401 Train Loss: 0.4221
Epoch 23 Step 451 Train Loss: 0.5423
Epoch 23 Step 501 Train Loss: 0.5498
Epoch 23 Step 551 Train Loss: 0.4309
Epoch 23 Step 601 Train Loss: 0.5306
Epoch 23 Step 651 Train Loss: 0.4580
Epoch 23 Step 701 Train Loss: 0.5587
Epoch 23 Step 751 Train Loss: 0.4614
Epoch 23 Step 801 Train Loss: 0.4110
Epoch 23 Step 851 Train Loss: 0.5362
Epoch 23 Step 901 Train Loss: 0.3976
Epoch 23 Step 951 Train Loss: 0.5517
Epoch 23 Step 1001 Train Loss: 0.4453
Epoch 23 Step 1051 Train Loss: 0.5846
Epoch 23 Step 1101 Train Loss: 0.4643
Epoch 23 Step 1151 Train Loss: 0.4738
Epoch 23 Step 1201 Train Loss: 0.4405
Epoch 23 Step 1251 Train Loss: 0.4807
Epoch 23 Step 1301 Train Loss: 0.5457
Epoch 23 Step 1351 Train Loss: 0.5816
Epoch 23 Step 1401 Train Loss: 0.4802
Epoch 23 Step 1451 Train Loss: 0.5178
Epoch 23 Step 1501 Train Loss: 0.4634
Epoch 23 Step 1551 Train Loss: 0.4569
Epoch 23: Train Overall MSE: 0.0046 Validation Overall MSE: 0.0049. 
Train Top 20 DE MSE: 0.3595 Validation Top 20 DE MSE: 0.4355. 
Epoch 24 Step 1 Train Loss: 0.4096
Epoch 24 Step 51 Train Loss: 0.4747
Epoch 24 Step 101 Train Loss: 0.3897
Epoch 24 Step 151 Train Loss: 0.4415
Epoch 24 Step 201 Train Loss: 0.3748
Epoch 24 Step 251 Train Loss: 0.4490
Epoch 24 Step 301 Train Loss: 0.4225
Epoch 24 Step 351 Train Loss: 0.4587
Epoch 24 Step 401 Train Loss: 0.5364
Epoch 24 Step 451 Train Loss: 0.4583
Epoch 24 Step 501 Train Loss: 0.5453
Epoch 24 Step 551 Train Loss: 0.5236
Epoch 24 Step 601 Train Loss: 0.4147
Epoch 24 Step 651 Train Loss: 0.4617
Epoch 24 Step 701 Train Loss: 0.5160
Epoch 24 Step 751 Train Loss: 0.4991
Epoch 24 Step 801 Train Loss: 0.5725
Epoch 24 Step 851 Train Loss: 0.4739
Epoch 24 Step 901 Train Loss: 0.3913
Epoch 24 Step 951 Train Loss: 0.5890
Epoch 24 Step 1001 Train Loss: 0.4582
Epoch 24 Step 1051 Train Loss: 0.4677
Epoch 24 Step 1101 Train Loss: 0.3967
Epoch 24 Step 1151 Train Loss: 0.4475
Epoch 24 Step 1201 Train Loss: 0.4851
Epoch 24 Step 1251 Train Loss: 0.4958
Epoch 24 Step 1301 Train Loss: 0.4857
Epoch 24 Step 1351 Train Loss: 0.4293
Epoch 24 Step 1401 Train Loss: 0.4758
Epoch 24 Step 1451 Train Loss: 0.3798
Epoch 24 Step 1501 Train Loss: 0.6048
Epoch 24 Step 1551 Train Loss: 0.4355
Epoch 24: Train Overall MSE: 0.0046 Validation Overall MSE: 0.0050. 
Train Top 20 DE MSE: 0.3565 Validation Top 20 DE MSE: 0.4333. 
Epoch 25 Step 1 Train Loss: 0.5040
Epoch 25 Step 51 Train Loss: 0.5477
Epoch 25 Step 101 Train Loss: 0.5034
Epoch 25 Step 151 Train Loss: 0.5094
Epoch 25 Step 201 Train Loss: 0.4226
Epoch 25 Step 251 Train Loss: 0.4191
Epoch 25 Step 301 Train Loss: 0.4699
Epoch 25 Step 351 Train Loss: 0.4501
Epoch 25 Step 401 Train Loss: 0.4790
Epoch 25 Step 451 Train Loss: 0.4437
Epoch 25 Step 501 Train Loss: 0.5747
Epoch 25 Step 551 Train Loss: 0.4044
Epoch 25 Step 601 Train Loss: 0.5510
Epoch 25 Step 651 Train Loss: 0.4029
Epoch 25 Step 701 Train Loss: 0.4820
Epoch 25 Step 751 Train Loss: 0.4351
Epoch 25 Step 801 Train Loss: 0.5233
Epoch 25 Step 851 Train Loss: 0.4600
Epoch 25 Step 901 Train Loss: 0.4352
Epoch 25 Step 951 Train Loss: 0.4479
Epoch 25 Step 1001 Train Loss: 0.4442
Epoch 25 Step 1051 Train Loss: 0.5030
Epoch 25 Step 1101 Train Loss: 0.4592
Epoch 25 Step 1151 Train Loss: 0.4659
Epoch 25 Step 1201 Train Loss: 0.4567
Epoch 25 Step 1251 Train Loss: 0.4999
Epoch 25 Step 1301 Train Loss: 0.4593
Epoch 25 Step 1351 Train Loss: 0.4896
Epoch 25 Step 1401 Train Loss: 0.4994
Epoch 25 Step 1451 Train Loss: 0.5952
Epoch 25 Step 1501 Train Loss: 0.4194
Epoch 25 Step 1551 Train Loss: 0.6280
Epoch 25: Train Overall MSE: 0.0046 Validation Overall MSE: 0.0049. 
Train Top 20 DE MSE: 0.3612 Validation Top 20 DE MSE: 0.4374. 
Epoch 26 Step 1 Train Loss: 0.4569
Epoch 26 Step 51 Train Loss: 0.5097
Epoch 26 Step 101 Train Loss: 0.4346
Epoch 26 Step 151 Train Loss: 0.5874
Epoch 26 Step 201 Train Loss: 0.4416
Epoch 26 Step 251 Train Loss: 0.4065
Epoch 26 Step 301 Train Loss: 0.4601
Epoch 26 Step 351 Train Loss: 0.4673
Epoch 26 Step 401 Train Loss: 0.4126
Epoch 26 Step 451 Train Loss: 0.5134
Epoch 26 Step 501 Train Loss: 0.4069
Epoch 26 Step 551 Train Loss: 0.5568
Epoch 26 Step 601 Train Loss: 0.5100
Epoch 26 Step 651 Train Loss: 0.4361
Epoch 26 Step 701 Train Loss: 0.4083
Epoch 26 Step 751 Train Loss: 0.4792
Epoch 26 Step 801 Train Loss: 0.5216
Epoch 26 Step 851 Train Loss: 0.4537
Epoch 26 Step 901 Train Loss: 0.5357
Epoch 26 Step 951 Train Loss: 0.4818
Epoch 26 Step 1001 Train Loss: 0.4282
Epoch 26 Step 1051 Train Loss: 0.5502
Epoch 26 Step 1101 Train Loss: 0.4033
Epoch 26 Step 1151 Train Loss: 0.5005
Epoch 26 Step 1201 Train Loss: 0.5233
Epoch 26 Step 1251 Train Loss: 0.4616
Epoch 26 Step 1301 Train Loss: 0.5258
Epoch 26 Step 1351 Train Loss: 0.4779
Epoch 26 Step 1401 Train Loss: 0.4654
Epoch 26 Step 1451 Train Loss: 0.4387
Epoch 26 Step 1501 Train Loss: 0.4529
Epoch 26 Step 1551 Train Loss: 0.5428
Epoch 26: Train Overall MSE: 0.0046 Validation Overall MSE: 0.0049. 
Train Top 20 DE MSE: 0.3600 Validation Top 20 DE MSE: 0.4361. 
Epoch 27 Step 1 Train Loss: 0.4171
Epoch 27 Step 51 Train Loss: 0.5317
Epoch 27 Step 101 Train Loss: 0.5089
Epoch 27 Step 151 Train Loss: 0.6033
Epoch 27 Step 201 Train Loss: 0.4701
Epoch 27 Step 251 Train Loss: 0.4720
Epoch 27 Step 301 Train Loss: 0.4738
Epoch 27 Step 351 Train Loss: 0.4090
Epoch 27 Step 401 Train Loss: 0.4363
Epoch 27 Step 451 Train Loss: 0.4904
Epoch 27 Step 501 Train Loss: 0.6065
Epoch 27 Step 551 Train Loss: 0.5468
Epoch 27 Step 601 Train Loss: 0.4772
Epoch 27 Step 651 Train Loss: 0.4510
Epoch 27 Step 701 Train Loss: 0.4650
Epoch 27 Step 751 Train Loss: 0.4641
Epoch 27 Step 801 Train Loss: 0.4932
Epoch 27 Step 851 Train Loss: 0.4152
Epoch 27 Step 901 Train Loss: 0.5452
Epoch 27 Step 951 Train Loss: 0.5325
Epoch 27 Step 1001 Train Loss: 0.4669
Epoch 27 Step 1051 Train Loss: 0.4344
Epoch 27 Step 1101 Train Loss: 0.5408
Epoch 27 Step 1151 Train Loss: 0.4251
Epoch 27 Step 1201 Train Loss: 0.4449
Epoch 27 Step 1251 Train Loss: 0.5929
Epoch 27 Step 1301 Train Loss: 0.5118
Epoch 27 Step 1351 Train Loss: 0.4281
Epoch 27 Step 1401 Train Loss: 0.4620
Epoch 27 Step 1451 Train Loss: 0.4152
Epoch 27 Step 1501 Train Loss: 0.4198
Epoch 27 Step 1551 Train Loss: 0.4375
Epoch 27: Train Overall MSE: 0.0046 Validation Overall MSE: 0.0050. 
Train Top 20 DE MSE: 0.3578 Validation Top 20 DE MSE: 0.4349. 
Epoch 28 Step 1 Train Loss: 0.4536
Epoch 28 Step 51 Train Loss: 0.4288
Epoch 28 Step 101 Train Loss: 0.4290
Epoch 28 Step 151 Train Loss: 0.4693
Epoch 28 Step 201 Train Loss: 0.5229
Epoch 28 Step 251 Train Loss: 0.4158
Epoch 28 Step 301 Train Loss: 0.4397
Epoch 28 Step 351 Train Loss: 0.4823
Epoch 28 Step 401 Train Loss: 0.4787
Epoch 28 Step 451 Train Loss: 0.4335
Epoch 28 Step 501 Train Loss: 0.4441
Epoch 28 Step 551 Train Loss: 0.5043
Epoch 28 Step 601 Train Loss: 0.4481
Epoch 28 Step 651 Train Loss: 0.4179
Epoch 28 Step 701 Train Loss: 0.4212
Epoch 28 Step 751 Train Loss: 0.4796
Epoch 28 Step 801 Train Loss: 0.3913
Epoch 28 Step 851 Train Loss: 0.4616
Epoch 28 Step 901 Train Loss: 0.4411
Epoch 28 Step 951 Train Loss: 0.5323
Epoch 28 Step 1001 Train Loss: 0.4235
Epoch 28 Step 1051 Train Loss: 0.4455
Epoch 28 Step 1101 Train Loss: 0.5459
Epoch 28 Step 1151 Train Loss: 0.5488
Epoch 28 Step 1201 Train Loss: 0.4421
Epoch 28 Step 1251 Train Loss: 0.4145
Epoch 28 Step 1301 Train Loss: 0.4853
Epoch 28 Step 1351 Train Loss: 0.4500
Epoch 28 Step 1401 Train Loss: 0.4057
Epoch 28 Step 1451 Train Loss: 0.3745
Epoch 28 Step 1501 Train Loss: 0.4122
Epoch 28 Step 1551 Train Loss: 0.4469
Epoch 28: Train Overall MSE: 0.0046 Validation Overall MSE: 0.0049. 
Train Top 20 DE MSE: 0.3585 Validation Top 20 DE MSE: 0.4332. 
Epoch 29 Step 1 Train Loss: 0.5194
Epoch 29 Step 51 Train Loss: 0.4678
Epoch 29 Step 101 Train Loss: 0.5113
Epoch 29 Step 151 Train Loss: 0.4587
Epoch 29 Step 201 Train Loss: 0.4895
Epoch 29 Step 251 Train Loss: 0.5595
Epoch 29 Step 301 Train Loss: 0.5562
Epoch 29 Step 351 Train Loss: 0.3668
Epoch 29 Step 401 Train Loss: 0.4822
Epoch 29 Step 451 Train Loss: 0.6066
Epoch 29 Step 501 Train Loss: 0.4894
Epoch 29 Step 551 Train Loss: 0.4883
Epoch 29 Step 601 Train Loss: 0.4341
Epoch 29 Step 651 Train Loss: 0.5050
Epoch 29 Step 701 Train Loss: 0.5536
Epoch 29 Step 751 Train Loss: 0.4190
Epoch 29 Step 801 Train Loss: 0.4444
Epoch 29 Step 851 Train Loss: 0.3955
Epoch 29 Step 901 Train Loss: 0.5178
Epoch 29 Step 951 Train Loss: 0.4509
Epoch 29 Step 1001 Train Loss: 0.5474
Epoch 29 Step 1051 Train Loss: 0.5042
Epoch 29 Step 1101 Train Loss: 0.4596
Epoch 29 Step 1151 Train Loss: 0.3877
Epoch 29 Step 1201 Train Loss: 0.3891
Epoch 29 Step 1251 Train Loss: 0.4887
Epoch 29 Step 1301 Train Loss: 0.4500
Epoch 29 Step 1351 Train Loss: 0.4380
Epoch 29 Step 1401 Train Loss: 0.4049
Epoch 29 Step 1451 Train Loss: 0.5474
Epoch 29 Step 1501 Train Loss: 0.4994
Epoch 29 Step 1551 Train Loss: 0.4931
Epoch 29: Train Overall MSE: 0.0046 Validation Overall MSE: 0.0049. 
Train Top 20 DE MSE: 0.3593 Validation Top 20 DE MSE: 0.4339. 
Epoch 30 Step 1 Train Loss: 0.5003
Epoch 30 Step 51 Train Loss: 0.6267
Epoch 30 Step 101 Train Loss: 0.4176
Epoch 30 Step 151 Train Loss: 0.4734
Epoch 30 Step 201 Train Loss: 0.5681
Epoch 30 Step 251 Train Loss: 0.4332
Epoch 30 Step 301 Train Loss: 0.6785
Epoch 30 Step 351 Train Loss: 0.4569
Epoch 30 Step 401 Train Loss: 0.4008
Epoch 30 Step 451 Train Loss: 0.4163
Epoch 30 Step 501 Train Loss: 0.6494
Epoch 30 Step 551 Train Loss: 0.4873
Epoch 30 Step 601 Train Loss: 0.5590
Epoch 30 Step 651 Train Loss: 0.5137
Epoch 30 Step 701 Train Loss: 0.4416
Epoch 30 Step 751 Train Loss: 0.4544
Epoch 30 Step 801 Train Loss: 0.4150
Epoch 30 Step 851 Train Loss: 0.5069
Epoch 30 Step 901 Train Loss: 0.5287
Epoch 30 Step 951 Train Loss: 0.4779
Epoch 30 Step 1001 Train Loss: 0.6341
Epoch 30 Step 1051 Train Loss: 0.4628
Epoch 30 Step 1101 Train Loss: 0.5248
Epoch 30 Step 1151 Train Loss: 0.5185
Epoch 30 Step 1201 Train Loss: 0.5299
Epoch 30 Step 1251 Train Loss: 0.5594
Epoch 30 Step 1301 Train Loss: 0.4816
Epoch 30 Step 1351 Train Loss: 0.3836
Epoch 30 Step 1401 Train Loss: 0.5120
Epoch 30 Step 1451 Train Loss: 0.4664
Epoch 30 Step 1501 Train Loss: 0.4976
Epoch 30 Step 1551 Train Loss: 0.4799
Epoch 30: Train Overall MSE: 0.0046 Validation Overall MSE: 0.0050. 
Train Top 20 DE MSE: 0.3556 Validation Top 20 DE MSE: 0.4290. 
Epoch 31 Step 1 Train Loss: 0.5033
Epoch 31 Step 51 Train Loss: 0.4813
Epoch 31 Step 101 Train Loss: 0.5664
Epoch 31 Step 151 Train Loss: 0.5094
Epoch 31 Step 201 Train Loss: 0.5935
Epoch 31 Step 251 Train Loss: 0.4970
Epoch 31 Step 301 Train Loss: 0.5183
Epoch 31 Step 351 Train Loss: 0.4393
Epoch 31 Step 401 Train Loss: 0.4217
Epoch 31 Step 451 Train Loss: 0.4811
Epoch 31 Step 501 Train Loss: 0.5294
Epoch 31 Step 551 Train Loss: 0.6467
Epoch 31 Step 601 Train Loss: 0.4265
Epoch 31 Step 651 Train Loss: 0.5076
Epoch 31 Step 701 Train Loss: 0.5456
Epoch 31 Step 751 Train Loss: 0.4830
Epoch 31 Step 801 Train Loss: 0.5772
Epoch 31 Step 851 Train Loss: 0.4214
Epoch 31 Step 901 Train Loss: 0.4989
Epoch 31 Step 951 Train Loss: 0.4804
Epoch 31 Step 1001 Train Loss: 0.4910
Epoch 31 Step 1051 Train Loss: 0.4163
Epoch 31 Step 1101 Train Loss: 0.4640
Epoch 31 Step 1151 Train Loss: 0.5962
Epoch 31 Step 1201 Train Loss: 0.5602
Epoch 31 Step 1251 Train Loss: 0.5534
Epoch 31 Step 1301 Train Loss: 0.4324
Epoch 31 Step 1351 Train Loss: 0.4006
Epoch 31 Step 1401 Train Loss: 0.4860
Epoch 31 Step 1451 Train Loss: 0.4955
Epoch 31 Step 1501 Train Loss: 0.5766
Epoch 31 Step 1551 Train Loss: 0.4759
Epoch 31: Train Overall MSE: 0.0046 Validation Overall MSE: 0.0049. 
Train Top 20 DE MSE: 0.3598 Validation Top 20 DE MSE: 0.4357. 
Done!
Start Testing...
Best performing model: Test Top 20 DE MSE: 0.4029
Start doing subgroup analysis for simulation split...
test_combo_seen0_mse: 0.007855479
test_combo_seen0_pearson: 0.9759675777811976
test_combo_seen0_mse_de: 0.30409753
test_combo_seen0_pearson_de: 0.7106710668789068
test_combo_seen1_mse: 0.009493139
test_combo_seen1_pearson: 0.9713616048045658
test_combo_seen1_mse_de: 0.4387168
test_combo_seen1_pearson_de: 0.7548163206815949
test_combo_seen2_mse: 0.0072380663
test_combo_seen2_pearson: 0.9781476229315366
test_combo_seen2_mse_de: 0.5626614
test_combo_seen2_pearson_de: 0.808792389723282
test_unseen_single_mse: 0.0041806605
test_unseen_single_pearson: 0.9872917528031889
test_unseen_single_mse_de: 0.3005989
test_unseen_single_pearson_de: 0.8455185438254583
test_combo_seen0_pearson_delta: 0.2161876206681072
test_combo_seen0_frac_opposite_direction_top20_non_dropout: 0.27222222222222225
test_combo_seen0_frac_sigma_below_1_non_dropout: 0.6277777777777778
test_combo_seen0_mse_top20_de_non_dropout: 0.512897
test_combo_seen1_pearson_delta: 0.16224043312739722
test_combo_seen1_frac_opposite_direction_top20_non_dropout: 0.3406976744186046
test_combo_seen1_frac_sigma_below_1_non_dropout: 0.5011627906976743
test_combo_seen1_mse_top20_de_non_dropout: 0.62696654
test_combo_seen2_pearson_delta: 0.1622833879108066
test_combo_seen2_frac_opposite_direction_top20_non_dropout: 0.31578947368421045
test_combo_seen2_frac_sigma_below_1_non_dropout: 0.581578947368421
test_combo_seen2_mse_top20_de_non_dropout: 0.59126073
test_unseen_single_pearson_delta: 0.024270683465454582
test_unseen_single_frac_opposite_direction_top20_non_dropout: 0.4708333333333333
test_unseen_single_frac_sigma_below_1_non_dropout: 0.8083333333333333
test_unseen_single_mse_top20_de_non_dropout: 0.33536154
Done!
[I 2026-03-07 19:25:50,880] Trial 1 finished with value: 0.4029 and parameters: {'hidden_size': 16, 'epochs': 31, 'lr': 2.5639201733163117e-06, 'weight_decay': 0.00024580300161477673}. Best is trial 1 with value: 0.4029.
Found local copy...
Start Training...
Epoch 1 Step 1 Train Loss: 0.4573
Epoch 1 Step 51 Train Loss: 0.5118
Epoch 1 Step 101 Train Loss: 0.4590
Epoch 1 Step 151 Train Loss: 0.4147
Epoch 1 Step 201 Train Loss: 0.4367
Epoch 1 Step 251 Train Loss: 0.4957
Epoch 1 Step 301 Train Loss: 0.4751
Epoch 1 Step 351 Train Loss: 0.4935
Epoch 1 Step 401 Train Loss: 0.4148
Epoch 1 Step 451 Train Loss: 0.4125
Epoch 1 Step 501 Train Loss: 0.4210
Epoch 1 Step 551 Train Loss: 0.5094
Epoch 1 Step 601 Train Loss: 0.4625
Epoch 1 Step 651 Train Loss: 0.4426
Epoch 1 Step 701 Train Loss: 0.4572
Epoch 1 Step 751 Train Loss: 0.5258
Epoch 1 Step 801 Train Loss: 0.5074
Epoch 1 Step 851 Train Loss: 0.6304
Epoch 1 Step 901 Train Loss: 0.5247
Epoch 1 Step 951 Train Loss: 0.4842
Epoch 1 Step 1001 Train Loss: 0.4411
Epoch 1 Step 1051 Train Loss: 0.4391
Epoch 1 Step 1101 Train Loss: 0.3847
Epoch 1 Step 1151 Train Loss: 0.5373
Epoch 1 Step 1201 Train Loss: 0.4481
Epoch 1 Step 1251 Train Loss: 0.5690
Epoch 1 Step 1301 Train Loss: 0.4628
Epoch 1 Step 1351 Train Loss: 0.5114
Epoch 1 Step 1401 Train Loss: 0.5172
Epoch 1 Step 1451 Train Loss: 0.4772
Epoch 1 Step 1501 Train Loss: 0.5136
Epoch 1 Step 1551 Train Loss: 0.4151
Epoch 1: Train Overall MSE: 0.0050 Validation Overall MSE: 0.0050. 
Train Top 20 DE MSE: 0.3832 Validation Top 20 DE MSE: 0.4689. 
Epoch 2 Step 1 Train Loss: 0.4869
Epoch 2 Step 51 Train Loss: 0.4935
Epoch 2 Step 101 Train Loss: 0.4764
Epoch 2 Step 151 Train Loss: 0.4898
Epoch 2 Step 201 Train Loss: 0.4317
Epoch 2 Step 251 Train Loss: 0.3915
Epoch 2 Step 301 Train Loss: 0.5162
Epoch 2 Step 351 Train Loss: 0.4178
Epoch 2 Step 401 Train Loss: 0.4433
Epoch 2 Step 451 Train Loss: 0.3854
Epoch 2 Step 501 Train Loss: 0.4331
Epoch 2 Step 551 Train Loss: 0.4596
Epoch 2 Step 601 Train Loss: 0.4997
Epoch 2 Step 651 Train Loss: 0.5347
Epoch 2 Step 701 Train Loss: 0.4773
Epoch 2 Step 751 Train Loss: 0.5524
Epoch 2 Step 801 Train Loss: 0.4544
Epoch 2 Step 851 Train Loss: 0.5043
Epoch 2 Step 901 Train Loss: 0.5375
Epoch 2 Step 951 Train Loss: 0.4868
Epoch 2 Step 1001 Train Loss: 0.4271
Epoch 2 Step 1051 Train Loss: 0.4678
Epoch 2 Step 1101 Train Loss: 0.6901
Epoch 2 Step 1151 Train Loss: 0.4357
Epoch 2 Step 1201 Train Loss: 0.5112
Epoch 2 Step 1251 Train Loss: 0.4630
Epoch 2 Step 1301 Train Loss: 0.5793
Epoch 2 Step 1351 Train Loss: 0.4506
Epoch 2 Step 1401 Train Loss: 0.6387
Epoch 2 Step 1451 Train Loss: 0.4945
Epoch 2 Step 1501 Train Loss: 0.5500
Epoch 2 Step 1551 Train Loss: 0.4084
Epoch 2: Train Overall MSE: 0.0048 Validation Overall MSE: 0.0049. 
Train Top 20 DE MSE: 0.3805 Validation Top 20 DE MSE: 0.4666. 
Epoch 3 Step 1 Train Loss: 0.3959
Epoch 3 Step 51 Train Loss: 0.4106
Epoch 3 Step 101 Train Loss: 0.5552
Epoch 3 Step 151 Train Loss: 0.4993
Epoch 3 Step 201 Train Loss: 0.5359
Epoch 3 Step 251 Train Loss: 0.5086
Epoch 3 Step 301 Train Loss: 0.4181
Epoch 3 Step 351 Train Loss: 0.5371
Epoch 3 Step 401 Train Loss: 0.5176
Epoch 3 Step 451 Train Loss: 0.4036
Epoch 3 Step 501 Train Loss: 0.5485
Epoch 3 Step 551 Train Loss: 0.4826
Epoch 3 Step 601 Train Loss: 0.4065
Epoch 3 Step 651 Train Loss: 0.4157
Epoch 3 Step 701 Train Loss: 0.5583
Epoch 3 Step 751 Train Loss: 0.4088
Epoch 3 Step 801 Train Loss: 0.4769
Epoch 3 Step 851 Train Loss: 0.4410
Epoch 3 Step 901 Train Loss: 0.4180
Epoch 3 Step 951 Train Loss: 0.4348
Epoch 3 Step 1001 Train Loss: 0.6399
Epoch 3 Step 1051 Train Loss: 0.5463
Epoch 3 Step 1101 Train Loss: 0.5463
Epoch 3 Step 1151 Train Loss: 0.4999
Epoch 3 Step 1201 Train Loss: 0.4718
Epoch 3 Step 1251 Train Loss: 0.4829
Epoch 3 Step 1301 Train Loss: 0.5152
Epoch 3 Step 1351 Train Loss: 0.4704
Epoch 3 Step 1401 Train Loss: 0.5568
Epoch 3 Step 1451 Train Loss: 0.4308
Epoch 3 Step 1501 Train Loss: 0.4128
Epoch 3 Step 1551 Train Loss: 0.4439
Epoch 3: Train Overall MSE: 0.0048 Validation Overall MSE: 0.0049. 
Train Top 20 DE MSE: 0.3777 Validation Top 20 DE MSE: 0.4643. 
Epoch 4 Step 1 Train Loss: 0.4160
Epoch 4 Step 51 Train Loss: 0.4989
Epoch 4 Step 101 Train Loss: 0.4585
Epoch 4 Step 151 Train Loss: 0.4191
Epoch 4 Step 201 Train Loss: 0.4762
Epoch 4 Step 251 Train Loss: 0.5602
Epoch 4 Step 301 Train Loss: 0.4673
Epoch 4 Step 351 Train Loss: 0.4574
Epoch 4 Step 401 Train Loss: 0.4360
Epoch 4 Step 451 Train Loss: 0.3690
Epoch 4 Step 501 Train Loss: 0.5462
Epoch 4 Step 551 Train Loss: 0.4586
Epoch 4 Step 601 Train Loss: 0.5615
Epoch 4 Step 651 Train Loss: 0.5228
Epoch 4 Step 701 Train Loss: 0.4316
Epoch 4 Step 751 Train Loss: 0.4093
Epoch 4 Step 801 Train Loss: 0.5047
Epoch 4 Step 851 Train Loss: 0.5007
Epoch 4 Step 901 Train Loss: 0.4465
Epoch 4 Step 951 Train Loss: 0.4859
Epoch 4 Step 1001 Train Loss: 0.3810
Epoch 4 Step 1051 Train Loss: 0.4703
Epoch 4 Step 1101 Train Loss: 0.5573
Epoch 4 Step 1151 Train Loss: 0.4460
Epoch 4 Step 1201 Train Loss: 0.6134
Epoch 4 Step 1251 Train Loss: 0.5104
Epoch 4 Step 1301 Train Loss: 0.5157
Epoch 4 Step 1351 Train Loss: 0.4891
Epoch 4 Step 1401 Train Loss: 0.4834
Epoch 4 Step 1451 Train Loss: 0.4449
Epoch 4 Step 1501 Train Loss: 0.4512
Epoch 4 Step 1551 Train Loss: 0.5711
Epoch 4: Train Overall MSE: 0.0048 Validation Overall MSE: 0.0049. 
Train Top 20 DE MSE: 0.3772 Validation Top 20 DE MSE: 0.4624. 
Epoch 5 Step 1 Train Loss: 0.5270
Epoch 5 Step 51 Train Loss: 0.3796
Epoch 5 Step 101 Train Loss: 0.4336
Epoch 5 Step 151 Train Loss: 0.5005
Epoch 5 Step 201 Train Loss: 0.5293
Epoch 5 Step 251 Train Loss: 0.4505
Epoch 5 Step 301 Train Loss: 0.4981
Epoch 5 Step 351 Train Loss: 0.4891
Epoch 5 Step 401 Train Loss: 0.4221
Epoch 5 Step 451 Train Loss: 0.4258
Epoch 5 Step 501 Train Loss: 0.3968
Epoch 5 Step 551 Train Loss: 0.4609
Epoch 5 Step 601 Train Loss: 0.4858
Epoch 5 Step 651 Train Loss: 0.4025
Epoch 5 Step 701 Train Loss: 0.4200
Epoch 5 Step 751 Train Loss: 0.4274
Epoch 5 Step 801 Train Loss: 0.4705
Epoch 5 Step 851 Train Loss: 0.4496
Epoch 5 Step 901 Train Loss: 0.4777
Epoch 5 Step 951 Train Loss: 0.5007
Epoch 5 Step 1001 Train Loss: 0.4132
Epoch 5 Step 1051 Train Loss: 0.4370
Epoch 5 Step 1101 Train Loss: 0.4314
Epoch 5 Step 1151 Train Loss: 0.4334
Epoch 5 Step 1201 Train Loss: 0.4505
Epoch 5 Step 1251 Train Loss: 0.4092
Epoch 5 Step 1301 Train Loss: 0.4653
Epoch 5 Step 1351 Train Loss: 0.4401
Epoch 5 Step 1401 Train Loss: 0.4458
Epoch 5 Step 1451 Train Loss: 0.5722
Epoch 5 Step 1501 Train Loss: 0.4715
Epoch 5 Step 1551 Train Loss: 0.4625
Epoch 5: Train Overall MSE: 0.0047 Validation Overall MSE: 0.0048. 
Train Top 20 DE MSE: 0.3760 Validation Top 20 DE MSE: 0.4628. 
Epoch 6 Step 1 Train Loss: 0.5086
Epoch 6 Step 51 Train Loss: 0.4662
Epoch 6 Step 101 Train Loss: 0.4812
Epoch 6 Step 151 Train Loss: 0.3811
Epoch 6 Step 201 Train Loss: 0.4319
Epoch 6 Step 251 Train Loss: 0.4971
Epoch 6 Step 301 Train Loss: 0.5298
Epoch 6 Step 351 Train Loss: 0.5310
Epoch 6 Step 401 Train Loss: 0.5148
Epoch 6 Step 451 Train Loss: 0.4292
Epoch 6 Step 501 Train Loss: 0.4911
Epoch 6 Step 551 Train Loss: 0.4177
Epoch 6 Step 601 Train Loss: 0.4506
Epoch 6 Step 651 Train Loss: 0.4612
Epoch 6 Step 701 Train Loss: 0.4507
Epoch 6 Step 751 Train Loss: 0.4153
Epoch 6 Step 801 Train Loss: 0.4453
Epoch 6 Step 851 Train Loss: 0.5560
Epoch 6 Step 901 Train Loss: 0.4121
Epoch 6 Step 951 Train Loss: 0.5051
Epoch 6 Step 1001 Train Loss: 0.3681
Epoch 6 Step 1051 Train Loss: 0.5066
Epoch 6 Step 1101 Train Loss: 0.4482
Epoch 6 Step 1151 Train Loss: 0.5285
Epoch 6 Step 1201 Train Loss: 0.4633
Epoch 6 Step 1251 Train Loss: 0.4684
Epoch 6 Step 1301 Train Loss: 0.4623
Epoch 6 Step 1351 Train Loss: 0.4550
Epoch 6 Step 1401 Train Loss: 0.6414
Epoch 6 Step 1451 Train Loss: 0.4572
Epoch 6 Step 1501 Train Loss: 0.4365
Epoch 6 Step 1551 Train Loss: 0.5179
Epoch 6: Train Overall MSE: 0.0047 Validation Overall MSE: 0.0048. 
Train Top 20 DE MSE: 0.3777 Validation Top 20 DE MSE: 0.4649. 
Epoch 7 Step 1 Train Loss: 0.5180
Epoch 7 Step 51 Train Loss: 0.4304
Epoch 7 Step 101 Train Loss: 0.4280
Epoch 7 Step 151 Train Loss: 0.4772
Epoch 7 Step 201 Train Loss: 0.5005
Epoch 7 Step 251 Train Loss: 0.5113
Epoch 7 Step 301 Train Loss: 0.4680
Epoch 7 Step 351 Train Loss: 0.4336
Epoch 7 Step 401 Train Loss: 0.4122
Epoch 7 Step 451 Train Loss: 0.5037
Epoch 7 Step 501 Train Loss: 0.4452
Epoch 7 Step 551 Train Loss: 0.4899
Epoch 7 Step 601 Train Loss: 0.4116
Epoch 7 Step 651 Train Loss: 0.5501
Epoch 7 Step 701 Train Loss: 0.4088
Epoch 7 Step 751 Train Loss: 0.5781
Epoch 7 Step 801 Train Loss: 0.4981
Epoch 7 Step 851 Train Loss: 0.6273
Epoch 7 Step 901 Train Loss: 0.5821
Epoch 7 Step 951 Train Loss: 0.4219
Epoch 7 Step 1001 Train Loss: 0.4374
Epoch 7 Step 1051 Train Loss: 0.4045
Epoch 7 Step 1101 Train Loss: 0.5650
Epoch 7 Step 1151 Train Loss: 0.4383
Epoch 7 Step 1201 Train Loss: 0.4413
Epoch 7 Step 1251 Train Loss: 0.4813
Epoch 7 Step 1301 Train Loss: 0.4051
Epoch 7 Step 1351 Train Loss: 0.5246
Epoch 7 Step 1401 Train Loss: 0.4237
Epoch 7 Step 1451 Train Loss: 0.4347
Epoch 7 Step 1501 Train Loss: 0.5197
Epoch 7 Step 1551 Train Loss: 0.4950
Epoch 7: Train Overall MSE: 0.0048 Validation Overall MSE: 0.0048. 
Train Top 20 DE MSE: 0.3763 Validation Top 20 DE MSE: 0.4640. 
Epoch 8 Step 1 Train Loss: 0.4737
Epoch 8 Step 51 Train Loss: 0.4872
Epoch 8 Step 101 Train Loss: 0.4425
Epoch 8 Step 151 Train Loss: 0.5354
Epoch 8 Step 201 Train Loss: 0.3629
Epoch 8 Step 251 Train Loss: 0.4758
Epoch 8 Step 301 Train Loss: 0.5018
Epoch 8 Step 351 Train Loss: 0.5204
Epoch 8 Step 401 Train Loss: 0.4462
Epoch 8 Step 451 Train Loss: 0.4448
Epoch 8 Step 501 Train Loss: 0.5610
Epoch 8 Step 551 Train Loss: 0.4964
Epoch 8 Step 601 Train Loss: 0.4478
Epoch 8 Step 651 Train Loss: 0.4658
Epoch 8 Step 701 Train Loss: 0.4473
Epoch 8 Step 751 Train Loss: 0.4079
Epoch 8 Step 801 Train Loss: 0.4159
Epoch 8 Step 851 Train Loss: 0.4572
Epoch 8 Step 901 Train Loss: 0.4737
Epoch 8 Step 951 Train Loss: 0.5205
Epoch 8 Step 1001 Train Loss: 0.4111
Epoch 8 Step 1051 Train Loss: 0.5348
Epoch 8 Step 1101 Train Loss: 0.4620
Epoch 8 Step 1151 Train Loss: 0.4340
Epoch 8 Step 1201 Train Loss: 0.4987
Epoch 8 Step 1251 Train Loss: 0.4456
Epoch 8 Step 1301 Train Loss: 0.5864
Epoch 8 Step 1351 Train Loss: 0.4610
Epoch 8 Step 1401 Train Loss: 0.5050
Epoch 8 Step 1451 Train Loss: 0.5834
Epoch 8 Step 1501 Train Loss: 0.4327
Epoch 8 Step 1551 Train Loss: 0.5836
Epoch 8: Train Overall MSE: 0.0047 Validation Overall MSE: 0.0048. 
Train Top 20 DE MSE: 0.3764 Validation Top 20 DE MSE: 0.4637. 
Epoch 9 Step 1 Train Loss: 0.4437
Epoch 9 Step 51 Train Loss: 0.4988
Epoch 9 Step 101 Train Loss: 0.4786
Epoch 9 Step 151 Train Loss: 0.5208
Epoch 9 Step 201 Train Loss: 0.5098
Epoch 9 Step 251 Train Loss: 0.4297
Epoch 9 Step 301 Train Loss: 0.3728
Epoch 9 Step 351 Train Loss: 0.4993
Epoch 9 Step 401 Train Loss: 0.5192
Epoch 9 Step 451 Train Loss: 0.4295
Epoch 9 Step 501 Train Loss: 0.5139
Epoch 9 Step 551 Train Loss: 0.6378
Epoch 9 Step 601 Train Loss: 0.4306
Epoch 9 Step 651 Train Loss: 0.4352
Epoch 9 Step 701 Train Loss: 0.4711
Epoch 9 Step 751 Train Loss: 0.4015
Epoch 9 Step 801 Train Loss: 0.4766
Epoch 9 Step 851 Train Loss: 0.4712
Epoch 9 Step 901 Train Loss: 0.5769
Epoch 9 Step 951 Train Loss: 0.4597
Epoch 9 Step 1001 Train Loss: 0.4136
Epoch 9 Step 1051 Train Loss: 0.5391
Epoch 9 Step 1101 Train Loss: 0.5624
Epoch 9 Step 1151 Train Loss: 0.5933
Epoch 9 Step 1201 Train Loss: 0.4853
Epoch 9 Step 1251 Train Loss: 0.6260
Epoch 9 Step 1301 Train Loss: 0.6686
Epoch 9 Step 1351 Train Loss: 0.4438
Epoch 9 Step 1401 Train Loss: 0.5146
Epoch 9 Step 1451 Train Loss: 0.4484
Epoch 9 Step 1501 Train Loss: 0.5241
Epoch 9 Step 1551 Train Loss: 0.4898
Epoch 9: Train Overall MSE: 0.0047 Validation Overall MSE: 0.0048. 
Train Top 20 DE MSE: 0.3764 Validation Top 20 DE MSE: 0.4643. 
Epoch 10 Step 1 Train Loss: 0.4670
Epoch 10 Step 51 Train Loss: 0.4260
Epoch 10 Step 101 Train Loss: 0.5808
Epoch 10 Step 151 Train Loss: 0.5155
Epoch 10 Step 201 Train Loss: 0.4805
Epoch 10 Step 251 Train Loss: 0.4384
Epoch 10 Step 301 Train Loss: 0.4798
Epoch 10 Step 351 Train Loss: 0.4566
Epoch 10 Step 401 Train Loss: 0.5518
Epoch 10 Step 451 Train Loss: 0.4667
Epoch 10 Step 501 Train Loss: 0.5413
Epoch 10 Step 551 Train Loss: 0.4417
Epoch 10 Step 601 Train Loss: 0.5214
Epoch 10 Step 651 Train Loss: 0.4569
Epoch 10 Step 701 Train Loss: 0.5330
Epoch 10 Step 751 Train Loss: 0.4558
Epoch 10 Step 801 Train Loss: 0.4552
Epoch 10 Step 851 Train Loss: 0.4885
Epoch 10 Step 901 Train Loss: 0.5598
Epoch 10 Step 951 Train Loss: 0.4699
Epoch 10 Step 1001 Train Loss: 0.4311
Epoch 10 Step 1051 Train Loss: 0.4164
Epoch 10 Step 1101 Train Loss: 0.4470
Epoch 10 Step 1151 Train Loss: 0.4012
Epoch 10 Step 1201 Train Loss: 0.4324
Epoch 10 Step 1251 Train Loss: 0.4844
Epoch 10 Step 1301 Train Loss: 0.4794
Epoch 10 Step 1351 Train Loss: 0.5898
Epoch 10 Step 1401 Train Loss: 0.5181
Epoch 10 Step 1451 Train Loss: 0.4351
Epoch 10 Step 1501 Train Loss: 0.5791
Epoch 10 Step 1551 Train Loss: 0.4162
Epoch 10: Train Overall MSE: 0.0047 Validation Overall MSE: 0.0049. 
Train Top 20 DE MSE: 0.3746 Validation Top 20 DE MSE: 0.4598. 
Epoch 11 Step 1 Train Loss: 0.4242
Epoch 11 Step 51 Train Loss: 0.6227
Epoch 11 Step 101 Train Loss: 0.4627
Epoch 11 Step 151 Train Loss: 0.4254
Epoch 11 Step 201 Train Loss: 0.4429
Epoch 11 Step 251 Train Loss: 0.4096
Epoch 11 Step 301 Train Loss: 0.4499
Epoch 11 Step 351 Train Loss: 0.4041
Epoch 11 Step 401 Train Loss: 0.5429
Epoch 11 Step 451 Train Loss: 0.4870
Epoch 11 Step 501 Train Loss: 0.4121
Epoch 11 Step 551 Train Loss: 0.5469
Epoch 11 Step 601 Train Loss: 0.5600
Epoch 11 Step 651 Train Loss: 0.4959
Epoch 11 Step 701 Train Loss: 0.5072
Epoch 11 Step 751 Train Loss: 0.5210
Epoch 11 Step 801 Train Loss: 0.4776
Epoch 11 Step 851 Train Loss: 0.4502
Epoch 11 Step 901 Train Loss: 0.5046
Epoch 11 Step 951 Train Loss: 0.5627
Epoch 11 Step 1001 Train Loss: 0.4091
Epoch 11 Step 1051 Train Loss: 0.4046
Epoch 11 Step 1101 Train Loss: 0.5139
Epoch 11 Step 1151 Train Loss: 0.5895
Epoch 11 Step 1201 Train Loss: 0.3909
Epoch 11 Step 1251 Train Loss: 0.4590
Epoch 11 Step 1301 Train Loss: 0.4997
Epoch 11 Step 1351 Train Loss: 0.5795
Epoch 11 Step 1401 Train Loss: 0.5653
Epoch 11 Step 1451 Train Loss: 0.4805
Epoch 11 Step 1501 Train Loss: 0.4639
Epoch 11 Step 1551 Train Loss: 0.4222
Epoch 11: Train Overall MSE: 0.0047 Validation Overall MSE: 0.0048. 
Train Top 20 DE MSE: 0.3767 Validation Top 20 DE MSE: 0.4640. 
Epoch 12 Step 1 Train Loss: 0.5166
Epoch 12 Step 51 Train Loss: 0.5285
Epoch 12 Step 101 Train Loss: 0.4749
Epoch 12 Step 151 Train Loss: 0.4501
Epoch 12 Step 201 Train Loss: 0.4513
Epoch 12 Step 251 Train Loss: 0.4661
Epoch 12 Step 301 Train Loss: 0.5211
Epoch 12 Step 351 Train Loss: 0.6697
Epoch 12 Step 401 Train Loss: 0.4927
Epoch 12 Step 451 Train Loss: 0.4830
Epoch 12 Step 501 Train Loss: 0.4367
Epoch 12 Step 551 Train Loss: 0.4496
Epoch 12 Step 601 Train Loss: 0.4627
Epoch 12 Step 651 Train Loss: 0.4322
Epoch 12 Step 701 Train Loss: 0.4851
Epoch 12 Step 751 Train Loss: 0.5031
Epoch 12 Step 801 Train Loss: 0.4371
Epoch 12 Step 851 Train Loss: 0.4809
Epoch 12 Step 901 Train Loss: 0.4291
Epoch 12 Step 951 Train Loss: 0.5474
Epoch 12 Step 1001 Train Loss: 0.4491
Epoch 12 Step 1051 Train Loss: 0.4769
Epoch 12 Step 1101 Train Loss: 0.5750
Epoch 12 Step 1151 Train Loss: 0.3960
Epoch 12 Step 1201 Train Loss: 0.4418
Epoch 12 Step 1251 Train Loss: 0.5269
Epoch 12 Step 1301 Train Loss: 0.4757
Epoch 12 Step 1351 Train Loss: 0.4139
Epoch 12 Step 1401 Train Loss: 0.5426
Epoch 12 Step 1451 Train Loss: 0.4907
Epoch 12 Step 1501 Train Loss: 0.3778
Epoch 12 Step 1551 Train Loss: 0.4177
Epoch 12: Train Overall MSE: 0.0047 Validation Overall MSE: 0.0049. 
Train Top 20 DE MSE: 0.3741 Validation Top 20 DE MSE: 0.4599. 
Epoch 13 Step 1 Train Loss: 0.5222
Epoch 13 Step 51 Train Loss: 0.4530
Epoch 13 Step 101 Train Loss: 0.5865
Epoch 13 Step 151 Train Loss: 0.4641
Epoch 13 Step 201 Train Loss: 0.4421
Epoch 13 Step 251 Train Loss: 0.4581
Epoch 13 Step 301 Train Loss: 0.4612
Epoch 13 Step 351 Train Loss: 0.4266
Epoch 13 Step 401 Train Loss: 0.5298
Epoch 13 Step 451 Train Loss: 0.4168
Epoch 13 Step 501 Train Loss: 0.5675
Epoch 13 Step 551 Train Loss: 0.4116
Epoch 13 Step 601 Train Loss: 0.5615
Epoch 13 Step 651 Train Loss: 0.6001
Epoch 13 Step 701 Train Loss: 0.5572
Epoch 13 Step 751 Train Loss: 0.4896
Epoch 13 Step 801 Train Loss: 0.5399
Epoch 13 Step 851 Train Loss: 0.4483
Epoch 13 Step 901 Train Loss: 0.6884
Epoch 13 Step 951 Train Loss: 0.4450
Epoch 13 Step 1001 Train Loss: 0.4211
Epoch 13 Step 1051 Train Loss: 0.4457
Epoch 13 Step 1101 Train Loss: 0.4352
Epoch 13 Step 1151 Train Loss: 0.5598
Epoch 13 Step 1201 Train Loss: 0.4819
Epoch 13 Step 1251 Train Loss: 0.5441
Epoch 13 Step 1301 Train Loss: 0.5855
Epoch 13 Step 1351 Train Loss: 0.4493
Epoch 13 Step 1401 Train Loss: 0.3943
Epoch 13 Step 1451 Train Loss: 0.5214
Epoch 13 Step 1501 Train Loss: 0.6107
Epoch 13 Step 1551 Train Loss: 0.4608
Epoch 13: Train Overall MSE: 0.0047 Validation Overall MSE: 0.0048. 
Train Top 20 DE MSE: 0.3744 Validation Top 20 DE MSE: 0.4622. 
Epoch 14 Step 1 Train Loss: 0.5624
Epoch 14 Step 51 Train Loss: 0.4241
Epoch 14 Step 101 Train Loss: 0.4359
Epoch 14 Step 151 Train Loss: 0.5092
Epoch 14 Step 201 Train Loss: 0.5354
Epoch 14 Step 251 Train Loss: 0.4892
Epoch 14 Step 301 Train Loss: 0.4537
Epoch 14 Step 351 Train Loss: 0.4057
Epoch 14 Step 401 Train Loss: 0.4058
Epoch 14 Step 451 Train Loss: 0.4996
Epoch 14 Step 501 Train Loss: 0.3981
Epoch 14 Step 551 Train Loss: 0.5076
Epoch 14 Step 601 Train Loss: 0.5287
Epoch 14 Step 651 Train Loss: 0.4502
Epoch 14 Step 701 Train Loss: 0.5179
Epoch 14 Step 751 Train Loss: 0.5528
Epoch 14 Step 801 Train Loss: 0.4079
Epoch 14 Step 851 Train Loss: 0.4383
Epoch 14 Step 901 Train Loss: 0.4723
Epoch 14 Step 951 Train Loss: 0.5436
Epoch 14 Step 1001 Train Loss: 0.4616
Epoch 14 Step 1051 Train Loss: 0.3840
Epoch 14 Step 1101 Train Loss: 0.4212
Epoch 14 Step 1151 Train Loss: 0.4770
Epoch 14 Step 1201 Train Loss: 0.4704
Epoch 14 Step 1251 Train Loss: 0.4994
Epoch 14 Step 1301 Train Loss: 0.5254
Epoch 14 Step 1351 Train Loss: 0.5535
Epoch 14 Step 1401 Train Loss: 0.4234
Epoch 14 Step 1451 Train Loss: 0.4804
Epoch 14 Step 1501 Train Loss: 0.6428
Epoch 14 Step 1551 Train Loss: 0.6107
Epoch 14: Train Overall MSE: 0.0047 Validation Overall MSE: 0.0048. 
Train Top 20 DE MSE: 0.3770 Validation Top 20 DE MSE: 0.4644. 
Done!
Start Testing...
Best performing model: Test Top 20 DE MSE: 0.4189
Start doing subgroup analysis for simulation split...
test_combo_seen0_mse: 0.007904008
test_combo_seen0_pearson: 0.9758039551213812
test_combo_seen0_mse_de: 0.36305815
test_combo_seen0_pearson_de: 0.694849839938494
test_combo_seen1_mse: 0.00952909
test_combo_seen1_pearson: 0.9712540597931814
test_combo_seen1_mse_de: 0.4573516
test_combo_seen1_pearson_de: 0.739250179856373
test_combo_seen2_mse: 0.0070079155
test_combo_seen2_pearson: 0.9788095837836297
test_combo_seen2_mse_de: 0.5782913
test_combo_seen2_pearson_de: 0.8039125665007208
test_unseen_single_mse: 0.0042674528
test_unseen_single_pearson: 0.9870272423143684
test_unseen_single_mse_de: 0.30293572
test_unseen_single_pearson_de: 0.8476522434129189
test_combo_seen0_pearson_delta: 0.12495873379255817
test_combo_seen0_frac_opposite_direction_top20_non_dropout: 0.3833333333333333
test_combo_seen0_frac_sigma_below_1_non_dropout: 0.5722222222222223
test_combo_seen0_mse_top20_de_non_dropout: 0.5866107
test_combo_seen1_pearson_delta: 0.12965787378718277
test_combo_seen1_frac_opposite_direction_top20_non_dropout: 0.35930232558139535
test_combo_seen1_frac_sigma_below_1_non_dropout: 0.47674418604651164
test_combo_seen1_mse_top20_de_non_dropout: 0.6551622
test_combo_seen2_pearson_delta: 0.1350687238479451
test_combo_seen2_frac_opposite_direction_top20_non_dropout: 0.36578947368421055
test_combo_seen2_frac_sigma_below_1_non_dropout: 0.5394736842105264
test_combo_seen2_mse_top20_de_non_dropout: 0.608013
test_unseen_single_pearson_delta: -0.0060567335344151344
test_unseen_single_frac_opposite_direction_top20_non_dropout: 0.47083333333333344
test_unseen_single_frac_sigma_below_1_non_dropout: 0.7958333333333333
test_unseen_single_mse_top20_de_non_dropout: 0.33777907
Done!
[I 2026-03-07 20:58:06,261] Trial 2 finished with value: 0.4189 and parameters: {'hidden_size': 8, 'epochs': 14, 'lr': 2.4900208186207445e-06, 'weight_decay': 0.00010086090098685986}. Best is trial 1 with value: 0.4029.
here1
all the data have been prepared
model has been trained. saving model now ...
[OK] saved model to: bys/hs8_ep14_lr1.53e-06_wd8.54e-08
[OK] saved metrics.json to: bys/hs8_ep14_lr1.53e-06_wd8.54e-08
[OK] saved pert_metrics.csv to: bys/hs8_ep14_lr1.53e-06_wd8.54e-08
model has been trained. saving model now ...
[OK] saved model to: bys/hs16_ep31_lr2.56e-06_wd2.46e-04
[OK] saved metrics.json to: bys/hs16_ep31_lr2.56e-06_wd2.46e-04
[OK] saved pert_metrics.csv to: bys/hs16_ep31_lr2.56e-06_wd2.46e-04
model has been trained. saving model now ...
[OK] saved model to: bys/hs8_ep14_lr2.49e-06_wd1.01e-04
[OK] saved metrics.json to: bys/hs8_ep14_lr2.49e-06_wd1.01e-04
[OK] saved pert_metrics.csv to: bys/hs8_ep14_lr2.49e-06_wd1.01e-04
Best trial:
  Value: 0.4029
  Params: {'hidden_size': 16, 'epochs': 31, 'lr': 2.5639201733163117e-06, 'weight_decay': 0.00024580300161477673}
Elapsed: 21804 s
